<?xml version="1.0" encoding="UTF-8"?>
<robot generator="Robot 5.0.1 (Python 3.10.6 on win32)" generated="20220823 14:04:03.120" rpa="false" schemaversion="3">
<suite id="s1" name="Teste2" source="C:\Users\Arlison\Desktop\RobotFramework\Revisão\WebTest\teste2.robot">
<test id="s1-t1" name="TC-01 - teste" line="14">
<kw name="Abrir navegador" type="SETUP">
<kw name="Open Browser" library="SeleniumLibrary">
<arg>browser=${BROWSER}</arg>
<doc>Opens a new browser instance to the optional ``url``.</doc>
<msg timestamp="20220823 14:04:04.174" level="INFO">Opening browser 'firefox' to base url 'None'.</msg>
<msg timestamp="20220823 14:04:04.204" level="INFO">Firefox driver log is always forced to to: C:\Users\Arlison\Desktop\RobotFramework\Revisão\WebTest\results\geckodriver-94.log</msg>
<status status="PASS" starttime="20220823 14:04:04.173" endtime="20220823 14:04:12.628"/>
</kw>
<kw name="Maximize Browser Window" library="SeleniumLibrary">
<doc>Maximizes current browser window.</doc>
<status status="PASS" starttime="20220823 14:04:12.628" endtime="20220823 14:04:12.897"/>
</kw>
<status status="PASS" starttime="20220823 14:04:04.170" endtime="20220823 14:04:12.898"/>
</kw>
<kw name="acessar site">
<kw name="Go To" library="SeleniumLibrary">
<arg>${URL}</arg>
<doc>Navigates the current browser window to the provided ``url``.</doc>
<msg timestamp="20220823 14:04:12.936" level="INFO">Opening url 'https://dluccz.github.io/call-gemidao-zap/'</msg>
<status status="PASS" starttime="20220823 14:04:12.935" endtime="20220823 14:04:14.927"/>
</kw>
<status status="PASS" starttime="20220823 14:04:12.934" endtime="20220823 14:04:14.927"/>
</kw>
<kw name="preencher">
<kw name="Input Text" library="SeleniumLibrary">
<arg>//input[contains(@id,'from')]</arg>
<arg>123456789</arg>
<doc>Types the given ``text`` into the text field identified by ``locator``.</doc>
<msg timestamp="20220823 14:04:14.958" level="INFO">Typing text '123456789' into text field '//input[contains(@id,'from')]'.</msg>
<status status="PASS" starttime="20220823 14:04:14.958" endtime="20220823 14:04:15.114"/>
</kw>
<kw name="Input Text" library="SeleniumLibrary">
<arg>//input[contains(@id,'to')]</arg>
<arg>101112131415</arg>
<doc>Types the given ``text`` into the text field identified by ``locator``.</doc>
<msg timestamp="20220823 14:04:15.114" level="INFO">Typing text '101112131415' into text field '//input[contains(@id,'to')]'.</msg>
<status status="PASS" starttime="20220823 14:04:15.114" endtime="20220823 14:04:15.179"/>
</kw>
<status status="PASS" starttime="20220823 14:04:14.958" endtime="20220823 14:04:15.180"/>
</kw>
<kw name="clicar no botão">
<kw name="Click Element" library="SeleniumLibrary">
<arg>${BTN}</arg>
<doc>Click the element identified by ``locator``.</doc>
<msg timestamp="20220823 14:04:15.277" level="INFO">Clicking element '//button[contains(@id,'send')]'.</msg>
<status status="PASS" starttime="20220823 14:04:15.274" endtime="20220823 14:04:15.555"/>
</kw>
<status status="PASS" starttime="20220823 14:04:15.261" endtime="20220823 14:04:15.556"/>
</kw>
<kw name="repetir">
<kw name="Repeat Keyword" library="BuiltIn">
<arg>5000</arg>
<arg>clicar no botão</arg>
<doc>Executes the specified keyword multiple times.</doc>
<msg timestamp="20220823 14:04:15.605" level="INFO">Repeating keyword, round 1/5000.</msg>
<kw name="clicar no botão">
<kw name="Click Element" library="SeleniumLibrary">
<arg>${BTN}</arg>
<doc>Click the element identified by ``locator``.</doc>
<msg timestamp="20220823 14:04:15.608" level="INFO">Clicking element '//button[contains(@id,'send')]'.</msg>
<status status="PASS" starttime="20220823 14:04:15.607" endtime="20220823 14:04:15.851"/>
</kw>
<status status="PASS" starttime="20220823 14:04:15.605" endtime="20220823 14:04:15.852"/>
</kw>
<msg timestamp="20220823 14:04:15.852" level="INFO">Repeating keyword, round 2/5000.</msg>
<kw name="clicar no botão">
<kw name="Click Element" library="SeleniumLibrary">
<arg>${BTN}</arg>
<doc>Click the element identified by ``locator``.</doc>
<msg timestamp="20220823 14:04:15.855" level="INFO">Clicking element '//button[contains(@id,'send')]'.</msg>
<status status="PASS" starttime="20220823 14:04:15.853" endtime="20220823 14:04:16.090"/>
</kw>
<status status="PASS" starttime="20220823 14:04:15.852" endtime="20220823 14:04:16.090"/>
</kw>
<msg timestamp="20220823 14:04:16.090" level="INFO">Repeating keyword, round 3/5000.</msg>
<kw name="clicar no botão">
<kw name="Click Element" library="SeleniumLibrary">
<arg>${BTN}</arg>
<doc>Click the element identified by ``locator``.</doc>
<msg timestamp="20220823 14:04:16.090" level="INFO">Clicking element '//button[contains(@id,'send')]'.</msg>
<status status="PASS" starttime="20220823 14:04:16.090" endtime="20220823 14:04:16.340"/>
</kw>
<status status="PASS" starttime="20220823 14:04:16.090" endtime="20220823 14:04:16.340"/>
</kw>
<msg timestamp="20220823 14:04:16.340" level="INFO">Repeating keyword, round 4/5000.</msg>
<kw name="clicar no botão">
<kw name="Click Element" library="SeleniumLibrary">
<arg>${BTN}</arg>
<doc>Click the element identified by ``locator``.</doc>
<msg timestamp="20220823 14:04:16.340" level="INFO">Clicking element '//button[contains(@id,'send')]'.</msg>
<status status="PASS" starttime="20220823 14:04:16.340" endtime="20220823 14:04:16.583"/>
</kw>
<status status="PASS" starttime="20220823 14:04:16.340" endtime="20220823 14:04:16.583"/>
</kw>
<msg timestamp="20220823 14:04:16.583" level="INFO">Repeating keyword, round 5/5000.</msg>
<kw name="clicar no botão">
<kw name="Click Element" library="SeleniumLibrary">
<arg>${BTN}</arg>
<doc>Click the element identified by ``locator``.</doc>
<msg timestamp="20220823 14:04:16.583" level="INFO">Clicking element '//button[contains(@id,'send')]'.</msg>
<status status="PASS" starttime="20220823 14:04:16.583" endtime="20220823 14:04:16.847"/>
</kw>
<status status="PASS" starttime="20220823 14:04:16.583" endtime="20220823 14:04:16.847"/>
</kw>
<msg timestamp="20220823 14:04:16.847" level="INFO">Repeating keyword, round 6/5000.</msg>
<kw name="clicar no botão">
<kw name="Click Element" library="SeleniumLibrary">
<arg>${BTN}</arg>
<doc>Click the element identified by ``locator``.</doc>
<msg timestamp="20220823 14:04:16.847" level="INFO">Clicking element '//button[contains(@id,'send')]'.</msg>
<status status="PASS" starttime="20220823 14:04:16.847" endtime="20220823 14:04:17.105"/>
</kw>
<status status="PASS" starttime="20220823 14:04:16.847" endtime="20220823 14:04:17.105"/>
</kw>
<msg timestamp="20220823 14:04:17.105" level="INFO">Repeating keyword, round 7/5000.</msg>
<kw name="clicar no botão">
<kw name="Click Element" library="SeleniumLibrary">
<arg>${BTN}</arg>
<doc>Click the element identified by ``locator``.</doc>
<msg timestamp="20220823 14:04:17.105" level="INFO">Clicking element '//button[contains(@id,'send')]'.</msg>
<status status="PASS" starttime="20220823 14:04:17.105" endtime="20220823 14:04:17.356"/>
</kw>
<status status="PASS" starttime="20220823 14:04:17.105" endtime="20220823 14:04:17.356"/>
</kw>
<msg timestamp="20220823 14:04:17.356" level="INFO">Repeating keyword, round 8/5000.</msg>
<kw name="clicar no botão">
<kw name="Click Element" library="SeleniumLibrary">
<arg>${BTN}</arg>
<doc>Click the element identified by ``locator``.</doc>
<msg timestamp="20220823 14:04:17.356" level="INFO">Clicking element '//button[contains(@id,'send')]'.</msg>
<status status="PASS" starttime="20220823 14:04:17.356" endtime="20220823 14:04:17.625"/>
</kw>
<status status="PASS" starttime="20220823 14:04:17.356" endtime="20220823 14:04:17.625"/>
</kw>
<msg timestamp="20220823 14:04:17.625" level="INFO">Repeating keyword, round 9/5000.</msg>
<kw name="clicar no botão">
<kw name="Click Element" library="SeleniumLibrary">
<arg>${BTN}</arg>
<doc>Click the element identified by ``locator``.</doc>
<msg timestamp="20220823 14:04:17.625" level="INFO">Clicking element '//button[contains(@id,'send')]'.</msg>
<status status="PASS" starttime="20220823 14:04:17.625" endtime="20220823 14:04:17.894"/>
</kw>
<status status="PASS" starttime="20220823 14:04:17.625" endtime="20220823 14:04:17.894"/>
</kw>
<msg timestamp="20220823 14:04:17.894" level="INFO">Repeating keyword, round 10/5000.</msg>
<kw name="clicar no botão">
<kw name="Click Element" library="SeleniumLibrary">
<arg>${BTN}</arg>
<doc>Click the element identified by ``locator``.</doc>
<msg timestamp="20220823 14:04:17.894" level="INFO">Clicking element '//button[contains(@id,'send')]'.</msg>
<status status="PASS" starttime="20220823 14:04:17.894" endtime="20220823 14:04:18.182"/>
</kw>
<status status="PASS" starttime="20220823 14:04:17.894" endtime="20220823 14:04:18.182"/>
</kw>
<msg timestamp="20220823 14:04:18.182" level="INFO">Repeating keyword, round 11/5000.</msg>
<kw name="clicar no botão">
<kw name="Click Element" library="SeleniumLibrary">
<arg>${BTN}</arg>
<doc>Click the element identified by ``locator``.</doc>
<msg timestamp="20220823 14:04:18.182" level="INFO">Clicking element '//button[contains(@id,'send')]'.</msg>
<status status="PASS" starttime="20220823 14:04:18.182" endtime="20220823 14:04:18.434"/>
</kw>
<status status="PASS" starttime="20220823 14:04:18.182" endtime="20220823 14:04:18.434"/>
</kw>
<msg timestamp="20220823 14:04:18.434" level="INFO">Repeating keyword, round 12/5000.</msg>
<kw name="clicar no botão">
<kw name="Click Element" library="SeleniumLibrary">
<arg>${BTN}</arg>
<doc>Click the element identified by ``locator``.</doc>
<msg timestamp="20220823 14:04:18.434" level="INFO">Clicking element '//button[contains(@id,'send')]'.</msg>
<status status="PASS" starttime="20220823 14:04:18.434" endtime="20220823 14:04:18.684"/>
</kw>
<status status="PASS" starttime="20220823 14:04:18.434" endtime="20220823 14:04:18.684"/>
</kw>
<msg timestamp="20220823 14:04:18.684" level="INFO">Repeating keyword, round 13/5000.</msg>
<kw name="clicar no botão">
<kw name="Click Element" library="SeleniumLibrary">
<arg>${BTN}</arg>
<doc>Click the element identified by ``locator``.</doc>
<msg timestamp="20220823 14:04:18.684" level="INFO">Clicking element '//button[contains(@id,'send')]'.</msg>
<status status="PASS" starttime="20220823 14:04:18.684" endtime="20220823 14:04:18.974"/>
</kw>
<status status="PASS" starttime="20220823 14:04:18.684" endtime="20220823 14:04:18.975"/>
</kw>
<msg timestamp="20220823 14:04:18.976" level="INFO">Repeating keyword, round 14/5000.</msg>
<kw name="clicar no botão">
<kw name="Click Element" library="SeleniumLibrary">
<arg>${BTN}</arg>
<doc>Click the element identified by ``locator``.</doc>
<msg timestamp="20220823 14:04:18.978" level="INFO">Clicking element '//button[contains(@id,'send')]'.</msg>
<status status="PASS" starttime="20220823 14:04:18.977" endtime="20220823 14:04:19.225"/>
</kw>
<status status="PASS" starttime="20220823 14:04:18.976" endtime="20220823 14:04:19.225"/>
</kw>
<msg timestamp="20220823 14:04:19.225" level="INFO">Repeating keyword, round 15/5000.</msg>
<kw name="clicar no botão">
<kw name="Click Element" library="SeleniumLibrary">
<arg>${BTN}</arg>
<doc>Click the element identified by ``locator``.</doc>
<msg timestamp="20220823 14:04:19.225" level="INFO">Clicking element '//button[contains(@id,'send')]'.</msg>
<status status="PASS" starttime="20220823 14:04:19.225" endtime="20220823 14:04:19.480"/>
</kw>
<status status="PASS" starttime="20220823 14:04:19.225" endtime="20220823 14:04:19.480"/>
</kw>
<msg timestamp="20220823 14:04:19.480" level="INFO">Repeating keyword, round 16/5000.</msg>
<kw name="clicar no botão">
<kw name="Click Element" library="SeleniumLibrary">
<arg>${BTN}</arg>
<doc>Click the element identified by ``locator``.</doc>
<msg timestamp="20220823 14:04:19.480" level="INFO">Clicking element '//button[contains(@id,'send')]'.</msg>
<status status="PASS" starttime="20220823 14:04:19.480" endtime="20220823 14:04:19.739"/>
</kw>
<status status="PASS" starttime="20220823 14:04:19.480" endtime="20220823 14:04:19.739"/>
</kw>
<msg timestamp="20220823 14:04:19.739" level="INFO">Repeating keyword, round 17/5000.</msg>
<kw name="clicar no botão">
<kw name="Click Element" library="SeleniumLibrary">
<arg>${BTN}</arg>
<doc>Click the element identified by ``locator``.</doc>
<msg timestamp="20220823 14:04:19.739" level="INFO">Clicking element '//button[contains(@id,'send')]'.</msg>
<status status="PASS" starttime="20220823 14:04:19.739" endtime="20220823 14:04:20.010"/>
</kw>
<status status="PASS" starttime="20220823 14:04:19.739" endtime="20220823 14:04:20.010"/>
</kw>
<msg timestamp="20220823 14:04:20.010" level="INFO">Repeating keyword, round 18/5000.</msg>
<kw name="clicar no botão">
<kw name="Click Element" library="SeleniumLibrary">
<arg>${BTN}</arg>
<doc>Click the element identified by ``locator``.</doc>
<msg timestamp="20220823 14:04:20.010" level="INFO">Clicking element '//button[contains(@id,'send')]'.</msg>
<status status="PASS" starttime="20220823 14:04:20.010" endtime="20220823 14:04:20.263"/>
</kw>
<status status="PASS" starttime="20220823 14:04:20.010" endtime="20220823 14:04:20.263"/>
</kw>
<msg timestamp="20220823 14:04:20.263" level="INFO">Repeating keyword, round 19/5000.</msg>
<kw name="clicar no botão">
<kw name="Click Element" library="SeleniumLibrary">
<arg>${BTN}</arg>
<doc>Click the element identified by ``locator``.</doc>
<msg timestamp="20220823 14:04:20.263" level="INFO">Clicking element '//button[contains(@id,'send')]'.</msg>
<status status="PASS" starttime="20220823 14:04:20.263" endtime="20220823 14:04:20.514"/>
</kw>
<status status="PASS" starttime="20220823 14:04:20.263" endtime="20220823 14:04:20.514"/>
</kw>
<msg timestamp="20220823 14:04:20.514" level="INFO">Repeating keyword, round 20/5000.</msg>
<kw name="clicar no botão">
<kw name="Click Element" library="SeleniumLibrary">
<arg>${BTN}</arg>
<doc>Click the element identified by ``locator``.</doc>
<msg timestamp="20220823 14:04:20.514" level="INFO">Clicking element '//button[contains(@id,'send')]'.</msg>
<status status="PASS" starttime="20220823 14:04:20.514" endtime="20220823 14:04:20.776"/>
</kw>
<status status="PASS" starttime="20220823 14:04:20.514" endtime="20220823 14:04:20.776"/>
</kw>
<msg timestamp="20220823 14:04:20.776" level="INFO">Repeating keyword, round 21/5000.</msg>
<kw name="clicar no botão">
<kw name="Click Element" library="SeleniumLibrary">
<arg>${BTN}</arg>
<doc>Click the element identified by ``locator``.</doc>
<msg timestamp="20220823 14:04:20.776" level="INFO">Clicking element '//button[contains(@id,'send')]'.</msg>
<status status="PASS" starttime="20220823 14:04:20.776" endtime="20220823 14:04:21.019"/>
</kw>
<status status="PASS" starttime="20220823 14:04:20.776" endtime="20220823 14:04:21.019"/>
</kw>
<msg timestamp="20220823 14:04:21.019" level="INFO">Repeating keyword, round 22/5000.</msg>
<kw name="clicar no botão">
<kw name="Click Element" library="SeleniumLibrary">
<arg>${BTN}</arg>
<doc>Click the element identified by ``locator``.</doc>
<msg timestamp="20220823 14:04:21.019" level="INFO">Clicking element '//button[contains(@id,'send')]'.</msg>
<status status="PASS" starttime="20220823 14:04:21.019" endtime="20220823 14:04:21.268"/>
</kw>
<status status="PASS" starttime="20220823 14:04:21.019" endtime="20220823 14:04:21.268"/>
</kw>
<msg timestamp="20220823 14:04:21.268" level="INFO">Repeating keyword, round 23/5000.</msg>
<kw name="clicar no botão">
<kw name="Click Element" library="SeleniumLibrary">
<arg>${BTN}</arg>
<doc>Click the element identified by ``locator``.</doc>
<msg timestamp="20220823 14:04:21.268" level="INFO">Clicking element '//button[contains(@id,'send')]'.</msg>
<status status="PASS" starttime="20220823 14:04:21.268" endtime="20220823 14:04:21.523"/>
</kw>
<status status="PASS" starttime="20220823 14:04:21.268" endtime="20220823 14:04:21.523"/>
</kw>
<msg timestamp="20220823 14:04:21.523" level="INFO">Repeating keyword, round 24/5000.</msg>
<kw name="clicar no botão">
<kw name="Click Element" library="SeleniumLibrary">
<arg>${BTN}</arg>
<doc>Click the element identified by ``locator``.</doc>
<msg timestamp="20220823 14:04:21.523" level="INFO">Clicking element '//button[contains(@id,'send')]'.</msg>
<status status="PASS" starttime="20220823 14:04:21.523" endtime="20220823 14:04:21.778"/>
</kw>
<status status="PASS" starttime="20220823 14:04:21.523" endtime="20220823 14:04:21.778"/>
</kw>
<msg timestamp="20220823 14:04:21.778" level="INFO">Repeating keyword, round 25/5000.</msg>
<kw name="clicar no botão">
<kw name="Click Element" library="SeleniumLibrary">
<arg>${BTN}</arg>
<doc>Click the element identified by ``locator``.</doc>
<msg timestamp="20220823 14:04:21.778" level="INFO">Clicking element '//button[contains(@id,'send')]'.</msg>
<status status="PASS" starttime="20220823 14:04:21.778" endtime="20220823 14:04:22.092"/>
</kw>
<status status="PASS" starttime="20220823 14:04:21.778" endtime="20220823 14:04:22.092"/>
</kw>
<msg timestamp="20220823 14:04:22.092" level="INFO">Repeating keyword, round 26/5000.</msg>
<kw name="clicar no botão">
<kw name="Click Element" library="SeleniumLibrary">
<arg>${BTN}</arg>
<doc>Click the element identified by ``locator``.</doc>
<msg timestamp="20220823 14:04:22.092" level="INFO">Clicking element '//button[contains(@id,'send')]'.</msg>
<status status="PASS" starttime="20220823 14:04:22.092" endtime="20220823 14:04:22.376"/>
</kw>
<status status="PASS" starttime="20220823 14:04:22.092" endtime="20220823 14:04:22.376"/>
</kw>
<msg timestamp="20220823 14:04:22.376" level="INFO">Repeating keyword, round 27/5000.</msg>
<kw name="clicar no botão">
<kw name="Click Element" library="SeleniumLibrary">
<arg>${BTN}</arg>
<doc>Click the element identified by ``locator``.</doc>
<msg timestamp="20220823 14:04:22.376" level="INFO">Clicking element '//button[contains(@id,'send')]'.</msg>
<status status="PASS" starttime="20220823 14:04:22.376" endtime="20220823 14:04:22.627"/>
</kw>
<status status="PASS" starttime="20220823 14:04:22.376" endtime="20220823 14:04:22.627"/>
</kw>
<msg timestamp="20220823 14:04:22.627" level="INFO">Repeating keyword, round 28/5000.</msg>
<kw name="clicar no botão">
<kw name="Click Element" library="SeleniumLibrary">
<arg>${BTN}</arg>
<doc>Click the element identified by ``locator``.</doc>
<msg timestamp="20220823 14:04:22.627" level="INFO">Clicking element '//button[contains(@id,'send')]'.</msg>
<status status="PASS" starttime="20220823 14:04:22.627" endtime="20220823 14:04:22.892"/>
</kw>
<status status="PASS" starttime="20220823 14:04:22.627" endtime="20220823 14:04:22.892"/>
</kw>
<msg timestamp="20220823 14:04:22.893" level="INFO">Repeating keyword, round 29/5000.</msg>
<kw name="clicar no botão">
<kw name="Click Element" library="SeleniumLibrary">
<arg>${BTN}</arg>
<doc>Click the element identified by ``locator``.</doc>
<msg timestamp="20220823 14:04:22.898" level="INFO">Clicking element '//button[contains(@id,'send')]'.</msg>
<status status="PASS" starttime="20220823 14:04:22.894" endtime="20220823 14:04:23.170"/>
</kw>
<status status="PASS" starttime="20220823 14:04:22.893" endtime="20220823 14:04:23.171"/>
</kw>
<msg timestamp="20220823 14:04:23.171" level="INFO">Repeating keyword, round 30/5000.</msg>
<kw name="clicar no botão">
<kw name="Click Element" library="SeleniumLibrary">
<arg>${BTN}</arg>
<doc>Click the element identified by ``locator``.</doc>
<msg timestamp="20220823 14:04:23.178" level="INFO">Clicking element '//button[contains(@id,'send')]'.</msg>
<status status="PASS" starttime="20220823 14:04:23.174" endtime="20220823 14:04:23.517"/>
</kw>
<status status="PASS" starttime="20220823 14:04:23.173" endtime="20220823 14:04:23.518"/>
</kw>
<msg timestamp="20220823 14:04:23.518" level="INFO">Repeating keyword, round 31/5000.</msg>
<kw name="clicar no botão">
<kw name="Click Element" library="SeleniumLibrary">
<arg>${BTN}</arg>
<doc>Click the element identified by ``locator``.</doc>
<msg timestamp="20220823 14:04:23.521" level="INFO">Clicking element '//button[contains(@id,'send')]'.</msg>
<status status="PASS" starttime="20220823 14:04:23.520" endtime="20220823 14:04:23.861"/>
</kw>
<status status="PASS" starttime="20220823 14:04:23.519" endtime="20220823 14:04:23.862"/>
</kw>
<msg timestamp="20220823 14:04:23.862" level="INFO">Repeating keyword, round 32/5000.</msg>
<kw name="clicar no botão">
<kw name="Click Element" library="SeleniumLibrary">
<arg>${BTN}</arg>
<doc>Click the element identified by ``locator``.</doc>
<msg timestamp="20220823 14:04:23.866" level="INFO">Clicking element '//button[contains(@id,'send')]'.</msg>
<status status="PASS" starttime="20220823 14:04:23.865" endtime="20220823 14:04:24.190"/>
</kw>
<status status="PASS" starttime="20220823 14:04:23.864" endtime="20220823 14:04:24.191"/>
</kw>
<msg timestamp="20220823 14:04:24.191" level="INFO">Repeating keyword, round 33/5000.</msg>
<kw name="clicar no botão">
<kw name="Click Element" library="SeleniumLibrary">
<arg>${BTN}</arg>
<doc>Click the element identified by ``locator``.</doc>
<msg timestamp="20220823 14:04:24.195" level="INFO">Clicking element '//button[contains(@id,'send')]'.</msg>
<status status="PASS" starttime="20220823 14:04:24.192" endtime="20220823 14:04:24.451"/>
</kw>
<status status="PASS" starttime="20220823 14:04:24.191" endtime="20220823 14:04:24.452"/>
</kw>
<msg timestamp="20220823 14:04:24.452" level="INFO">Repeating keyword, round 34/5000.</msg>
<kw name="clicar no botão">
<kw name="Click Element" library="SeleniumLibrary">
<arg>${BTN}</arg>
<doc>Click the element identified by ``locator``.</doc>
<msg timestamp="20220823 14:04:24.458" level="INFO">Clicking element '//button[contains(@id,'send')]'.</msg>
<status status="PASS" starttime="20220823 14:04:24.454" endtime="20220823 14:04:24.722"/>
</kw>
<status status="PASS" starttime="20220823 14:04:24.453" endtime="20220823 14:04:24.723"/>
</kw>
<msg timestamp="20220823 14:04:24.726" level="INFO">Repeating keyword, round 35/5000.</msg>
<kw name="clicar no botão">
<kw name="Click Element" library="SeleniumLibrary">
<arg>${BTN}</arg>
<doc>Click the element identified by ``locator``.</doc>
<msg timestamp="20220823 14:04:24.728" level="INFO">Clicking element '//button[contains(@id,'send')]'.</msg>
<status status="PASS" starttime="20220823 14:04:24.727" endtime="20220823 14:04:24.999"/>
</kw>
<status status="PASS" starttime="20220823 14:04:24.726" endtime="20220823 14:04:24.999"/>
</kw>
<msg timestamp="20220823 14:04:24.999" level="INFO">Repeating keyword, round 36/5000.</msg>
<kw name="clicar no botão">
<kw name="Click Element" library="SeleniumLibrary">
<arg>${BTN}</arg>
<doc>Click the element identified by ``locator``.</doc>
<msg timestamp="20220823 14:04:25.002" level="INFO">Clicking element '//button[contains(@id,'send')]'.</msg>
<status status="PASS" starttime="20220823 14:04:25.001" endtime="20220823 14:04:25.309"/>
</kw>
<status status="PASS" starttime="20220823 14:04:25.000" endtime="20220823 14:04:25.309"/>
</kw>
<msg timestamp="20220823 14:04:25.310" level="INFO">Repeating keyword, round 37/5000.</msg>
<kw name="clicar no botão">
<kw name="Click Element" library="SeleniumLibrary">
<arg>${BTN}</arg>
<doc>Click the element identified by ``locator``.</doc>
<msg timestamp="20220823 14:04:25.315" level="INFO">Clicking element '//button[contains(@id,'send')]'.</msg>
<status status="PASS" starttime="20220823 14:04:25.311" endtime="20220823 14:04:25.570"/>
</kw>
<status status="PASS" starttime="20220823 14:04:25.310" endtime="20220823 14:04:25.571"/>
</kw>
<msg timestamp="20220823 14:04:25.571" level="INFO">Repeating keyword, round 38/5000.</msg>
<kw name="clicar no botão">
<kw name="Click Element" library="SeleniumLibrary">
<arg>${BTN}</arg>
<doc>Click the element identified by ``locator``.</doc>
<msg timestamp="20220823 14:04:25.574" level="INFO">Clicking element '//button[contains(@id,'send')]'.</msg>
<status status="PASS" starttime="20220823 14:04:25.572" endtime="20220823 14:04:25.829"/>
</kw>
<status status="PASS" starttime="20220823 14:04:25.571" endtime="20220823 14:04:25.830"/>
</kw>
<msg timestamp="20220823 14:04:25.830" level="INFO">Repeating keyword, round 39/5000.</msg>
<kw name="clicar no botão">
<kw name="Click Element" library="SeleniumLibrary">
<arg>${BTN}</arg>
<doc>Click the element identified by ``locator``.</doc>
<msg timestamp="20220823 14:04:25.833" level="INFO">Clicking element '//button[contains(@id,'send')]'.</msg>
<status status="PASS" starttime="20220823 14:04:25.832" endtime="20220823 14:04:26.106"/>
</kw>
<status status="PASS" starttime="20220823 14:04:25.831" endtime="20220823 14:04:26.107"/>
</kw>
<msg timestamp="20220823 14:04:26.107" level="INFO">Repeating keyword, round 40/5000.</msg>
<kw name="clicar no botão">
<kw name="Click Element" library="SeleniumLibrary">
<arg>${BTN}</arg>
<doc>Click the element identified by ``locator``.</doc>
<msg timestamp="20220823 14:04:26.111" level="INFO">Clicking element '//button[contains(@id,'send')]'.</msg>
<status status="PASS" starttime="20220823 14:04:26.110" endtime="20220823 14:04:26.370"/>
</kw>
<status status="PASS" starttime="20220823 14:04:26.107" endtime="20220823 14:04:26.370"/>
</kw>
<msg timestamp="20220823 14:04:26.370" level="INFO">Repeating keyword, round 41/5000.</msg>
<kw name="clicar no botão">
<kw name="Click Element" library="SeleniumLibrary">
<arg>${BTN}</arg>
<doc>Click the element identified by ``locator``.</doc>
<msg timestamp="20220823 14:04:26.373" level="INFO">Clicking element '//button[contains(@id,'send')]'.</msg>
<status status="PASS" starttime="20220823 14:04:26.372" endtime="20220823 14:04:26.636"/>
</kw>
<status status="PASS" starttime="20220823 14:04:26.371" endtime="20220823 14:04:26.637"/>
</kw>
<msg timestamp="20220823 14:04:26.637" level="INFO">Repeating keyword, round 42/5000.</msg>
<kw name="clicar no botão">
<kw name="Click Element" library="SeleniumLibrary">
<arg>${BTN}</arg>
<doc>Click the element identified by ``locator``.</doc>
<msg timestamp="20220823 14:04:26.640" level="INFO">Clicking element '//button[contains(@id,'send')]'.</msg>
<status status="PASS" starttime="20220823 14:04:26.639" endtime="20220823 14:04:26.902"/>
</kw>
<status status="PASS" starttime="20220823 14:04:26.638" endtime="20220823 14:04:26.902"/>
</kw>
<msg timestamp="20220823 14:04:26.902" level="INFO">Repeating keyword, round 43/5000.</msg>
<kw name="clicar no botão">
<kw name="Click Element" library="SeleniumLibrary">
<arg>${BTN}</arg>
<doc>Click the element identified by ``locator``.</doc>
<msg timestamp="20220823 14:04:26.902" level="INFO">Clicking element '//button[contains(@id,'send')]'.</msg>
<status status="PASS" starttime="20220823 14:04:26.902" endtime="20220823 14:04:27.190"/>
</kw>
<status status="PASS" starttime="20220823 14:04:26.902" endtime="20220823 14:04:27.191"/>
</kw>
<msg timestamp="20220823 14:04:27.191" level="INFO">Repeating keyword, round 44/5000.</msg>
<kw name="clicar no botão">
<kw name="Click Element" library="SeleniumLibrary">
<arg>${BTN}</arg>
<doc>Click the element identified by ``locator``.</doc>
<msg timestamp="20220823 14:04:27.193" level="INFO">Clicking element '//button[contains(@id,'send')]'.</msg>
<status status="PASS" starttime="20220823 14:04:27.192" endtime="20220823 14:04:27.518"/>
</kw>
<status status="PASS" starttime="20220823 14:04:27.191" endtime="20220823 14:04:27.519"/>
</kw>
<msg timestamp="20220823 14:04:27.519" level="INFO">Repeating keyword, round 45/5000.</msg>
<kw name="clicar no botão">
<kw name="Click Element" library="SeleniumLibrary">
<arg>${BTN}</arg>
<doc>Click the element identified by ``locator``.</doc>
<msg timestamp="20220823 14:04:27.522" level="INFO">Clicking element '//button[contains(@id,'send')]'.</msg>
<status status="PASS" starttime="20220823 14:04:27.521" endtime="20220823 14:04:27.782"/>
</kw>
<status status="PASS" starttime="20220823 14:04:27.519" endtime="20220823 14:04:27.783"/>
</kw>
<msg timestamp="20220823 14:04:27.783" level="INFO">Repeating keyword, round 46/5000.</msg>
<kw name="clicar no botão">
<kw name="Click Element" library="SeleniumLibrary">
<arg>${BTN}</arg>
<doc>Click the element identified by ``locator``.</doc>
<msg timestamp="20220823 14:04:27.789" level="INFO">Clicking element '//button[contains(@id,'send')]'.</msg>
<status status="PASS" starttime="20220823 14:04:27.788" endtime="20220823 14:04:28.094"/>
</kw>
<status status="PASS" starttime="20220823 14:04:27.787" endtime="20220823 14:04:28.094"/>
</kw>
<msg timestamp="20220823 14:04:28.094" level="INFO">Repeating keyword, round 47/5000.</msg>
<kw name="clicar no botão">
<kw name="Click Element" library="SeleniumLibrary">
<arg>${BTN}</arg>
<doc>Click the element identified by ``locator``.</doc>
<msg timestamp="20220823 14:04:28.094" level="INFO">Clicking element '//button[contains(@id,'send')]'.</msg>
<status status="PASS" starttime="20220823 14:04:28.094" endtime="20220823 14:04:28.422"/>
</kw>
<status status="PASS" starttime="20220823 14:04:28.094" endtime="20220823 14:04:28.423"/>
</kw>
<msg timestamp="20220823 14:04:28.423" level="INFO">Repeating keyword, round 48/5000.</msg>
<kw name="clicar no botão">
<kw name="Click Element" library="SeleniumLibrary">
<arg>${BTN}</arg>
<doc>Click the element identified by ``locator``.</doc>
<msg timestamp="20220823 14:04:28.429" level="INFO">Clicking element '//button[contains(@id,'send')]'.</msg>
<status status="PASS" starttime="20220823 14:04:28.428" endtime="20220823 14:04:28.723"/>
</kw>
<status status="PASS" starttime="20220823 14:04:28.423" endtime="20220823 14:04:28.723"/>
</kw>
<msg timestamp="20220823 14:04:28.727" level="INFO">Repeating keyword, round 49/5000.</msg>
<kw name="clicar no botão">
<kw name="Click Element" library="SeleniumLibrary">
<arg>${BTN}</arg>
<doc>Click the element identified by ``locator``.</doc>
<msg timestamp="20220823 14:04:28.729" level="INFO">Clicking element '//button[contains(@id,'send')]'.</msg>
<status status="PASS" starttime="20220823 14:04:28.728" endtime="20220823 14:04:29.038"/>
</kw>
<status status="PASS" starttime="20220823 14:04:28.727" endtime="20220823 14:04:29.039"/>
</kw>
<msg timestamp="20220823 14:04:29.039" level="INFO">Repeating keyword, round 50/5000.</msg>
<kw name="clicar no botão">
<kw name="Click Element" library="SeleniumLibrary">
<arg>${BTN}</arg>
<doc>Click the element identified by ``locator``.</doc>
<msg timestamp="20220823 14:04:29.042" level="INFO">Clicking element '//button[contains(@id,'send')]'.</msg>
<status status="PASS" starttime="20220823 14:04:29.041" endtime="20220823 14:04:29.347"/>
</kw>
<status status="PASS" starttime="20220823 14:04:29.040" endtime="20220823 14:04:29.348"/>
</kw>
<msg timestamp="20220823 14:04:29.348" level="INFO">Repeating keyword, round 51/5000.</msg>
<kw name="clicar no botão">
<kw name="Click Element" library="SeleniumLibrary">
<arg>${BTN}</arg>
<doc>Click the element identified by ``locator``.</doc>
<msg timestamp="20220823 14:04:29.350" level="INFO">Clicking element '//button[contains(@id,'send')]'.</msg>
<status status="PASS" starttime="20220823 14:04:29.349" endtime="20220823 14:04:29.622"/>
</kw>
<status status="PASS" starttime="20220823 14:04:29.348" endtime="20220823 14:04:29.626"/>
</kw>
<msg timestamp="20220823 14:04:29.626" level="INFO">Repeating keyword, round 52/5000.</msg>
<kw name="clicar no botão">
<kw name="Click Element" library="SeleniumLibrary">
<arg>${BTN}</arg>
<doc>Click the element identified by ``locator``.</doc>
<msg timestamp="20220823 14:04:29.630" level="INFO">Clicking element '//button[contains(@id,'send')]'.</msg>
<status status="PASS" starttime="20220823 14:04:29.628" endtime="20220823 14:04:29.912"/>
</kw>
<status status="PASS" starttime="20220823 14:04:29.627" endtime="20220823 14:04:29.913"/>
</kw>
<msg timestamp="20220823 14:04:29.913" level="INFO">Repeating keyword, round 53/5000.</msg>
<kw name="clicar no botão">
<kw name="Click Element" library="SeleniumLibrary">
<arg>${BTN}</arg>
<doc>Click the element identified by ``locator``.</doc>
<msg timestamp="20220823 14:04:29.919" level="INFO">Clicking element '//button[contains(@id,'send')]'.</msg>
<status status="PASS" starttime="20220823 14:04:29.918" endtime="20220823 14:04:30.205"/>
</kw>
<status status="PASS" starttime="20220823 14:04:29.917" endtime="20220823 14:04:30.206"/>
</kw>
<msg timestamp="20220823 14:04:30.206" level="INFO">Repeating keyword, round 54/5000.</msg>
<kw name="clicar no botão">
<kw name="Click Element" library="SeleniumLibrary">
<arg>${BTN}</arg>
<doc>Click the element identified by ``locator``.</doc>
<msg timestamp="20220823 14:04:30.211" level="INFO">Clicking element '//button[contains(@id,'send')]'.</msg>
<status status="PASS" starttime="20220823 14:04:30.210" endtime="20220823 14:04:30.493"/>
</kw>
<status status="PASS" starttime="20220823 14:04:30.206" endtime="20220823 14:04:30.493"/>
</kw>
<msg timestamp="20220823 14:04:30.494" level="INFO">Repeating keyword, round 55/5000.</msg>
<kw name="clicar no botão">
<kw name="Click Element" library="SeleniumLibrary">
<arg>${BTN}</arg>
<doc>Click the element identified by ``locator``.</doc>
<msg timestamp="20220823 14:04:30.500" level="INFO">Clicking element '//button[contains(@id,'send')]'.</msg>
<status status="PASS" starttime="20220823 14:04:30.499" endtime="20220823 14:04:30.928"/>
</kw>
<status status="PASS" starttime="20220823 14:04:30.494" endtime="20220823 14:04:30.928"/>
</kw>
<msg timestamp="20220823 14:04:30.928" level="INFO">Repeating keyword, round 56/5000.</msg>
<kw name="clicar no botão">
<kw name="Click Element" library="SeleniumLibrary">
<arg>${BTN}</arg>
<doc>Click the element identified by ``locator``.</doc>
<msg timestamp="20220823 14:04:30.928" level="INFO">Clicking element '//button[contains(@id,'send')]'.</msg>
<status status="PASS" starttime="20220823 14:04:30.928" endtime="20220823 14:04:31.264"/>
</kw>
<status status="PASS" starttime="20220823 14:04:30.928" endtime="20220823 14:04:31.264"/>
</kw>
<msg timestamp="20220823 14:04:31.264" level="INFO">Repeating keyword, round 57/5000.</msg>
<kw name="clicar no botão">
<kw name="Click Element" library="SeleniumLibrary">
<arg>${BTN}</arg>
<doc>Click the element identified by ``locator``.</doc>
<msg timestamp="20220823 14:04:31.271" level="INFO">Clicking element '//button[contains(@id,'send')]'.</msg>
<status status="PASS" starttime="20220823 14:04:31.266" endtime="20220823 14:04:31.562"/>
</kw>
<status status="PASS" starttime="20220823 14:04:31.265" endtime="20220823 14:04:31.562"/>
</kw>
<msg timestamp="20220823 14:04:31.562" level="INFO">Repeating keyword, round 58/5000.</msg>
<kw name="clicar no botão">
<kw name="Click Element" library="SeleniumLibrary">
<arg>${BTN}</arg>
<doc>Click the element identified by ``locator``.</doc>
<msg timestamp="20220823 14:04:31.569" level="INFO">Clicking element '//button[contains(@id,'send')]'.</msg>
<status status="PASS" starttime="20220823 14:04:31.564" endtime="20220823 14:04:31.864"/>
</kw>
<status status="PASS" starttime="20220823 14:04:31.563" endtime="20220823 14:04:31.864"/>
</kw>
<msg timestamp="20220823 14:04:31.865" level="INFO">Repeating keyword, round 59/5000.</msg>
<kw name="clicar no botão">
<kw name="Click Element" library="SeleniumLibrary">
<arg>${BTN}</arg>
<doc>Click the element identified by ``locator``.</doc>
<msg timestamp="20220823 14:04:31.872" level="INFO">Clicking element '//button[contains(@id,'send')]'.</msg>
<status status="PASS" starttime="20220823 14:04:31.866" endtime="20220823 14:04:32.142"/>
</kw>
<status status="PASS" starttime="20220823 14:04:31.865" endtime="20220823 14:04:32.142"/>
</kw>
<msg timestamp="20220823 14:04:32.143" level="INFO">Repeating keyword, round 60/5000.</msg>
<kw name="clicar no botão">
<kw name="Click Element" library="SeleniumLibrary">
<arg>${BTN}</arg>
<doc>Click the element identified by ``locator``.</doc>
<msg timestamp="20220823 14:04:32.150" level="INFO">Clicking element '//button[contains(@id,'send')]'.</msg>
<status status="PASS" starttime="20220823 14:04:32.145" endtime="20220823 14:04:32.430"/>
</kw>
<status status="PASS" starttime="20220823 14:04:32.143" endtime="20220823 14:04:32.430"/>
</kw>
<msg timestamp="20220823 14:04:32.430" level="INFO">Repeating keyword, round 61/5000.</msg>
<kw name="clicar no botão">
<kw name="Click Element" library="SeleniumLibrary">
<arg>${BTN}</arg>
<doc>Click the element identified by ``locator``.</doc>
<msg timestamp="20220823 14:04:32.433" level="INFO">Clicking element '//button[contains(@id,'send')]'.</msg>
<status status="PASS" starttime="20220823 14:04:32.432" endtime="20220823 14:04:32.760"/>
</kw>
<status status="PASS" starttime="20220823 14:04:32.431" endtime="20220823 14:04:32.761"/>
</kw>
<msg timestamp="20220823 14:04:32.761" level="INFO">Repeating keyword, round 62/5000.</msg>
<kw name="clicar no botão">
<kw name="Click Element" library="SeleniumLibrary">
<arg>${BTN}</arg>
<doc>Click the element identified by ``locator``.</doc>
<msg timestamp="20220823 14:04:32.783" level="INFO">Clicking element '//button[contains(@id,'send')]'.</msg>
<status status="PASS" starttime="20220823 14:04:32.780" endtime="20220823 14:04:33.240"/>
</kw>
<status status="PASS" starttime="20220823 14:04:32.768" endtime="20220823 14:04:33.240"/>
</kw>
<msg timestamp="20220823 14:04:33.241" level="INFO">Repeating keyword, round 63/5000.</msg>
<kw name="clicar no botão">
<kw name="Click Element" library="SeleniumLibrary">
<arg>${BTN}</arg>
<doc>Click the element identified by ``locator``.</doc>
<msg timestamp="20220823 14:04:33.250" level="INFO">Clicking element '//button[contains(@id,'send')]'.</msg>
<status status="PASS" starttime="20220823 14:04:33.249" endtime="20220823 14:04:33.532"/>
</kw>
<status status="PASS" starttime="20220823 14:04:33.242" endtime="20220823 14:04:33.532"/>
</kw>
<msg timestamp="20220823 14:04:33.532" level="INFO">Repeating keyword, round 64/5000.</msg>
<kw name="clicar no botão">
<kw name="Click Element" library="SeleniumLibrary">
<arg>${BTN}</arg>
<doc>Click the element identified by ``locator``.</doc>
<msg timestamp="20220823 14:04:33.540" level="INFO">Clicking element '//button[contains(@id,'send')]'.</msg>
<status status="PASS" starttime="20220823 14:04:33.534" endtime="20220823 14:04:33.808"/>
</kw>
<status status="PASS" starttime="20220823 14:04:33.533" endtime="20220823 14:04:33.808"/>
</kw>
<msg timestamp="20220823 14:04:33.811" level="INFO">Repeating keyword, round 65/5000.</msg>
<kw name="clicar no botão">
<kw name="Click Element" library="SeleniumLibrary">
<arg>${BTN}</arg>
<doc>Click the element identified by ``locator``.</doc>
<msg timestamp="20220823 14:04:33.818" level="INFO">Clicking element '//button[contains(@id,'send')]'.</msg>
<status status="PASS" starttime="20220823 14:04:33.812" endtime="20220823 14:04:34.119"/>
</kw>
<status status="PASS" starttime="20220823 14:04:33.811" endtime="20220823 14:04:34.119"/>
</kw>
<msg timestamp="20220823 14:04:34.120" level="INFO">Repeating keyword, round 66/5000.</msg>
<kw name="clicar no botão">
<kw name="Click Element" library="SeleniumLibrary">
<arg>${BTN}</arg>
<doc>Click the element identified by ``locator``.</doc>
<msg timestamp="20220823 14:04:34.128" level="INFO">Clicking element '//button[contains(@id,'send')]'.</msg>
<status status="PASS" starttime="20220823 14:04:34.122" endtime="20220823 14:04:34.418"/>
</kw>
<status status="PASS" starttime="20220823 14:04:34.121" endtime="20220823 14:04:34.418"/>
</kw>
<msg timestamp="20220823 14:04:34.418" level="INFO">Repeating keyword, round 67/5000.</msg>
<kw name="clicar no botão">
<kw name="Click Element" library="SeleniumLibrary">
<arg>${BTN}</arg>
<doc>Click the element identified by ``locator``.</doc>
<msg timestamp="20220823 14:04:34.429" level="INFO">Clicking element '//button[contains(@id,'send')]'.</msg>
<status status="PASS" starttime="20220823 14:04:34.428" endtime="20220823 14:04:34.728"/>
</kw>
<status status="PASS" starttime="20220823 14:04:34.422" endtime="20220823 14:04:34.728"/>
</kw>
<msg timestamp="20220823 14:04:34.730" level="INFO">Repeating keyword, round 68/5000.</msg>
<kw name="clicar no botão">
<kw name="Click Element" library="SeleniumLibrary">
<arg>${BTN}</arg>
<doc>Click the element identified by ``locator``.</doc>
<msg timestamp="20220823 14:04:34.738" level="INFO">Clicking element '//button[contains(@id,'send')]'.</msg>
<status status="PASS" starttime="20220823 14:04:34.732" endtime="20220823 14:04:35.086"/>
</kw>
<status status="PASS" starttime="20220823 14:04:34.731" endtime="20220823 14:04:35.086"/>
</kw>
<msg timestamp="20220823 14:04:35.087" level="INFO">Repeating keyword, round 69/5000.</msg>
<kw name="clicar no botão">
<kw name="Click Element" library="SeleniumLibrary">
<arg>${BTN}</arg>
<doc>Click the element identified by ``locator``.</doc>
<msg timestamp="20220823 14:04:35.093" level="INFO">Clicking element '//button[contains(@id,'send')]'.</msg>
<status status="PASS" starttime="20220823 14:04:35.088" endtime="20220823 14:04:35.399"/>
</kw>
<status status="PASS" starttime="20220823 14:04:35.087" endtime="20220823 14:04:35.399"/>
</kw>
<msg timestamp="20220823 14:04:35.400" level="INFO">Repeating keyword, round 70/5000.</msg>
<kw name="clicar no botão">
<kw name="Click Element" library="SeleniumLibrary">
<arg>${BTN}</arg>
<doc>Click the element identified by ``locator``.</doc>
<msg timestamp="20220823 14:04:35.403" level="INFO">Clicking element '//button[contains(@id,'send')]'.</msg>
<status status="PASS" starttime="20220823 14:04:35.402" endtime="20220823 14:04:35.711"/>
</kw>
<status status="PASS" starttime="20220823 14:04:35.401" endtime="20220823 14:04:35.711"/>
</kw>
<msg timestamp="20220823 14:04:35.711" level="INFO">Repeating keyword, round 71/5000.</msg>
<kw name="clicar no botão">
<kw name="Click Element" library="SeleniumLibrary">
<arg>${BTN}</arg>
<doc>Click the element identified by ``locator``.</doc>
<msg timestamp="20220823 14:04:35.714" level="INFO">Clicking element '//button[contains(@id,'send')]'.</msg>
<status status="PASS" starttime="20220823 14:04:35.713" endtime="20220823 14:04:35.987"/>
</kw>
<status status="PASS" starttime="20220823 14:04:35.712" endtime="20220823 14:04:35.988"/>
</kw>
<msg timestamp="20220823 14:04:35.988" level="INFO">Repeating keyword, round 72/5000.</msg>
<kw name="clicar no botão">
<kw name="Click Element" library="SeleniumLibrary">
<arg>${BTN}</arg>
<doc>Click the element identified by ``locator``.</doc>
<msg timestamp="20220823 14:04:35.993" level="INFO">Clicking element '//button[contains(@id,'send')]'.</msg>
<status status="PASS" starttime="20220823 14:04:35.991" endtime="20220823 14:04:36.261"/>
</kw>
<status status="PASS" starttime="20220823 14:04:35.988" endtime="20220823 14:04:36.262"/>
</kw>
<msg timestamp="20220823 14:04:36.262" level="INFO">Repeating keyword, round 73/5000.</msg>
<kw name="clicar no botão">
<kw name="Click Element" library="SeleniumLibrary">
<arg>${BTN}</arg>
<doc>Click the element identified by ``locator``.</doc>
<msg timestamp="20220823 14:04:36.265" level="INFO">Clicking element '//button[contains(@id,'send')]'.</msg>
<status status="PASS" starttime="20220823 14:04:36.264" endtime="20220823 14:04:36.582"/>
</kw>
<status status="PASS" starttime="20220823 14:04:36.263" endtime="20220823 14:04:36.582"/>
</kw>
<msg timestamp="20220823 14:04:36.583" level="INFO">Repeating keyword, round 74/5000.</msg>
<kw name="clicar no botão">
<kw name="Click Element" library="SeleniumLibrary">
<arg>${BTN}</arg>
<doc>Click the element identified by ``locator``.</doc>
<msg timestamp="20220823 14:04:36.585" level="INFO">Clicking element '//button[contains(@id,'send')]'.</msg>
<status status="PASS" starttime="20220823 14:04:36.584" endtime="20220823 14:04:36.868"/>
</kw>
<status status="PASS" starttime="20220823 14:04:36.583" endtime="20220823 14:04:36.869"/>
</kw>
<msg timestamp="20220823 14:04:36.869" level="INFO">Repeating keyword, round 75/5000.</msg>
<kw name="clicar no botão">
<kw name="Click Element" library="SeleniumLibrary">
<arg>${BTN}</arg>
<doc>Click the element identified by ``locator``.</doc>
<msg timestamp="20220823 14:04:36.872" level="INFO">Clicking element '//button[contains(@id,'send')]'.</msg>
<status status="PASS" starttime="20220823 14:04:36.870" endtime="20220823 14:04:37.229"/>
</kw>
<status status="PASS" starttime="20220823 14:04:36.869" endtime="20220823 14:04:37.230"/>
</kw>
<msg timestamp="20220823 14:04:37.230" level="INFO">Repeating keyword, round 76/5000.</msg>
<kw name="clicar no botão">
<kw name="Click Element" library="SeleniumLibrary">
<arg>${BTN}</arg>
<doc>Click the element identified by ``locator``.</doc>
<msg timestamp="20220823 14:04:37.234" level="INFO">Clicking element '//button[contains(@id,'send')]'.</msg>
<status status="PASS" starttime="20220823 14:04:37.232" endtime="20220823 14:04:37.540"/>
</kw>
<status status="PASS" starttime="20220823 14:04:37.230" endtime="20220823 14:04:37.541"/>
</kw>
<msg timestamp="20220823 14:04:37.541" level="INFO">Repeating keyword, round 77/5000.</msg>
<kw name="clicar no botão">
<kw name="Click Element" library="SeleniumLibrary">
<arg>${BTN}</arg>
<doc>Click the element identified by ``locator``.</doc>
<msg timestamp="20220823 14:04:37.543" level="INFO">Clicking element '//button[contains(@id,'send')]'.</msg>
<status status="PASS" starttime="20220823 14:04:37.542" endtime="20220823 14:04:37.901"/>
</kw>
<status status="PASS" starttime="20220823 14:04:37.541" endtime="20220823 14:04:37.901"/>
</kw>
<msg timestamp="20220823 14:04:37.901" level="INFO">Repeating keyword, round 78/5000.</msg>
<kw name="clicar no botão">
<kw name="Click Element" library="SeleniumLibrary">
<arg>${BTN}</arg>
<doc>Click the element identified by ``locator``.</doc>
<msg timestamp="20220823 14:04:37.905" level="INFO">Clicking element '//button[contains(@id,'send')]'.</msg>
<status status="PASS" starttime="20220823 14:04:37.903" endtime="20220823 14:04:38.224"/>
</kw>
<status status="PASS" starttime="20220823 14:04:37.902" endtime="20220823 14:04:38.224"/>
</kw>
<msg timestamp="20220823 14:04:38.225" level="INFO">Repeating keyword, round 79/5000.</msg>
<kw name="clicar no botão">
<kw name="Click Element" library="SeleniumLibrary">
<arg>${BTN}</arg>
<doc>Click the element identified by ``locator``.</doc>
<msg timestamp="20220823 14:04:38.234" level="INFO">Clicking element '//button[contains(@id,'send')]'.</msg>
<status status="PASS" starttime="20220823 14:04:38.226" endtime="20220823 14:04:38.550"/>
</kw>
<status status="PASS" starttime="20220823 14:04:38.225" endtime="20220823 14:04:38.551"/>
</kw>
<msg timestamp="20220823 14:04:38.551" level="INFO">Repeating keyword, round 80/5000.</msg>
<kw name="clicar no botão">
<kw name="Click Element" library="SeleniumLibrary">
<arg>${BTN}</arg>
<doc>Click the element identified by ``locator``.</doc>
<msg timestamp="20220823 14:04:38.554" level="INFO">Clicking element '//button[contains(@id,'send')]'.</msg>
<status status="PASS" starttime="20220823 14:04:38.552" endtime="20220823 14:04:38.900"/>
</kw>
<status status="PASS" starttime="20220823 14:04:38.551" endtime="20220823 14:04:38.900"/>
</kw>
<msg timestamp="20220823 14:04:38.900" level="INFO">Repeating keyword, round 81/5000.</msg>
<kw name="clicar no botão">
<kw name="Click Element" library="SeleniumLibrary">
<arg>${BTN}</arg>
<doc>Click the element identified by ``locator``.</doc>
<msg timestamp="20220823 14:04:38.904" level="INFO">Clicking element '//button[contains(@id,'send')]'.</msg>
<status status="PASS" starttime="20220823 14:04:38.903" endtime="20220823 14:04:39.186"/>
</kw>
<status status="PASS" starttime="20220823 14:04:38.902" endtime="20220823 14:04:39.186"/>
</kw>
<msg timestamp="20220823 14:04:39.187" level="INFO">Repeating keyword, round 82/5000.</msg>
<kw name="clicar no botão">
<kw name="Click Element" library="SeleniumLibrary">
<arg>${BTN}</arg>
<doc>Click the element identified by ``locator``.</doc>
<msg timestamp="20220823 14:04:39.196" level="INFO">Clicking element '//button[contains(@id,'send')]'.</msg>
<status status="PASS" starttime="20220823 14:04:39.194" endtime="20220823 14:04:39.498"/>
</kw>
<status status="PASS" starttime="20220823 14:04:39.192" endtime="20220823 14:04:39.498"/>
</kw>
<msg timestamp="20220823 14:04:39.501" level="INFO">Repeating keyword, round 83/5000.</msg>
<kw name="clicar no botão">
<kw name="Click Element" library="SeleniumLibrary">
<arg>${BTN}</arg>
<doc>Click the element identified by ``locator``.</doc>
<msg timestamp="20220823 14:04:39.508" level="INFO">Clicking element '//button[contains(@id,'send')]'.</msg>
<status status="PASS" starttime="20220823 14:04:39.503" endtime="20220823 14:04:39.797"/>
</kw>
<status status="PASS" starttime="20220823 14:04:39.502" endtime="20220823 14:04:39.798"/>
</kw>
<msg timestamp="20220823 14:04:39.798" level="INFO">Repeating keyword, round 84/5000.</msg>
<kw name="clicar no botão">
<kw name="Click Element" library="SeleniumLibrary">
<arg>${BTN}</arg>
<doc>Click the element identified by ``locator``.</doc>
<msg timestamp="20220823 14:04:39.804" level="INFO">Clicking element '//button[contains(@id,'send')]'.</msg>
<status status="PASS" starttime="20220823 14:04:39.803" endtime="20220823 14:04:40.108"/>
</kw>
<status status="PASS" starttime="20220823 14:04:39.798" endtime="20220823 14:04:40.108"/>
</kw>
<msg timestamp="20220823 14:04:40.108" level="INFO">Repeating keyword, round 85/5000.</msg>
<kw name="clicar no botão">
<kw name="Click Element" library="SeleniumLibrary">
<arg>${BTN}</arg>
<doc>Click the element identified by ``locator``.</doc>
<msg timestamp="20220823 14:04:40.118" level="INFO">Clicking element '//button[contains(@id,'send')]'.</msg>
<status status="PASS" starttime="20220823 14:04:40.113" endtime="20220823 14:04:40.492"/>
</kw>
<status status="PASS" starttime="20220823 14:04:40.112" endtime="20220823 14:04:40.494"/>
</kw>
<msg timestamp="20220823 14:04:40.495" level="INFO">Repeating keyword, round 86/5000.</msg>
<kw name="clicar no botão">
<kw name="Click Element" library="SeleniumLibrary">
<arg>${BTN}</arg>
<doc>Click the element identified by ``locator``.</doc>
<msg timestamp="20220823 14:04:40.502" level="INFO">Clicking element '//button[contains(@id,'send')]'.</msg>
<status status="PASS" starttime="20220823 14:04:40.501" endtime="20220823 14:04:40.790"/>
</kw>
<status status="PASS" starttime="20220823 14:04:40.495" endtime="20220823 14:04:40.800"/>
</kw>
<msg timestamp="20220823 14:04:40.800" level="INFO">Repeating keyword, round 87/5000.</msg>
<kw name="clicar no botão">
<kw name="Click Element" library="SeleniumLibrary">
<arg>${BTN}</arg>
<doc>Click the element identified by ``locator``.</doc>
<msg timestamp="20220823 14:04:40.803" level="INFO">Clicking element '//button[contains(@id,'send')]'.</msg>
<status status="PASS" starttime="20220823 14:04:40.802" endtime="20220823 14:04:41.136"/>
</kw>
<status status="PASS" starttime="20220823 14:04:40.800" endtime="20220823 14:04:41.136"/>
</kw>
<msg timestamp="20220823 14:04:41.137" level="INFO">Repeating keyword, round 88/5000.</msg>
<kw name="clicar no botão">
<kw name="Click Element" library="SeleniumLibrary">
<arg>${BTN}</arg>
<doc>Click the element identified by ``locator``.</doc>
<msg timestamp="20220823 14:04:41.146" level="INFO">Clicking element '//button[contains(@id,'send')]'.</msg>
<status status="PASS" starttime="20220823 14:04:41.144" endtime="20220823 14:04:41.507"/>
</kw>
<status status="PASS" starttime="20220823 14:04:41.137" endtime="20220823 14:04:41.516"/>
</kw>
<msg timestamp="20220823 14:04:41.516" level="INFO">Repeating keyword, round 89/5000.</msg>
<kw name="clicar no botão">
<kw name="Click Element" library="SeleniumLibrary">
<arg>${BTN}</arg>
<doc>Click the element identified by ``locator``.</doc>
<msg timestamp="20220823 14:04:41.522" level="INFO">Clicking element '//button[contains(@id,'send')]'.</msg>
<status status="PASS" starttime="20220823 14:04:41.518" endtime="20220823 14:04:42.581"/>
</kw>
<status status="PASS" starttime="20220823 14:04:41.516" endtime="20220823 14:04:42.581"/>
</kw>
<msg timestamp="20220823 14:04:42.581" level="INFO">Repeating keyword, round 90/5000.</msg>
<kw name="clicar no botão">
<kw name="Click Element" library="SeleniumLibrary">
<arg>${BTN}</arg>
<doc>Click the element identified by ``locator``.</doc>
<msg timestamp="20220823 14:04:42.584" level="INFO">Clicking element '//button[contains(@id,'send')]'.</msg>
<status status="PASS" starttime="20220823 14:04:42.583" endtime="20220823 14:04:42.936"/>
</kw>
<status status="PASS" starttime="20220823 14:04:42.582" endtime="20220823 14:04:42.937"/>
</kw>
<msg timestamp="20220823 14:04:42.937" level="INFO">Repeating keyword, round 91/5000.</msg>
<kw name="clicar no botão">
<kw name="Click Element" library="SeleniumLibrary">
<arg>${BTN}</arg>
<doc>Click the element identified by ``locator``.</doc>
<msg timestamp="20220823 14:04:42.950" level="INFO">Clicking element '//button[contains(@id,'send')]'.</msg>
<status status="PASS" starttime="20220823 14:04:42.938" endtime="20220823 14:04:43.385"/>
</kw>
<status status="PASS" starttime="20220823 14:04:42.937" endtime="20220823 14:04:43.385"/>
</kw>
<msg timestamp="20220823 14:04:43.386" level="INFO">Repeating keyword, round 92/5000.</msg>
<kw name="clicar no botão">
<kw name="Click Element" library="SeleniumLibrary">
<arg>${BTN}</arg>
<doc>Click the element identified by ``locator``.</doc>
<msg timestamp="20220823 14:04:43.394" level="INFO">Clicking element '//button[contains(@id,'send')]'.</msg>
<status status="PASS" starttime="20220823 14:04:43.387" endtime="20220823 14:04:43.802"/>
</kw>
<status status="PASS" starttime="20220823 14:04:43.386" endtime="20220823 14:04:43.803"/>
</kw>
<msg timestamp="20220823 14:04:43.803" level="INFO">Repeating keyword, round 93/5000.</msg>
<kw name="clicar no botão">
<kw name="Click Element" library="SeleniumLibrary">
<arg>${BTN}</arg>
<doc>Click the element identified by ``locator``.</doc>
<msg timestamp="20220823 14:04:43.806" level="INFO">Clicking element '//button[contains(@id,'send')]'.</msg>
<status status="PASS" starttime="20220823 14:04:43.805" endtime="20220823 14:04:44.187"/>
</kw>
<status status="PASS" starttime="20220823 14:04:43.803" endtime="20220823 14:04:44.197"/>
</kw>
<msg timestamp="20220823 14:04:44.197" level="INFO">Repeating keyword, round 94/5000.</msg>
<kw name="clicar no botão">
<kw name="Click Element" library="SeleniumLibrary">
<arg>${BTN}</arg>
<doc>Click the element identified by ``locator``.</doc>
<msg timestamp="20220823 14:04:44.209" level="INFO">Clicking element '//button[contains(@id,'send')]'.</msg>
<status status="PASS" starttime="20220823 14:04:44.199" endtime="20220823 14:04:44.827"/>
</kw>
<status status="PASS" starttime="20220823 14:04:44.198" endtime="20220823 14:04:44.828"/>
</kw>
<msg timestamp="20220823 14:04:44.828" level="INFO">Repeating keyword, round 95/5000.</msg>
<kw name="clicar no botão">
<kw name="Click Element" library="SeleniumLibrary">
<arg>${BTN}</arg>
<doc>Click the element identified by ``locator``.</doc>
<msg timestamp="20220823 14:04:44.840" level="INFO">Clicking element '//button[contains(@id,'send')]'.</msg>
<status status="PASS" starttime="20220823 14:04:44.829" endtime="20220823 14:04:45.298"/>
</kw>
<status status="PASS" starttime="20220823 14:04:44.828" endtime="20220823 14:04:45.308"/>
</kw>
<msg timestamp="20220823 14:04:45.309" level="INFO">Repeating keyword, round 96/5000.</msg>
<kw name="clicar no botão">
<kw name="Click Element" library="SeleniumLibrary">
<arg>${BTN}</arg>
<doc>Click the element identified by ``locator``.</doc>
<msg timestamp="20220823 14:04:45.320" level="INFO">Clicking element '//button[contains(@id,'send')]'.</msg>
<status status="PASS" starttime="20220823 14:04:45.310" endtime="20220823 14:04:45.747"/>
</kw>
<status status="PASS" starttime="20220823 14:04:45.309" endtime="20220823 14:04:45.748"/>
</kw>
<msg timestamp="20220823 14:04:45.748" level="INFO">Repeating keyword, round 97/5000.</msg>
<kw name="clicar no botão">
<kw name="Click Element" library="SeleniumLibrary">
<arg>${BTN}</arg>
<doc>Click the element identified by ``locator``.</doc>
<msg timestamp="20220823 14:04:45.760" level="INFO">Clicking element '//button[contains(@id,'send')]'.</msg>
<status status="PASS" starttime="20220823 14:04:45.750" endtime="20220823 14:04:46.577"/>
</kw>
<status status="PASS" starttime="20220823 14:04:45.749" endtime="20220823 14:04:46.587"/>
</kw>
<msg timestamp="20220823 14:04:46.587" level="INFO">Repeating keyword, round 98/5000.</msg>
<kw name="clicar no botão">
<kw name="Click Element" library="SeleniumLibrary">
<arg>${BTN}</arg>
<doc>Click the element identified by ``locator``.</doc>
<msg timestamp="20220823 14:04:46.590" level="INFO">Clicking element '//button[contains(@id,'send')]'.</msg>
<status status="PASS" starttime="20220823 14:04:46.589" endtime="20220823 14:04:47.202"/>
</kw>
<status status="PASS" starttime="20220823 14:04:46.587" endtime="20220823 14:04:47.203"/>
</kw>
<msg timestamp="20220823 14:04:47.212" level="INFO">Repeating keyword, round 99/5000.</msg>
<kw name="clicar no botão">
<kw name="Click Element" library="SeleniumLibrary">
<arg>${BTN}</arg>
<doc>Click the element identified by ``locator``.</doc>
<msg timestamp="20220823 14:04:47.224" level="INFO">Clicking element '//button[contains(@id,'send')]'.</msg>
<status status="PASS" starttime="20220823 14:04:47.214" endtime="20220823 14:04:47.644"/>
</kw>
<status status="PASS" starttime="20220823 14:04:47.212" endtime="20220823 14:04:47.654"/>
</kw>
<msg timestamp="20220823 14:04:47.654" level="INFO">Repeating keyword, round 100/5000.</msg>
<kw name="clicar no botão">
<kw name="Click Element" library="SeleniumLibrary">
<arg>${BTN}</arg>
<doc>Click the element identified by ``locator``.</doc>
<msg timestamp="20220823 14:04:47.666" level="INFO">Clicking element '//button[contains(@id,'send')]'.</msg>
<status status="PASS" starttime="20220823 14:04:47.656" endtime="20220823 14:04:48.077"/>
</kw>
<status status="PASS" starttime="20220823 14:04:47.655" endtime="20220823 14:04:48.078"/>
</kw>
<msg timestamp="20220823 14:04:48.087" level="INFO">Repeating keyword, round 101/5000.</msg>
<kw name="clicar no botão">
<kw name="Click Element" library="SeleniumLibrary">
<arg>${BTN}</arg>
<doc>Click the element identified by ``locator``.</doc>
<msg timestamp="20220823 14:04:48.093" level="INFO">Clicking element '//button[contains(@id,'send')]'.</msg>
<status status="PASS" starttime="20220823 14:04:48.089" endtime="20220823 14:04:48.474"/>
</kw>
<status status="PASS" starttime="20220823 14:04:48.087" endtime="20220823 14:04:48.484"/>
</kw>
<msg timestamp="20220823 14:04:48.484" level="INFO">Repeating keyword, round 102/5000.</msg>
<kw name="clicar no botão">
<kw name="Click Element" library="SeleniumLibrary">
<arg>${BTN}</arg>
<doc>Click the element identified by ``locator``.</doc>
<msg timestamp="20220823 14:04:48.496" level="INFO">Clicking element '//button[contains(@id,'send')]'.</msg>
<status status="PASS" starttime="20220823 14:04:48.486" endtime="20220823 14:04:49.000"/>
</kw>
<status status="PASS" starttime="20220823 14:04:48.485" endtime="20220823 14:04:49.010"/>
</kw>
<msg timestamp="20220823 14:04:49.010" level="INFO">Repeating keyword, round 103/5000.</msg>
<kw name="clicar no botão">
<kw name="Click Element" library="SeleniumLibrary">
<arg>${BTN}</arg>
<doc>Click the element identified by ``locator``.</doc>
<msg timestamp="20220823 14:04:49.022" level="INFO">Clicking element '//button[contains(@id,'send')]'.</msg>
<status status="PASS" starttime="20220823 14:04:49.012" endtime="20220823 14:04:49.702"/>
</kw>
<status status="PASS" starttime="20220823 14:04:49.010" endtime="20220823 14:04:49.703"/>
</kw>
<msg timestamp="20220823 14:04:49.703" level="INFO">Repeating keyword, round 104/5000.</msg>
<kw name="clicar no botão">
<kw name="Click Element" library="SeleniumLibrary">
<arg>${BTN}</arg>
<doc>Click the element identified by ``locator``.</doc>
<msg timestamp="20220823 14:04:49.706" level="INFO">Clicking element '//button[contains(@id,'send')]'.</msg>
<status status="PASS" starttime="20220823 14:04:49.705" endtime="20220823 14:04:50.070"/>
</kw>
<status status="PASS" starttime="20220823 14:04:49.703" endtime="20220823 14:04:50.080"/>
</kw>
<msg timestamp="20220823 14:04:50.080" level="INFO">Repeating keyword, round 105/5000.</msg>
<kw name="clicar no botão">
<kw name="Click Element" library="SeleniumLibrary">
<arg>${BTN}</arg>
<doc>Click the element identified by ``locator``.</doc>
<msg timestamp="20220823 14:04:50.092" level="INFO">Clicking element '//button[contains(@id,'send')]'.</msg>
<status status="PASS" starttime="20220823 14:04:50.082" endtime="20220823 14:04:50.875"/>
</kw>
<status status="PASS" starttime="20220823 14:04:50.081" endtime="20220823 14:04:50.875"/>
</kw>
<msg timestamp="20220823 14:04:50.885" level="INFO">Repeating keyword, round 106/5000.</msg>
<kw name="clicar no botão">
<kw name="Click Element" library="SeleniumLibrary">
<arg>${BTN}</arg>
<doc>Click the element identified by ``locator``.</doc>
<msg timestamp="20220823 14:04:50.897" level="INFO">Clicking element '//button[contains(@id,'send')]'.</msg>
<status status="PASS" starttime="20220823 14:04:50.887" endtime="20220823 14:04:51.523"/>
</kw>
<status status="PASS" starttime="20220823 14:04:50.885" endtime="20220823 14:04:51.524"/>
</kw>
<msg timestamp="20220823 14:04:51.524" level="INFO">Repeating keyword, round 107/5000.</msg>
<kw name="clicar no botão">
<kw name="Click Element" library="SeleniumLibrary">
<arg>${BTN}</arg>
<doc>Click the element identified by ``locator``.</doc>
<msg timestamp="20220823 14:04:51.536" level="INFO">Clicking element '//button[contains(@id,'send')]'.</msg>
<status status="PASS" starttime="20220823 14:04:51.535" endtime="20220823 14:04:51.932"/>
</kw>
<status status="PASS" starttime="20220823 14:04:51.527" endtime="20220823 14:04:51.933"/>
</kw>
<msg timestamp="20220823 14:04:51.933" level="INFO">Repeating keyword, round 108/5000.</msg>
<kw name="clicar no botão">
<kw name="Click Element" library="SeleniumLibrary">
<arg>${BTN}</arg>
<doc>Click the element identified by ``locator``.</doc>
<msg timestamp="20220823 14:04:51.944" level="INFO">Clicking element '//button[contains(@id,'send')]'.</msg>
<status status="PASS" starttime="20220823 14:04:51.943" endtime="20220823 14:04:52.414"/>
</kw>
<status status="PASS" starttime="20220823 14:04:51.933" endtime="20220823 14:04:52.424"/>
</kw>
<msg timestamp="20220823 14:04:52.424" level="INFO">Repeating keyword, round 109/5000.</msg>
<kw name="clicar no botão">
<kw name="Click Element" library="SeleniumLibrary">
<arg>${BTN}</arg>
<doc>Click the element identified by ``locator``.</doc>
<msg timestamp="20220823 14:04:52.436" level="INFO">Clicking element '//button[contains(@id,'send')]'.</msg>
<status status="PASS" starttime="20220823 14:04:52.426" endtime="20220823 14:04:52.846"/>
</kw>
<status status="PASS" starttime="20220823 14:04:52.425" endtime="20220823 14:04:52.856"/>
</kw>
<msg timestamp="20220823 14:04:52.857" level="INFO">Repeating keyword, round 110/5000.</msg>
<kw name="clicar no botão">
<kw name="Click Element" library="SeleniumLibrary">
<arg>${BTN}</arg>
<doc>Click the element identified by ``locator``.</doc>
<msg timestamp="20220823 14:04:52.868" level="INFO">Clicking element '//button[contains(@id,'send')]'.</msg>
<status status="PASS" starttime="20220823 14:04:52.858" endtime="20220823 14:04:53.278"/>
</kw>
<status status="PASS" starttime="20220823 14:04:52.857" endtime="20220823 14:04:53.279"/>
</kw>
<msg timestamp="20220823 14:04:53.279" level="INFO">Repeating keyword, round 111/5000.</msg>
<kw name="clicar no botão">
<kw name="Click Element" library="SeleniumLibrary">
<arg>${BTN}</arg>
<doc>Click the element identified by ``locator``.</doc>
<msg timestamp="20220823 14:04:53.291" level="INFO">Clicking element '//button[contains(@id,'send')]'.</msg>
<status status="PASS" starttime="20220823 14:04:53.290" endtime="20220823 14:04:53.760"/>
</kw>
<status status="PASS" starttime="20220823 14:04:53.279" endtime="20220823 14:04:53.770"/>
</kw>
<msg timestamp="20220823 14:04:53.770" level="INFO">Repeating keyword, round 112/5000.</msg>
<kw name="clicar no botão">
<kw name="Click Element" library="SeleniumLibrary">
<arg>${BTN}</arg>
<doc>Click the element identified by ``locator``.</doc>
<msg timestamp="20220823 14:04:53.775" level="INFO">Clicking element '//button[contains(@id,'send')]'.</msg>
<status status="PASS" starttime="20220823 14:04:53.772" endtime="20220823 14:04:54.204"/>
</kw>
<status status="PASS" starttime="20220823 14:04:53.771" endtime="20220823 14:04:54.204"/>
</kw>
<msg timestamp="20220823 14:04:54.214" level="INFO">Repeating keyword, round 113/5000.</msg>
<kw name="clicar no botão">
<kw name="Click Element" library="SeleniumLibrary">
<arg>${BTN}</arg>
<doc>Click the element identified by ``locator``.</doc>
<msg timestamp="20220823 14:04:54.216" level="INFO">Clicking element '//button[contains(@id,'send')]'.</msg>
<status status="PASS" starttime="20220823 14:04:54.215" endtime="20220823 14:04:54.613"/>
</kw>
<status status="PASS" starttime="20220823 14:04:54.214" endtime="20220823 14:04:54.623"/>
</kw>
<msg timestamp="20220823 14:04:54.624" level="INFO">Repeating keyword, round 114/5000.</msg>
<kw name="clicar no botão">
<kw name="Click Element" library="SeleniumLibrary">
<arg>${BTN}</arg>
<doc>Click the element identified by ``locator``.</doc>
<msg timestamp="20220823 14:04:54.635" level="INFO">Clicking element '//button[contains(@id,'send')]'.</msg>
<status status="PASS" starttime="20220823 14:04:54.625" endtime="20220823 14:04:55.009"/>
</kw>
<status status="PASS" starttime="20220823 14:04:54.624" endtime="20220823 14:04:55.019"/>
</kw>
<msg timestamp="20220823 14:04:55.019" level="INFO">Repeating keyword, round 115/5000.</msg>
<kw name="clicar no botão">
<kw name="Click Element" library="SeleniumLibrary">
<arg>${BTN}</arg>
<doc>Click the element identified by ``locator``.</doc>
<msg timestamp="20220823 14:04:55.022" level="INFO">Clicking element '//button[contains(@id,'send')]'.</msg>
<status status="PASS" starttime="20220823 14:04:55.021" endtime="20220823 14:04:55.488"/>
</kw>
<status status="PASS" starttime="20220823 14:04:55.019" endtime="20220823 14:04:55.488"/>
</kw>
<msg timestamp="20220823 14:04:55.489" level="INFO">Repeating keyword, round 116/5000.</msg>
<kw name="clicar no botão">
<kw name="Click Element" library="SeleniumLibrary">
<arg>${BTN}</arg>
<doc>Click the element identified by ``locator``.</doc>
<msg timestamp="20220823 14:04:55.497" level="INFO">Clicking element '//button[contains(@id,'send')]'.</msg>
<status status="PASS" starttime="20220823 14:04:55.490" endtime="20220823 14:04:55.887"/>
</kw>
<status status="PASS" starttime="20220823 14:04:55.489" endtime="20220823 14:04:55.887"/>
</kw>
<msg timestamp="20220823 14:04:55.887" level="INFO">Repeating keyword, round 117/5000.</msg>
<kw name="clicar no botão">
<kw name="Click Element" library="SeleniumLibrary">
<arg>${BTN}</arg>
<doc>Click the element identified by ``locator``.</doc>
<msg timestamp="20220823 14:04:55.899" level="INFO">Clicking element '//button[contains(@id,'send')]'.</msg>
<status status="PASS" starttime="20220823 14:04:55.898" endtime="20220823 14:04:56.317"/>
</kw>
<status status="PASS" starttime="20220823 14:04:55.897" endtime="20220823 14:04:56.317"/>
</kw>
<msg timestamp="20220823 14:04:56.318" level="INFO">Repeating keyword, round 118/5000.</msg>
<kw name="clicar no botão">
<kw name="Click Element" library="SeleniumLibrary">
<arg>${BTN}</arg>
<doc>Click the element identified by ``locator``.</doc>
<msg timestamp="20220823 14:04:56.329" level="INFO">Clicking element '//button[contains(@id,'send')]'.</msg>
<status status="PASS" starttime="20220823 14:04:56.319" endtime="20220823 14:04:56.702"/>
</kw>
<status status="PASS" starttime="20220823 14:04:56.318" endtime="20220823 14:04:56.703"/>
</kw>
<msg timestamp="20220823 14:04:56.703" level="INFO">Repeating keyword, round 119/5000.</msg>
<kw name="clicar no botão">
<kw name="Click Element" library="SeleniumLibrary">
<arg>${BTN}</arg>
<doc>Click the element identified by ``locator``.</doc>
<msg timestamp="20220823 14:04:56.715" level="INFO">Clicking element '//button[contains(@id,'send')]'.</msg>
<status status="PASS" starttime="20220823 14:04:56.705" endtime="20220823 14:04:57.233"/>
</kw>
<status status="PASS" starttime="20220823 14:04:56.703" endtime="20220823 14:04:57.243"/>
</kw>
<msg timestamp="20220823 14:04:57.244" level="INFO">Repeating keyword, round 120/5000.</msg>
<kw name="clicar no botão">
<kw name="Click Element" library="SeleniumLibrary">
<arg>${BTN}</arg>
<doc>Click the element identified by ``locator``.</doc>
<msg timestamp="20220823 14:04:57.256" level="INFO">Clicking element '//button[contains(@id,'send')]'.</msg>
<status status="PASS" starttime="20220823 14:04:57.245" endtime="20220823 14:04:57.713"/>
</kw>
<status status="PASS" starttime="20220823 14:04:57.244" endtime="20220823 14:04:57.723"/>
</kw>
<msg timestamp="20220823 14:04:57.723" level="INFO">Repeating keyword, round 121/5000.</msg>
<kw name="clicar no botão">
<kw name="Click Element" library="SeleniumLibrary">
<arg>${BTN}</arg>
<doc>Click the element identified by ``locator``.</doc>
<msg timestamp="20220823 14:04:57.735" level="INFO">Clicking element '//button[contains(@id,'send')]'.</msg>
<status status="PASS" starttime="20220823 14:04:57.725" endtime="20220823 14:04:58.204"/>
</kw>
<status status="PASS" starttime="20220823 14:04:57.724" endtime="20220823 14:04:58.205"/>
</kw>
<msg timestamp="20220823 14:04:58.205" level="INFO">Repeating keyword, round 122/5000.</msg>
<kw name="clicar no botão">
<kw name="Click Element" library="SeleniumLibrary">
<arg>${BTN}</arg>
<doc>Click the element identified by ``locator``.</doc>
<msg timestamp="20220823 14:04:58.217" level="INFO">Clicking element '//button[contains(@id,'send')]'.</msg>
<status status="PASS" starttime="20220823 14:04:58.206" endtime="20220823 14:04:58.675"/>
</kw>
<status status="PASS" starttime="20220823 14:04:58.205" endtime="20220823 14:04:58.685"/>
</kw>
<msg timestamp="20220823 14:04:58.685" level="INFO">Repeating keyword, round 123/5000.</msg>
<kw name="clicar no botão">
<kw name="Click Element" library="SeleniumLibrary">
<arg>${BTN}</arg>
<doc>Click the element identified by ``locator``.</doc>
<msg timestamp="20220823 14:04:58.697" level="INFO">Clicking element '//button[contains(@id,'send')]'.</msg>
<status status="PASS" starttime="20220823 14:04:58.687" endtime="20220823 14:04:59.286"/>
</kw>
<status status="PASS" starttime="20220823 14:04:58.686" endtime="20220823 14:04:59.287"/>
</kw>
<msg timestamp="20220823 14:04:59.287" level="INFO">Repeating keyword, round 124/5000.</msg>
<kw name="clicar no botão">
<kw name="Click Element" library="SeleniumLibrary">
<arg>${BTN}</arg>
<doc>Click the element identified by ``locator``.</doc>
<msg timestamp="20220823 14:04:59.299" level="INFO">Clicking element '//button[contains(@id,'send')]'.</msg>
<status status="PASS" starttime="20220823 14:04:59.288" endtime="20220823 14:04:59.672"/>
</kw>
<status status="PASS" starttime="20220823 14:04:59.287" endtime="20220823 14:04:59.682"/>
</kw>
<msg timestamp="20220823 14:04:59.682" level="INFO">Repeating keyword, round 125/5000.</msg>
<kw name="clicar no botão">
<kw name="Click Element" library="SeleniumLibrary">
<arg>${BTN}</arg>
<doc>Click the element identified by ``locator``.</doc>
<msg timestamp="20220823 14:04:59.684" level="INFO">Clicking element '//button[contains(@id,'send')]'.</msg>
<status status="PASS" starttime="20220823 14:04:59.683" endtime="20220823 14:05:00.154"/>
</kw>
<status status="PASS" starttime="20220823 14:04:59.682" endtime="20220823 14:05:00.163"/>
</kw>
<msg timestamp="20220823 14:05:00.164" level="INFO">Repeating keyword, round 126/5000.</msg>
<kw name="clicar no botão">
<kw name="Click Element" library="SeleniumLibrary">
<arg>${BTN}</arg>
<doc>Click the element identified by ``locator``.</doc>
<msg timestamp="20220823 14:05:00.175" level="INFO">Clicking element '//button[contains(@id,'send')]'.</msg>
<status status="PASS" starttime="20220823 14:05:00.165" endtime="20220823 14:05:00.574"/>
</kw>
<status status="PASS" starttime="20220823 14:05:00.164" endtime="20220823 14:05:00.574"/>
</kw>
<msg timestamp="20220823 14:05:00.584" level="INFO">Repeating keyword, round 127/5000.</msg>
<kw name="clicar no botão">
<kw name="Click Element" library="SeleniumLibrary">
<arg>${BTN}</arg>
<doc>Click the element identified by ``locator``.</doc>
<msg timestamp="20220823 14:05:00.596" level="INFO">Clicking element '//button[contains(@id,'send')]'.</msg>
<status status="PASS" starttime="20220823 14:05:00.586" endtime="20220823 14:05:01.102"/>
</kw>
<status status="PASS" starttime="20220823 14:05:00.584" endtime="20220823 14:05:01.112"/>
</kw>
<msg timestamp="20220823 14:05:01.112" level="INFO">Repeating keyword, round 128/5000.</msg>
<kw name="clicar no botão">
<kw name="Click Element" library="SeleniumLibrary">
<arg>${BTN}</arg>
<doc>Click the element identified by ``locator``.</doc>
<msg timestamp="20220823 14:05:01.124" level="INFO">Clicking element '//button[contains(@id,'send')]'.</msg>
<status status="PASS" starttime="20220823 14:05:01.114" endtime="20220823 14:05:01.499"/>
</kw>
<status status="PASS" starttime="20220823 14:05:01.112" endtime="20220823 14:05:01.509"/>
</kw>
<msg timestamp="20220823 14:05:01.509" level="INFO">Repeating keyword, round 129/5000.</msg>
<kw name="clicar no botão">
<kw name="Click Element" library="SeleniumLibrary">
<arg>${BTN}</arg>
<doc>Click the element identified by ``locator``.</doc>
<msg timestamp="20220823 14:05:01.521" level="INFO">Clicking element '//button[contains(@id,'send')]'.</msg>
<status status="PASS" starttime="20220823 14:05:01.511" endtime="20220823 14:05:01.944"/>
</kw>
<status status="PASS" starttime="20220823 14:05:01.510" endtime="20220823 14:05:01.954"/>
</kw>
<msg timestamp="20220823 14:05:01.954" level="INFO">Repeating keyword, round 130/5000.</msg>
<kw name="clicar no botão">
<kw name="Click Element" library="SeleniumLibrary">
<arg>${BTN}</arg>
<doc>Click the element identified by ``locator``.</doc>
<msg timestamp="20220823 14:05:01.966" level="INFO">Clicking element '//button[contains(@id,'send')]'.</msg>
<status status="PASS" starttime="20220823 14:05:01.956" endtime="20220823 14:05:02.376"/>
</kw>
<status status="PASS" starttime="20220823 14:05:01.955" endtime="20220823 14:05:02.386"/>
</kw>
<msg timestamp="20220823 14:05:02.386" level="INFO">Repeating keyword, round 131/5000.</msg>
<kw name="clicar no botão">
<kw name="Click Element" library="SeleniumLibrary">
<arg>${BTN}</arg>
<doc>Click the element identified by ``locator``.</doc>
<msg timestamp="20220823 14:05:02.398" level="INFO">Clicking element '//button[contains(@id,'send')]'.</msg>
<status status="PASS" starttime="20220823 14:05:02.388" endtime="20220823 14:05:02.881"/>
</kw>
<status status="PASS" starttime="20220823 14:05:02.386" endtime="20220823 14:05:02.881"/>
</kw>
<msg timestamp="20220823 14:05:02.891" level="INFO">Repeating keyword, round 132/5000.</msg>
<kw name="clicar no botão">
<kw name="Click Element" library="SeleniumLibrary">
<arg>${BTN}</arg>
<doc>Click the element identified by ``locator``.</doc>
<msg timestamp="20220823 14:05:02.903" level="INFO">Clicking element '//button[contains(@id,'send')]'.</msg>
<status status="PASS" starttime="20220823 14:05:02.893" endtime="20220823 14:05:03.350"/>
</kw>
<status status="PASS" starttime="20220823 14:05:02.891" endtime="20220823 14:05:03.360"/>
</kw>
<msg timestamp="20220823 14:05:03.360" level="INFO">Repeating keyword, round 133/5000.</msg>
<kw name="clicar no botão">
<kw name="Click Element" library="SeleniumLibrary">
<arg>${BTN}</arg>
<doc>Click the element identified by ``locator``.</doc>
<msg timestamp="20220823 14:05:03.372" level="INFO">Clicking element '//button[contains(@id,'send')]'.</msg>
<status status="PASS" starttime="20220823 14:05:03.362" endtime="20220823 14:05:03.840"/>
</kw>
<status status="PASS" starttime="20220823 14:05:03.360" endtime="20220823 14:05:03.841"/>
</kw>
<msg timestamp="20220823 14:05:03.841" level="INFO">Repeating keyword, round 134/5000.</msg>
<kw name="clicar no botão">
<kw name="Click Element" library="SeleniumLibrary">
<arg>${BTN}</arg>
<doc>Click the element identified by ``locator``.</doc>
<msg timestamp="20220823 14:05:03.853" level="INFO">Clicking element '//button[contains(@id,'send')]'.</msg>
<status status="PASS" starttime="20220823 14:05:03.852" endtime="20220823 14:05:04.347"/>
</kw>
<status status="PASS" starttime="20220823 14:05:03.841" endtime="20220823 14:05:04.357"/>
</kw>
<msg timestamp="20220823 14:05:04.357" level="INFO">Repeating keyword, round 135/5000.</msg>
<kw name="clicar no botão">
<kw name="Click Element" library="SeleniumLibrary">
<arg>${BTN}</arg>
<doc>Click the element identified by ``locator``.</doc>
<msg timestamp="20220823 14:05:04.369" level="INFO">Clicking element '//button[contains(@id,'send')]'.</msg>
<status status="PASS" starttime="20220823 14:05:04.359" endtime="20220823 14:05:05.199"/>
</kw>
<status status="PASS" starttime="20220823 14:05:04.358" endtime="20220823 14:05:05.200"/>
</kw>
<msg timestamp="20220823 14:05:05.200" level="INFO">Repeating keyword, round 136/5000.</msg>
<kw name="clicar no botão">
<kw name="Click Element" library="SeleniumLibrary">
<arg>${BTN}</arg>
<doc>Click the element identified by ``locator``.</doc>
<msg timestamp="20220823 14:05:05.212" level="INFO">Clicking element '//button[contains(@id,'send')]'.</msg>
<status status="PASS" starttime="20220823 14:05:05.211" endtime="20220823 14:05:08.407"/>
</kw>
<status status="PASS" starttime="20220823 14:05:05.200" endtime="20220823 14:05:08.408"/>
</kw>
<msg timestamp="20220823 14:05:08.408" level="INFO">Repeating keyword, round 137/5000.</msg>
<kw name="clicar no botão">
<kw name="Click Element" library="SeleniumLibrary">
<arg>${BTN}</arg>
<doc>Click the element identified by ``locator``.</doc>
<msg timestamp="20220823 14:05:08.420" level="INFO">Clicking element '//button[contains(@id,'send')]'.</msg>
<status status="PASS" starttime="20220823 14:05:08.410" endtime="20220823 14:05:09.262"/>
</kw>
<status status="PASS" starttime="20220823 14:05:08.408" endtime="20220823 14:05:09.262"/>
</kw>
<msg timestamp="20220823 14:05:09.272" level="INFO">Repeating keyword, round 138/5000.</msg>
<kw name="clicar no botão">
<kw name="Click Element" library="SeleniumLibrary">
<arg>${BTN}</arg>
<doc>Click the element identified by ``locator``.</doc>
<msg timestamp="20220823 14:05:09.284" level="INFO">Clicking element '//button[contains(@id,'send')]'.</msg>
<status status="PASS" starttime="20220823 14:05:09.274" endtime="20220823 14:05:09.863"/>
</kw>
<status status="PASS" starttime="20220823 14:05:09.272" endtime="20220823 14:05:09.864"/>
</kw>
<msg timestamp="20220823 14:05:09.870" level="INFO">Repeating keyword, round 139/5000.</msg>
<kw name="clicar no botão">
<kw name="Click Element" library="SeleniumLibrary">
<arg>${BTN}</arg>
<doc>Click the element identified by ``locator``.</doc>
<msg timestamp="20220823 14:05:09.885" level="INFO">Clicking element '//button[contains(@id,'send')]'.</msg>
<status status="PASS" starttime="20220823 14:05:09.874" endtime="20220823 14:05:10.439"/>
</kw>
<status status="PASS" starttime="20220823 14:05:09.873" endtime="20220823 14:05:10.440"/>
</kw>
<msg timestamp="20220823 14:05:10.440" level="INFO">Repeating keyword, round 140/5000.</msg>
<kw name="clicar no botão">
<kw name="Click Element" library="SeleniumLibrary">
<arg>${BTN}</arg>
<doc>Click the element identified by ``locator``.</doc>
<msg timestamp="20220823 14:05:10.452" level="INFO">Clicking element '//button[contains(@id,'send')]'.</msg>
<status status="PASS" starttime="20220823 14:05:10.451" endtime="20220823 14:05:10.943"/>
</kw>
<status status="PASS" starttime="20220823 14:05:10.440" endtime="20220823 14:05:10.944"/>
</kw>
<msg timestamp="20220823 14:05:10.944" level="INFO">Repeating keyword, round 141/5000.</msg>
<kw name="clicar no botão">
[...]
<msg timestamp="20220823 14:06:44.207" level="INFO">Clicking element '//button[contains(@id,'send')]'.</msg>
<status status="PASS" starttime="20220823 14:06:44.201" endtime="20220823 14:06:44.583"/>
</kw>
<status status="PASS" starttime="20220823 14:06:44.200" endtime="20220823 14:06:44.583"/>
</kw>
<msg timestamp="20220823 14:06:44.584" level="INFO">Repeating keyword, round 283/5000.</msg>
<kw name="clicar no botão">
<kw name="Click Element" library="SeleniumLibrary">
<arg>${BTN}</arg>
<doc>Click the element identified by ``locator``.</doc>
<msg timestamp="20220823 14:06:44.595" level="INFO">Clicking element '//button[contains(@id,'send')]'.</msg>
<status status="PASS" starttime="20220823 14:06:44.585" endtime="20220823 14:06:45.038"/>
</kw>
<status status="PASS" starttime="20220823 14:06:44.584" endtime="20220823 14:06:45.039"/>
</kw>
<msg timestamp="20220823 14:06:45.039" level="INFO">Repeating keyword, round 284/5000.</msg>
<kw name="clicar no botão">
<kw name="Click Element" library="SeleniumLibrary">
<arg>${BTN}</arg>
<doc>Click the element identified by ``locator``.</doc>
<msg timestamp="20220823 14:06:45.041" level="INFO">Clicking element '//button[contains(@id,'send')]'.</msg>
<status status="PASS" starttime="20220823 14:06:45.040" endtime="20220823 14:06:45.535"/>
</kw>
<status status="PASS" starttime="20220823 14:06:45.039" endtime="20220823 14:06:45.545"/>
</kw>
<msg timestamp="20220823 14:06:45.545" level="INFO">Repeating keyword, round 285/5000.</msg>
<kw name="clicar no botão">
<kw name="Click Element" library="SeleniumLibrary">
<arg>${BTN}</arg>
<doc>Click the element identified by ``locator``.</doc>
<msg timestamp="20220823 14:06:45.547" level="INFO">Clicking element '//button[contains(@id,'send')]'.</msg>
<status status="PASS" starttime="20220823 14:06:45.546" endtime="20220823 14:06:46.364"/>
</kw>
<status status="PASS" starttime="20220823 14:06:45.545" endtime="20220823 14:06:46.374"/>
</kw>
<msg timestamp="20220823 14:06:46.374" level="INFO">Repeating keyword, round 286/5000.</msg>
<kw name="clicar no botão">
<kw name="Click Element" library="SeleniumLibrary">
<arg>${BTN}</arg>
<doc>Click the element identified by ``locator``.</doc>
<msg timestamp="20220823 14:06:46.386" level="INFO">Clicking element '//button[contains(@id,'send')]'.</msg>
<status status="PASS" starttime="20220823 14:06:46.376" endtime="20220823 14:06:46.893"/>
</kw>
<status status="PASS" starttime="20220823 14:06:46.375" endtime="20220823 14:06:46.903"/>
</kw>
<msg timestamp="20220823 14:06:46.903" level="INFO">Repeating keyword, round 287/5000.</msg>
<kw name="clicar no botão">
<kw name="Click Element" library="SeleniumLibrary">
<arg>${BTN}</arg>
<doc>Click the element identified by ``locator``.</doc>
<msg timestamp="20220823 14:06:46.915" level="INFO">Clicking element '//button[contains(@id,'send')]'.</msg>
<status status="PASS" starttime="20220823 14:06:46.905" endtime="20220823 14:06:48.029"/>
</kw>
<status status="PASS" starttime="20220823 14:06:46.903" endtime="20220823 14:06:48.033"/>
</kw>
<msg timestamp="20220823 14:06:48.033" level="INFO">Repeating keyword, round 288/5000.</msg>
<kw name="clicar no botão">
<kw name="Click Element" library="SeleniumLibrary">
<arg>${BTN}</arg>
<doc>Click the element identified by ``locator``.</doc>
<msg timestamp="20220823 14:06:48.035" level="INFO">Clicking element '//button[contains(@id,'send')]'.</msg>
<status status="PASS" starttime="20220823 14:06:48.034" endtime="20220823 14:06:49.609"/>
</kw>
<status status="PASS" starttime="20220823 14:06:48.033" endtime="20220823 14:06:49.609"/>
</kw>
<msg timestamp="20220823 14:06:49.609" level="INFO">Repeating keyword, round 289/5000.</msg>
<kw name="clicar no botão">
<kw name="Click Element" library="SeleniumLibrary">
<arg>${BTN}</arg>
<doc>Click the element identified by ``locator``.</doc>
<msg timestamp="20220823 14:06:49.621" level="INFO">Clicking element '//button[contains(@id,'send')]'.</msg>
<status status="PASS" starttime="20220823 14:06:49.620" endtime="20220823 14:06:50.005"/>
</kw>
<status status="PASS" starttime="20220823 14:06:49.619" endtime="20220823 14:06:50.006"/>
</kw>
<msg timestamp="20220823 14:06:50.006" level="INFO">Repeating keyword, round 290/5000.</msg>
<kw name="clicar no botão">
<kw name="Click Element" library="SeleniumLibrary">
<arg>${BTN}</arg>
<doc>Click the element identified by ``locator``.</doc>
<msg timestamp="20220823 14:06:50.018" level="INFO">Clicking element '//button[contains(@id,'send')]'.</msg>
<status status="PASS" starttime="20220823 14:06:50.017" endtime="20220823 14:06:50.414"/>
</kw>
<status status="PASS" starttime="20220823 14:06:50.006" endtime="20220823 14:06:50.424"/>
</kw>
<msg timestamp="20220823 14:06:50.424" level="INFO">Repeating keyword, round 291/5000.</msg>
<kw name="clicar no botão">
<kw name="Click Element" library="SeleniumLibrary">
<arg>${BTN}</arg>
<doc>Click the element identified by ``locator``.</doc>
<msg timestamp="20220823 14:06:50.426" level="INFO">Clicking element '//button[contains(@id,'send')]'.</msg>
<status status="PASS" starttime="20220823 14:06:50.425" endtime="20220823 14:06:50.787"/>
</kw>
<status status="PASS" starttime="20220823 14:06:50.425" endtime="20220823 14:06:50.797"/>
</kw>
<msg timestamp="20220823 14:06:50.797" level="INFO">Repeating keyword, round 292/5000.</msg>
<kw name="clicar no botão">
<kw name="Click Element" library="SeleniumLibrary">
<arg>${BTN}</arg>
<doc>Click the element identified by ``locator``.</doc>
<msg timestamp="20220823 14:06:50.809" level="INFO">Clicking element '//button[contains(@id,'send')]'.</msg>
<status status="PASS" starttime="20220823 14:06:50.799" endtime="20220823 14:06:51.206"/>
</kw>
<status status="PASS" starttime="20220823 14:06:50.797" endtime="20220823 14:06:51.207"/>
</kw>
<msg timestamp="20220823 14:06:51.207" level="INFO">Repeating keyword, round 293/5000.</msg>
<kw name="clicar no botão">
<kw name="Click Element" library="SeleniumLibrary">
<arg>${BTN}</arg>
<doc>Click the element identified by ``locator``.</doc>
<msg timestamp="20220823 14:06:51.219" level="INFO">Clicking element '//button[contains(@id,'send')]'.</msg>
<status status="PASS" starttime="20220823 14:06:51.218" endtime="20220823 14:06:52.000"/>
</kw>
<status status="PASS" starttime="20220823 14:06:51.207" endtime="20220823 14:06:52.010"/>
</kw>
<msg timestamp="20220823 14:06:52.010" level="INFO">Repeating keyword, round 294/5000.</msg>
<kw name="clicar no botão">
<kw name="Click Element" library="SeleniumLibrary">
<arg>${BTN}</arg>
<doc>Click the element identified by ``locator``.</doc>
<msg timestamp="20220823 14:06:52.022" level="INFO">Clicking element '//button[contains(@id,'send')]'.</msg>
<status status="PASS" starttime="20220823 14:06:52.012" endtime="20220823 14:06:52.672"/>
</kw>
<status status="PASS" starttime="20220823 14:06:52.011" endtime="20220823 14:06:52.672"/>
</kw>
<msg timestamp="20220823 14:06:52.673" level="INFO">Repeating keyword, round 295/5000.</msg>
<kw name="clicar no botão">
<kw name="Click Element" library="SeleniumLibrary">
<arg>${BTN}</arg>
<doc>Click the element identified by ``locator``.</doc>
<msg timestamp="20220823 14:06:52.676" level="INFO">Clicking element '//button[contains(@id,'send')]'.</msg>
<status status="PASS" starttime="20220823 14:06:52.674" endtime="20220823 14:06:53.188"/>
</kw>
<status status="PASS" starttime="20220823 14:06:52.673" endtime="20220823 14:06:53.188"/>
</kw>
<msg timestamp="20220823 14:06:53.188" level="INFO">Repeating keyword, round 296/5000.</msg>
<kw name="clicar no botão">
<kw name="Click Element" library="SeleniumLibrary">
<arg>${BTN}</arg>
<doc>Click the element identified by ``locator``.</doc>
<msg timestamp="20220823 14:06:53.191" level="INFO">Clicking element '//button[contains(@id,'send')]'.</msg>
<status status="PASS" starttime="20220823 14:06:53.190" endtime="20220823 14:06:53.563"/>
</kw>
<status status="PASS" starttime="20220823 14:06:53.189" endtime="20220823 14:06:53.573"/>
</kw>
<msg timestamp="20220823 14:06:53.573" level="INFO">Repeating keyword, round 297/5000.</msg>
<kw name="clicar no botão">
<kw name="Click Element" library="SeleniumLibrary">
<arg>${BTN}</arg>
<doc>Click the element identified by ``locator``.</doc>
<msg timestamp="20220823 14:06:53.578" level="INFO">Clicking element '//button[contains(@id,'send')]'.</msg>
<status status="PASS" starttime="20220823 14:06:53.575" endtime="20220823 14:06:54.046"/>
</kw>
<status status="PASS" starttime="20220823 14:06:53.573" endtime="20220823 14:06:54.047"/>
</kw>
<msg timestamp="20220823 14:06:54.047" level="INFO">Repeating keyword, round 298/5000.</msg>
<kw name="clicar no botão">
<kw name="Click Element" library="SeleniumLibrary">
<arg>${BTN}</arg>
<doc>Click the element identified by ``locator``.</doc>
<msg timestamp="20220823 14:06:54.050" level="INFO">Clicking element '//button[contains(@id,'send')]'.</msg>
<status status="PASS" starttime="20220823 14:06:54.049" endtime="20220823 14:06:54.631"/>
</kw>
<status status="PASS" starttime="20220823 14:06:54.048" endtime="20220823 14:06:54.632"/>
</kw>
<msg timestamp="20220823 14:06:54.632" level="INFO">Repeating keyword, round 299/5000.</msg>
<kw name="clicar no botão">
<kw name="Click Element" library="SeleniumLibrary">
<arg>${BTN}</arg>
<doc>Click the element identified by ``locator``.</doc>
<msg timestamp="20220823 14:06:54.644" level="INFO">Clicking element '//button[contains(@id,'send')]'.</msg>
<status status="PASS" starttime="20220823 14:06:54.643" endtime="20220823 14:06:55.125"/>
</kw>
<status status="PASS" starttime="20220823 14:06:54.632" endtime="20220823 14:06:55.135"/>
</kw>
<msg timestamp="20220823 14:06:55.135" level="INFO">Repeating keyword, round 300/5000.</msg>
<kw name="clicar no botão">
<kw name="Click Element" library="SeleniumLibrary">
<arg>${BTN}</arg>
<doc>Click the element identified by ``locator``.</doc>
<msg timestamp="20220823 14:06:55.147" level="INFO">Clicking element '//button[contains(@id,'send')]'.</msg>
<status status="PASS" starttime="20220823 14:06:55.137" endtime="20220823 14:06:55.634"/>
</kw>
<status status="PASS" starttime="20220823 14:06:55.136" endtime="20220823 14:06:55.635"/>
</kw>
<msg timestamp="20220823 14:06:55.635" level="INFO">Repeating keyword, round 301/5000.</msg>
<kw name="clicar no botão">
<kw name="Click Element" library="SeleniumLibrary">
<arg>${BTN}</arg>
<doc>Click the element identified by ``locator``.</doc>
<msg timestamp="20220823 14:06:55.638" level="INFO">Clicking element '//button[contains(@id,'send')]'.</msg>
<status status="PASS" starttime="20220823 14:06:55.637" endtime="20220823 14:06:56.231"/>
</kw>
<status status="PASS" starttime="20220823 14:06:55.636" endtime="20220823 14:06:56.241"/>
</kw>
<msg timestamp="20220823 14:06:56.241" level="INFO">Repeating keyword, round 302/5000.</msg>
<kw name="clicar no botão">
<kw name="Click Element" library="SeleniumLibrary">
<arg>${BTN}</arg>
<doc>Click the element identified by ``locator``.</doc>
<msg timestamp="20220823 14:06:56.253" level="INFO">Clicking element '//button[contains(@id,'send')]'.</msg>
<status status="PASS" starttime="20220823 14:06:56.243" endtime="20220823 14:06:56.868"/>
</kw>
<status status="PASS" starttime="20220823 14:06:56.242" endtime="20220823 14:06:56.878"/>
</kw>
<msg timestamp="20220823 14:06:56.878" level="INFO">Repeating keyword, round 303/5000.</msg>
<kw name="clicar no botão">
<kw name="Click Element" library="SeleniumLibrary">
<arg>${BTN}</arg>
<doc>Click the element identified by ``locator``.</doc>
<msg timestamp="20220823 14:06:56.880" level="INFO">Clicking element '//button[contains(@id,'send')]'.</msg>
<status status="PASS" starttime="20220823 14:06:56.879" endtime="20220823 14:06:57.335"/>
</kw>
<status status="PASS" starttime="20220823 14:06:56.878" endtime="20220823 14:06:57.336"/>
</kw>
<msg timestamp="20220823 14:06:57.336" level="INFO">Repeating keyword, round 304/5000.</msg>
<kw name="clicar no botão">
<kw name="Click Element" library="SeleniumLibrary">
<arg>${BTN}</arg>
<doc>Click the element identified by ``locator``.</doc>
<msg timestamp="20220823 14:06:57.339" level="INFO">Clicking element '//button[contains(@id,'send')]'.</msg>
<status status="PASS" starttime="20220823 14:06:57.338" endtime="20220823 14:06:57.769"/>
</kw>
<status status="PASS" starttime="20220823 14:06:57.336" endtime="20220823 14:06:57.769"/>
</kw>
<msg timestamp="20220823 14:06:57.779" level="INFO">Repeating keyword, round 305/5000.</msg>
<kw name="clicar no botão">
<kw name="Click Element" library="SeleniumLibrary">
<arg>${BTN}</arg>
<doc>Click the element identified by ``locator``.</doc>
<msg timestamp="20220823 14:06:57.781" level="INFO">Clicking element '//button[contains(@id,'send')]'.</msg>
<status status="PASS" starttime="20220823 14:06:57.780" endtime="20220823 14:06:58.238"/>
</kw>
<status status="PASS" starttime="20220823 14:06:57.779" endtime="20220823 14:06:58.248"/>
</kw>
<msg timestamp="20220823 14:06:58.248" level="INFO">Repeating keyword, round 306/5000.</msg>
<kw name="clicar no botão">
<kw name="Click Element" library="SeleniumLibrary">
<arg>${BTN}</arg>
<doc>Click the element identified by ``locator``.</doc>
<msg timestamp="20220823 14:06:58.260" level="INFO">Clicking element '//button[contains(@id,'send')]'.</msg>
<status status="PASS" starttime="20220823 14:06:58.250" endtime="20220823 14:06:58.788"/>
</kw>
<status status="PASS" starttime="20220823 14:06:58.249" endtime="20220823 14:06:58.790"/>
</kw>
<msg timestamp="20220823 14:06:58.790" level="INFO">Repeating keyword, round 307/5000.</msg>
<kw name="clicar no botão">
<kw name="Click Element" library="SeleniumLibrary">
<arg>${BTN}</arg>
<doc>Click the element identified by ``locator``.</doc>
<msg timestamp="20220823 14:06:58.795" level="INFO">Clicking element '//button[contains(@id,'send')]'.</msg>
<status status="PASS" starttime="20220823 14:06:58.791" endtime="20220823 14:06:59.294"/>
</kw>
<status status="PASS" starttime="20220823 14:06:58.790" endtime="20220823 14:06:59.294"/>
</kw>
<msg timestamp="20220823 14:06:59.294" level="INFO">Repeating keyword, round 308/5000.</msg>
<kw name="clicar no botão">
<kw name="Click Element" library="SeleniumLibrary">
<arg>${BTN}</arg>
<doc>Click the element identified by ``locator``.</doc>
<msg timestamp="20220823 14:06:59.306" level="INFO">Clicking element '//button[contains(@id,'send')]'.</msg>
<status status="PASS" starttime="20220823 14:06:59.305" endtime="20220823 14:07:00.785"/>
</kw>
<status status="PASS" starttime="20220823 14:06:59.295" endtime="20220823 14:07:00.791"/>
</kw>
<msg timestamp="20220823 14:07:00.795" level="INFO">Repeating keyword, round 309/5000.</msg>
<kw name="clicar no botão">
<kw name="Click Element" library="SeleniumLibrary">
<arg>${BTN}</arg>
<doc>Click the element identified by ``locator``.</doc>
<msg timestamp="20220823 14:07:00.809" level="INFO">Clicking element '//button[contains(@id,'send')]'.</msg>
<status status="PASS" starttime="20220823 14:07:00.797" endtime="20220823 14:07:22.321"/>
</kw>
<status status="PASS" starttime="20220823 14:07:00.795" endtime="20220823 14:07:22.321"/>
</kw>
<msg timestamp="20220823 14:07:22.331" level="INFO">Repeating keyword, round 310/5000.</msg>
<kw name="clicar no botão">
<kw name="Click Element" library="SeleniumLibrary">
<arg>${BTN}</arg>
<doc>Click the element identified by ``locator``.</doc>
<msg timestamp="20220823 14:07:22.345" level="INFO">Clicking element '//button[contains(@id,'send')]'.</msg>
<msg timestamp="20220823 14:07:25.130" level="WARN">Keyword 'Capture Page Screenshot' could not be run on failure: Message: Browsing context has been discarded
Stacktrace:
WebDriverError@chrome://remote/content/shared/webdriver/Errors.jsm:188:5
NoSuchWindowError@chrome://remote/content/shared/webdriver/Errors.jsm:442:5
assert.that/&lt;@chrome://remote/content/shared/webdriver/Assert.jsm:493:13
assert.open@chrome://remote/content/shared/webdriver/Assert.jsm:155:4
GeckoDriver.prototype.takeScreenshot@chrome://remote/content/marionette/driver.js:2331:15
despatch@chrome://remote/content/marionette/server.js:304:40
execute@chrome://remote/content/marionette/server.js:277:16
onPacket/&lt;@chrome://remote/content/marionette/server.js:250:20
onPacket@chrome://remote/content/marionette/server.js:251:9
_onJSONObjectReady/&lt;@chrome://remote/content/marionette/transport.js:502:20
observe@resource://gre/modules/AsyncShutdown.jsm:577:16
</msg>
<msg timestamp="20220823 14:07:32.619" level="FAIL">NoSuchWindowException: Message: Browsing context has been discarded
Stacktrace:
WebDriverError@chrome://remote/content/shared/webdriver/Errors.jsm:188:5
NoSuchWindowError@chrome://remote/content/shared/webdriver/Errors.jsm:442:5
assert.that/&lt;@chrome://remote/content/shared/webdriver/Assert.jsm:493:13
assert.open@chrome://remote/content/shared/webdriver/Assert.jsm:155:4
GeckoDriver.prototype.findElements@chrome://remote/content/marionette/driver.js:1531:15
despatch@chrome://remote/content/marionette/server.js:304:40
execute@chrome://remote/content/marionette/server.js:277:16
onPacket/&lt;@chrome://remote/content/marionette/server.js:250:20
onPacket@chrome://remote/content/marionette/server.js:251:9
_onJSONObjectReady/&lt;@chrome://remote/content/marionette/transport.js:502:20
observe@resource://gre/modules/AsyncShutdown.jsm:577:16
</msg>
<status status="FAIL" starttime="20220823 14:07:22.344" endtime="20220823 14:07:32.654"/>
</kw>
<status status="FAIL" starttime="20220823 14:07:22.333" endtime="20220823 14:07:32.667"/>
</kw>
<status status="FAIL" starttime="20220823 14:04:15.604" endtime="20220823 14:07:32.678"/>
</kw>
<status status="FAIL" starttime="20220823 14:04:15.603" endtime="20220823 14:07:32.690"/>
</kw>
<status status="FAIL" starttime="20220823 14:04:04.155" endtime="20220823 14:07:32.702">NoSuchWindowException: Message: Browsing context has been discarded
Stacktrace:
WebDriverError@chrome://remote/content/shared/webdriver/Errors.jsm:188:5
NoSuchWindowError@chrome://remote/content/shared/webdriver/Errors.jsm:442:5
assert.that/&lt;@chrome://remote/content/shared/webdriver/Assert.jsm:493:13
assert.open@chrome://remote/content/shared/webdriver/Assert.jsm:155:4
GeckoDriver.prototype.findElements@chrome://remote/content/marionette/driver.js:1531:15
despatch@chrome://remote/content/marionette/server.js:304:40
execute@chrome://remote/content/marionette/server.js:277:16
onPacket/&lt;@chrome://remote/content/marionette/server.js:250:20
onPacket@chrome://remote/content/marionette/server.js:251:9
_onJSONObjectReady/&lt;@chrome://remote/content/marionette/transport.js:502:20
observe@resource://gre/modules/AsyncShutdown.jsm:577:16
</status>
</test>
<doc>URL da página: https://damp-hollows-09002.herokuapp.com/</doc>
<status status="FAIL" starttime="20220823 14:04:03.120" endtime="20220823 14:07:32.774"/>
</suite>
<statistics>
<total>
<stat pass="0" fail="1" skip="0">All Tests</stat>
</total>
<tag>
</tag>
<suite>
<stat pass="0" fail="1" skip="0" id="s1" name="Teste2">Teste2</stat>
</suite>
</statistics>
<errors>
<msg timestamp="20220823 14:07:25.130" level="WARN">Keyword 'Capture Page Screenshot' could not be run on failure: Message: Browsing context has been discarded
Stacktrace:
WebDriverError@chrome://remote/content/shared/webdriver/Errors.jsm:188:5
NoSuchWindowError@chrome://remote/content/shared/webdriver/Errors.jsm:442:5
assert.that/&lt;@chrome://remote/content/shared/webdriver/Assert.jsm:493:13
assert.open@chrome://remote/content/shared/webdriver/Assert.jsm:155:4
GeckoDriver.prototype.takeScreenshot@chrome://remote/content/marionette/driver.js:2331:15
despatch@chrome://remote/content/marionette/server.js:304:40
execute@chrome://remote/content/marionette/server.js:277:16
onPacket/&lt;@chrome://remote/content/marionette/server.js:250:20
onPacket@chrome://remote/content/marionette/server.js:251:9
_onJSONObjectReady/&lt;@chrome://remote/content/marionette/transport.js:502:20
observe@resource://gre/modules/AsyncShutdown.jsm:577:16
</msg>
</errors>
</robot>
