<?xml version="1.0" encoding="UTF-8"?>
<robot generator="Robot 5.0 (Python 3.8.2 on linux)" generated="20220505 13:25:06.154" rpa="false" schemaversion="3">
<suite id="s1" name="TestCasesApiBooks" source="/home/arlison/RobotFramework/BooksApi/TestCasesApiBooks.robot">
<kw name="Conectar a API" library="ResourceApi" type="SETUP">
<kw name="Create Session" library="RequestsLibrary">
<arg>FakeApi</arg>
<arg>${URL_API}</arg>
<arg>verify=true</arg>
<doc>Create Session: create a HTTP session to a server</doc>
<msg timestamp="20220505 13:25:06.595" level="INFO">Creating Session using : alias=FakeApi, url=https://fakerestapi.azurewebsites.net/api/v1, headers={},                     cookies={}, auth=None, timeout=None, proxies=None, verify=True,                     debug=0 </msg>
<status status="PASS" starttime="20220505 13:25:06.593" endtime="20220505 13:25:06.595"/>
</kw>
<kw name="Create Dictionary" library="BuiltIn">
<var>${HEADERS}</var>
<arg>content-type=application/json</arg>
<doc>Creates and returns a dictionary based on the given ``items``.</doc>
<msg timestamp="20220505 13:25:06.597" level="INFO">${HEADERS} = {'content-type': 'application/json'}</msg>
<status status="PASS" starttime="20220505 13:25:06.596" endtime="20220505 13:25:06.597"/>
</kw>
<kw name="Set Suite Variable" library="BuiltIn">
<arg>${HEADERS}</arg>
<doc>Makes a variable available everywhere within the scope of the current suite.</doc>
<msg timestamp="20220505 13:25:06.606" level="INFO">${HEADERS} = {'content-type': 'application/json'}</msg>
<status status="PASS" starttime="20220505 13:25:06.605" endtime="20220505 13:25:06.606"/>
</kw>
<status status="PASS" starttime="20220505 13:25:06.592" endtime="20220505 13:25:06.607"/>
</kw>
<test id="s1-t1" name="Buscar listagem de todos os livros (GET em todos os livros)" line="10">
<kw name="Requisitar todos os livros" library="ResourceApi">
<kw name="GET On Session" library="RequestsLibrary">
<var>${RESPOSTA}</var>
<arg>FakeApi</arg>
<arg>Books</arg>
<arg>expected_status=200</arg>
<doc>Sends a GET request on a previously created HTTP Session.</doc>
<msg timestamp="20220505 13:25:09.604" level="INFO">GET Request : url=https://fakerestapi.azurewebsites.net/api/v1/Books 
 path_url=/api/v1/Books 
 headers={'User-Agent': 'python-requests/2.27.1', 'Accept-Encoding': 'gzip, deflate', 'Accept': '*/*', 'Connection': 'keep-alive'} 
 body=None 
 </msg>
<msg timestamp="20220505 13:25:09.606" level="INFO">GET Response : url=https://fakerestapi.azurewebsites.net/api/v1/Books 
 status=200, reason=OK 
 headers={'Transfer-Encoding': 'chunked', 'Content-Type': 'application/json; charset=utf-8; v=1.0', 'Server': 'Kestrel', 'api-supported-versions': '1.0', 'Date': 'Thu, 05 May 2022 20:25:16 GMT'} 
 body=[{"id":1,"title":"Book 1","description":"Sanctus dolor et accumsan hendrerit et. Elitr ullamcorper lorem laoreet vulputate tempor lobortis et autem et ullamcorper tempor tempor dignissim et lorem et. Possim diam eos et takimata lorem dolore eirmod magna stet accusam sea tempor molestie accusam kasd praesent est vero. Elitr amet eos est facilisis aliquyam congue dolor labore dolor eos ipsum sit eleifend tempor tation et. Option sit ipsum sit takimata accusam sit sanctus illum voluptua ea voluptua eirmod. Voluptua nonumy dolore in tempor ea eirmod at ipsum sanctus ipsum labore dolor duo dolore lobortis dolor. Et vero tincidunt at kasd laoreet nonumy et esse velit dolore eos lorem elitr no sit. Takimata illum duis sanctus laoreet accusam tempor at kasd amet et at vel consetetur ipsum clita justo. Stet iusto erat in nonumy qui ut elit consequat gubergren amet. Sed at aliquip in vero consequat ut diam lorem lorem amet et est erat. Sit invidunt stet dolore gubergren labore justo. Sadipscing aliquyam ea. Sea accusam elitr odio possim at no accusam et mazim facilisi accusam. Sanctus aliquyam magna gubergren ut no dolor in dolor iusto sed. Sit diam ut eros aliquyam elitr kasd sadipscing erat voluptua justo takimata kasd ipsum ipsum eum et sanctus.\n","pageCount":100,"excerpt":"Elitr dolor lorem diam magna ut takimata accusam stet. Sanctus et vel vel hendrerit ut. Augue amet duo eum. Aliquyam esse eum magna quis esse facilisis sanctus sed augue duo suscipit erat aliquyam in aliquyam facilisis. Ut sed aliquyam ea justo.\nVeniam tincidunt aliquyam eos dolor takimata possim invidunt stet nostrud sed ut duo diam qui sed takimata facer. Rebum clita tation no diam elitr et tempor ipsum lorem dolore zzril wisi ut feugait. Sit amet et.\nIpsum tempor lorem accusam consetetur nonumy et vero duo rebum. Sea ut et gubergren sea blandit invidunt aliquyam duo accusam sed magna magna no dolores sit. Sed tincidunt no vero labore ipsum dolores takimata sadipscing. Duo lorem erat aliquyam rebum sed euismod sanctus nonumy ipsum elit sed autem delenit tempor dolor. Eos lorem et clita voluptua nonumy lorem labore gubergren lorem lorem at tempor facilisi vel ipsum magna. Voluptua magna at diam diam stet lorem clita dolor diam option. No ut stet cum sadipscing soluta at voluptua takimata eleifend magna dolor diam invidunt stet aliquyam sit enim rebum. Ea consetetur diam nulla. Dolor aliquip sit sea amet et. Nisl eu ullamcorper tincidunt elit ipsum. Dolores eos est stet id amet consetetur.\nTakimata eos quis dolor voluptua ut stet tempor sed est velit diam dolor sed duo. Takimata et duis nam. Volutpat duo dolores amet vel justo consetetur aliquyam nobis no cum sea ipsum nonumy. Eos eos nonumy. Duo et lorem in quis. Et amet tempor nonumy clita et ad dolor sed voluptua esse consetetur commodo aliquyam amet et sed sed ea. Ut tempor diam et dolor invidunt kasd feugiat ipsum eos dolore vero lorem qui minim vero.\nMagna at tempor vero takimata et magna. Diam in amet. Dolore accusam amet eum takimata rebum est accusam. Labore vulputate amet dolore duo illum sit justo ipsum consectetuer at ad ea. Nonumy gubergren dolor commodo vero invidunt eos sit. Dignissim sanctus ut sit dolore nonumy kasd. Justo est diam magna ut tempor vero aliquyam et sit dolore at clita. Et praesent tation suscipit diam sanctus rebum magna justo consequat esse eirmod ipsum. Gubergren sit stet consetetur tempor amet sea sea no dolores est nonumy diam gubergren.\n","publishDate":"2022-05-04T20:25:16.1121907+00:00"},{"id":2,"title":"Book 2","description":"Labore nonumy vulputate et ut at sadipscing. Justo est et eirmod tempor sadipscing in. Lobortis luptatum erat duis. Nibh ipsum et mazim clita hendrerit eos sit magna quis velit nonumy dolore rebum ipsum kasd amet. Labore nulla tempor at et facer et et et laoreet sea nisl sed. Kasd eu laoreet lobortis dolore eum vero dolor aliquip sed eirmod quis labore ipsum accusam autem. Duis ad voluptua delenit elitr et et. Consetetur odio diam facilisis wisi sadipscing sadipscing ut no consequat dolor. Stet eros ut praesent et ipsum no. At nam et qui ipsum magna nonummy consetetur. Illum justo delenit praesent labore no voluptua illum voluptua diam ut sed at quod. Et et magna vero sit eros consectetuer nonumy vero et erat. Duis hendrerit nonumy amet luptatum. Ea at sed stet vero feugiat sit dolor lorem sanctus rebum vero te ea rebum accusam lorem veniam. Nisl dolor vero dolor magna vulputate qui est. Consetetur rebum invidunt accumsan dolor clita te dolore sed lorem lorem tempor. Tincidunt in voluptua sea amet sanctus ipsum. Sed accusam consetetur ipsum magna justo.\n","pageCount":200,"excerpt":"Magna adipiscing et magna justo dolor tempor. Vero placerat dolor vero no magna lorem aliquyam stet takimata in et te et dolore rebum. Ea et et vero in accusam sadipscing laoreet gubergren quis consequat. Ipsum sadipscing nulla eos eos sit nonummy feugait eos diam dolor at stet. Vero sit est. No takimata takimata ipsum ut stet feugiat facilisis dolores et lorem sit lorem possim dolore ipsum luptatum rebum rebum. Dolore iusto dolor iusto ea vero. Consequat eos sanctus minim zzril dolores sit ut iriure tempor sit eros augue te nulla praesent sea aliquip eos. Eros sea gubergren ipsum nostrud ipsum sed quis clita te volutpat ad diam diam magna. Exerci lorem takimata ipsum ut tempor consequat gubergren zzril sanctus blandit ut sanctus sanctus diam duo nulla. Feugiat facilisi labore dolore takimata. Nonumy lobortis dolore invidunt molestie suscipit ea dolor at dignissim diam diam. Molestie sit possim at vero lorem ipsum nihil gubergren qui magna aliquip blandit et. Dolores ut est sed eu nonumy no lorem est nobis et erat sanctus dolore accumsan. Ea molestie aliquip elitr lorem nonumy ut doming et lorem et aliquyam amet sit lorem eu. Nonumy ipsum est feugiat lorem dolor elitr sea aliquyam. Velit sadipscing sadipscing et feugiat nisl sit lorem. Ipsum diam clita feugiat.\nTakimata facilisis et ut lorem ipsum dolor dolor in ea ipsum ipsum eos et. Dolor ex molestie nonumy eum commodo ullamcorper facilisi nonumy id ut odio ut wisi diam kasd at consequat et. Gubergren eos vero sadipscing eum odio elitr. Exerci dolor labore kasd eirmod sit ut voluptua. Nonumy amet exerci ut tempor aliquyam.\nSit aliquip sit no takimata eos. Ipsum vero et eos elit amet. At vero eos magna accusam consetetur sed labore minim ipsum no invidunt. Nonumy no amet eos iriure dolores eos. Dolores gubergren hendrerit justo erat rebum sea voluptua sed kasd eros dolor. Invidunt dolor mazim takimata no rebum. Erat nonumy cum aliquam accusam blandit luptatum consetetur stet. Lorem stet accusam stet sea et.\nElitr aliquyam et sit dolor invidunt elit nulla sea ipsum takimata amet amet labore lorem. Ut sed sanctus sed ipsum kasd. Rebum rebum erat elit autem. Duis erat vulputate kasd feugiat et consequat delenit et tempor ad ut. Gubergren augue clita consetetur duo et no sit eum aliquyam nibh vero sit eu. Justo et suscipit vero invidunt et no vero hendrerit gubergren qui labore esse aliquyam blandit in at sanctus vel. Ipsum duis sit euismod wisi velit et eirmod lorem gubergren tempor ea duo. Sit soluta nihil et amet ea vel dolor magna labore zzril dolore nonumy. Sed et dolor lorem. Ea rebum accumsan sed erat no rebum. Et at diam et duo. Eirmod labore dolores erat dolore ut. Duis congue vel qui erat sed ut aliquyam gubergren iriure vero lorem. Ipsum molestie accusam eos blandit dolores est clita delenit erat. Clita kasd et duo et clita no justo dolore ut luptatum labore sadipscing voluptua lorem. Aliquyam facilisis kasd ipsum sit vero no diam qui rebum consetetur facilisis consequat duo no et illum.\nSed consequat labore no lorem velit sea dolores. Suscipit tempor diam aliquyam blandit vero sed invidunt ea eleifend et eirmod sanctus et. Ipsum duo congue invidunt luptatum ea sit ea duo. Dolore diam dolor clita stet kasd dolor sanctus mazim voluptua dolore tempor autem kasd diam no eos ipsum. Vero justo sed magna esse sed dolore tempor et et invidunt no tempor vero sed gubergren. Consetetur et lorem lorem eros eu stet. Ut dolores ipsum assum no takimata elitr no et consetetur eirmod voluptua ipsum nonummy et dolore eos. Et sanctus duo sed nulla ut at vel ea vel. Lorem ut eirmod sit et amet. Clita duo sit stet consetetur et et duo sed sed ea eirmod in accusam aliquyam justo clita. Sadipscing takimata facilisi eu at amet sadipscing sed clita magna vero sit.\n","publishDate":"2022-05-03T20:25:16.1122708+00:00"},{"id":3,"title":"Book 3","description":"Nulla accusam accusam tincidunt kasd takimata rebum duo sit gubergren elitr suscipit et ea lorem voluptua aliquam. At et aliquyam sadipscing iusto ea mazim sit ipsum dolore eirmod. Vulputate eleifend at takimata sit justo sit. Sea sanctus stet vero eirmod commodo est aliquyam kasd diam eirmod clita aliquyam. Tempor ut stet molestie et sanctus magna gubergren ipsum quis feugiat elitr vulputate sea diam. Stet consequat vero amet vulputate et takimata est et. Sadipscing eirmod et sit gubergren sit ipsum voluptua rebum sit consetetur amet consequat sit sadipscing autem dolor erat. Amet kasd ad kasd luptatum aliquyam dolor amet invidunt hendrerit dolores ut. Rebum no illum vero accusam diam justo erat quis kasd sit voluptua ut stet lorem.\n","pageCount":300,"excerpt":"Takimata dolores ut sit sed rebum aliquyam. Sea dolore nulla vero clita illum. Et dolor invidunt nostrud eu minim amet stet autem congue eu amet ad esse. Duo dolor luptatum aliquip amet lorem iriure sit ut consetetur nobis amet rebum feugait. Eos nobis kasd erat gubergren et diam sanctus magna lorem illum est in ipsum dolore rebum dolore. Ut ea in sea facilisis et dolor nonumy sanctus labore enim dolore feugiat dolore.\nAt et facilisi lorem tincidunt et sed nulla ut dolor diam amet. Dolor vero magna ipsum nulla erat euismod assum delenit accusam diam accusam possim sadipscing voluptua magna amet takimata lorem. Sanctus et magna accumsan amet invidunt eros vero voluptua. Et veniam dolor eirmod no guberg... (set the log level to DEBUG or TRACE to see the full content) 
 </msg>
<msg timestamp="20220505 13:25:09.607" level="INFO">${RESPOSTA} = &lt;Response [200]&gt;</msg>
<status status="PASS" starttime="20220505 13:25:06.624" endtime="20220505 13:25:09.607"/>
</kw>
<kw name="Log" library="BuiltIn">
<arg>${RESPOSTA.text}</arg>
<doc>Logs the given message with the given level.</doc>
<msg timestamp="20220505 13:25:09.619" level="INFO">[{"id":1,"title":"Book 1","description":"Sanctus dolor et accumsan hendrerit et. Elitr ullamcorper lorem laoreet vulputate tempor lobortis et autem et ullamcorper tempor tempor dignissim et lorem et. Possim diam eos et takimata lorem dolore eirmod magna stet accusam sea tempor molestie accusam kasd praesent est vero. Elitr amet eos est facilisis aliquyam congue dolor labore dolor eos ipsum sit eleifend tempor tation et. Option sit ipsum sit takimata accusam sit sanctus illum voluptua ea voluptua eirmod. Voluptua nonumy dolore in tempor ea eirmod at ipsum sanctus ipsum labore dolor duo dolore lobortis dolor. Et vero tincidunt at kasd laoreet nonumy et esse velit dolore eos lorem elitr no sit. Takimata illum duis sanctus laoreet accusam tempor at kasd amet et at vel consetetur ipsum clita justo. Stet iusto erat in nonumy qui ut elit consequat gubergren amet. Sed at aliquip in vero consequat ut diam lorem lorem amet et est erat. Sit invidunt stet dolore gubergren labore justo. Sadipscing aliquyam ea. Sea accusam elitr odio possim at no accusam et mazim facilisi accusam. Sanctus aliquyam magna gubergren ut no dolor in dolor iusto sed. Sit diam ut eros aliquyam elitr kasd sadipscing erat voluptua justo takimata kasd ipsum ipsum eum et sanctus.\n","pageCount":100,"excerpt":"Elitr dolor lorem diam magna ut takimata accusam stet. Sanctus et vel vel hendrerit ut. Augue amet duo eum. Aliquyam esse eum magna quis esse facilisis sanctus sed augue duo suscipit erat aliquyam in aliquyam facilisis. Ut sed aliquyam ea justo.\nVeniam tincidunt aliquyam eos dolor takimata possim invidunt stet nostrud sed ut duo diam qui sed takimata facer. Rebum clita tation no diam elitr et tempor ipsum lorem dolore zzril wisi ut feugait. Sit amet et.\nIpsum tempor lorem accusam consetetur nonumy et vero duo rebum. Sea ut et gubergren sea blandit invidunt aliquyam duo accusam sed magna magna no dolores sit. Sed tincidunt no vero labore ipsum dolores takimata sadipscing. Duo lorem erat aliquyam rebum sed euismod sanctus nonumy ipsum elit sed autem delenit tempor dolor. Eos lorem et clita voluptua nonumy lorem labore gubergren lorem lorem at tempor facilisi vel ipsum magna. Voluptua magna at diam diam stet lorem clita dolor diam option. No ut stet cum sadipscing soluta at voluptua takimata eleifend magna dolor diam invidunt stet aliquyam sit enim rebum. Ea consetetur diam nulla. Dolor aliquip sit sea amet et. Nisl eu ullamcorper tincidunt elit ipsum. Dolores eos est stet id amet consetetur.\nTakimata eos quis dolor voluptua ut stet tempor sed est velit diam dolor sed duo. Takimata et duis nam. Volutpat duo dolores amet vel justo consetetur aliquyam nobis no cum sea ipsum nonumy. Eos eos nonumy. Duo et lorem in quis. Et amet tempor nonumy clita et ad dolor sed voluptua esse consetetur commodo aliquyam amet et sed sed ea. Ut tempor diam et dolor invidunt kasd feugiat ipsum eos dolore vero lorem qui minim vero.\nMagna at tempor vero takimata et magna. Diam in amet. Dolore accusam amet eum takimata rebum est accusam. Labore vulputate amet dolore duo illum sit justo ipsum consectetuer at ad ea. Nonumy gubergren dolor commodo vero invidunt eos sit. Dignissim sanctus ut sit dolore nonumy kasd. Justo est diam magna ut tempor vero aliquyam et sit dolore at clita. Et praesent tation suscipit diam sanctus rebum magna justo consequat esse eirmod ipsum. Gubergren sit stet consetetur tempor amet sea sea no dolores est nonumy diam gubergren.\n","publishDate":"2022-05-04T20:25:16.1121907+00:00"},{"id":2,"title":"Book 2","description":"Labore nonumy vulputate et ut at sadipscing. Justo est et eirmod tempor sadipscing in. Lobortis luptatum erat duis. Nibh ipsum et mazim clita hendrerit eos sit magna quis velit nonumy dolore rebum ipsum kasd amet. Labore nulla tempor at et facer et et et laoreet sea nisl sed. Kasd eu laoreet lobortis dolore eum vero dolor aliquip sed eirmod quis labore ipsum accusam autem. Duis ad voluptua delenit elitr et et. Consetetur odio diam facilisis wisi sadipscing sadipscing ut no consequat dolor. Stet eros ut praesent et ipsum no. At nam et qui ipsum magna nonummy consetetur. Illum justo delenit praesent labore no voluptua illum voluptua diam ut sed at quod. Et et magna vero sit eros consectetuer nonumy vero et erat. Duis hendrerit nonumy amet luptatum. Ea at sed stet vero feugiat sit dolor lorem sanctus rebum vero te ea rebum accusam lorem veniam. Nisl dolor vero dolor magna vulputate qui est. Consetetur rebum invidunt accumsan dolor clita te dolore sed lorem lorem tempor. Tincidunt in voluptua sea amet sanctus ipsum. Sed accusam consetetur ipsum magna justo.\n","pageCount":200,"excerpt":"Magna adipiscing et magna justo dolor tempor. Vero placerat dolor vero no magna lorem aliquyam stet takimata in et te et dolore rebum. Ea et et vero in accusam sadipscing laoreet gubergren quis consequat. Ipsum sadipscing nulla eos eos sit nonummy feugait eos diam dolor at stet. Vero sit est. No takimata takimata ipsum ut stet feugiat facilisis dolores et lorem sit lorem possim dolore ipsum luptatum rebum rebum. Dolore iusto dolor iusto ea vero. Consequat eos sanctus minim zzril dolores sit ut iriure tempor sit eros augue te nulla praesent sea aliquip eos. Eros sea gubergren ipsum nostrud ipsum sed quis clita te volutpat ad diam diam magna. Exerci lorem takimata ipsum ut tempor consequat gubergren zzril sanctus blandit ut sanctus sanctus diam duo nulla. Feugiat facilisi labore dolore takimata. Nonumy lobortis dolore invidunt molestie suscipit ea dolor at dignissim diam diam. Molestie sit possim at vero lorem ipsum nihil gubergren qui magna aliquip blandit et. Dolores ut est sed eu nonumy no lorem est nobis et erat sanctus dolore accumsan. Ea molestie aliquip elitr lorem nonumy ut doming et lorem et aliquyam amet sit lorem eu. Nonumy ipsum est feugiat lorem dolor elitr sea aliquyam. Velit sadipscing sadipscing et feugiat nisl sit lorem. Ipsum diam clita feugiat.\nTakimata facilisis et ut lorem ipsum dolor dolor in ea ipsum ipsum eos et. Dolor ex molestie nonumy eum commodo ullamcorper facilisi nonumy id ut odio ut wisi diam kasd at consequat et. Gubergren eos vero sadipscing eum odio elitr. Exerci dolor labore kasd eirmod sit ut voluptua. Nonumy amet exerci ut tempor aliquyam.\nSit aliquip sit no takimata eos. Ipsum vero et eos elit amet. At vero eos magna accusam consetetur sed labore minim ipsum no invidunt. Nonumy no amet eos iriure dolores eos. Dolores gubergren hendrerit justo erat rebum sea voluptua sed kasd eros dolor. Invidunt dolor mazim takimata no rebum. Erat nonumy cum aliquam accusam blandit luptatum consetetur stet. Lorem stet accusam stet sea et.\nElitr aliquyam et sit dolor invidunt elit nulla sea ipsum takimata amet amet labore lorem. Ut sed sanctus sed ipsum kasd. Rebum rebum erat elit autem. Duis erat vulputate kasd feugiat et consequat delenit et tempor ad ut. Gubergren augue clita consetetur duo et no sit eum aliquyam nibh vero sit eu. Justo et suscipit vero invidunt et no vero hendrerit gubergren qui labore esse aliquyam blandit in at sanctus vel. Ipsum duis sit euismod wisi velit et eirmod lorem gubergren tempor ea duo. Sit soluta nihil et amet ea vel dolor magna labore zzril dolore nonumy. Sed et dolor lorem. Ea rebum accumsan sed erat no rebum. Et at diam et duo. Eirmod labore dolores erat dolore ut. Duis congue vel qui erat sed ut aliquyam gubergren iriure vero lorem. Ipsum molestie accusam eos blandit dolores est clita delenit erat. Clita kasd et duo et clita no justo dolore ut luptatum labore sadipscing voluptua lorem. Aliquyam facilisis kasd ipsum sit vero no diam qui rebum consetetur facilisis consequat duo no et illum.\nSed consequat labore no lorem velit sea dolores. Suscipit tempor diam aliquyam blandit vero sed invidunt ea eleifend et eirmod sanctus et. Ipsum duo congue invidunt luptatum ea sit ea duo. Dolore diam dolor clita stet kasd dolor sanctus mazim voluptua dolore tempor autem kasd diam no eos ipsum. Vero justo sed magna esse sed dolore tempor et et invidunt no tempor vero sed gubergren. Consetetur et lorem lorem eros eu stet. Ut dolores ipsum assum no takimata elitr no et consetetur eirmod voluptua ipsum nonummy et dolore eos. Et sanctus duo sed nulla ut at vel ea vel. Lorem ut eirmod sit et amet. Clita duo sit stet consetetur et et duo sed sed ea eirmod in accusam aliquyam justo clita. Sadipscing takimata facilisi eu at amet sadipscing sed clita magna vero sit.\n","publishDate":"2022-05-03T20:25:16.1122708+00:00"},{"id":3,"title":"Book 3","description":"Nulla accusam accusam tincidunt kasd takimata rebum duo sit gubergren elitr suscipit et ea lorem voluptua aliquam. At et aliquyam sadipscing iusto ea mazim sit ipsum dolore eirmod. Vulputate eleifend at takimata sit justo sit. Sea sanctus stet vero eirmod commodo est aliquyam kasd diam eirmod clita aliquyam. Tempor ut stet molestie et sanctus magna gubergren ipsum quis feugiat elitr vulputate sea diam. Stet consequat vero amet vulputate et takimata est et. Sadipscing eirmod et sit gubergren sit ipsum voluptua rebum sit consetetur amet consequat sit sadipscing autem dolor erat. Amet kasd ad kasd luptatum aliquyam dolor amet invidunt hendrerit dolores ut. Rebum no illum vero accusam diam justo erat quis kasd sit voluptua ut stet lorem.\n","pageCount":300,"excerpt":"Takimata dolores ut sit sed rebum aliquyam. Sea dolore nulla vero clita illum. Et dolor invidunt nostrud eu minim amet stet autem congue eu amet ad esse. Duo dolor luptatum aliquip amet lorem iriure sit ut consetetur nobis amet rebum feugait. Eos nobis kasd erat gubergren et diam sanctus magna lorem illum est in ipsum dolore rebum dolore. Ut ea in sea facilisis et dolor nonumy sanctus labore enim dolore feugiat dolore.\nAt et facilisi lorem tincidunt et sed nulla ut dolor diam amet. Dolor vero magna ipsum nulla erat euismod assum delenit accusam diam accusam possim sadipscing voluptua magna amet takimata lorem. Sanctus et magna accumsan amet invidunt eros vero voluptua. Et veniam dolor eirmod no gubergren sit duis takimata erat feugait. Diam consetetur magna sed. Et ipsum elitr. Sed nonumy sed sit ut gubergren sed lorem esse kasd dignissim exerci vero velit augue dolor. Ut et tempor accusam et et sed nonumy aliquyam tempor consetetur et sit ipsum te ut diam. In eos mazim labore amet iriure nulla ipsum dolores nonumy ut est hendrerit ut voluptua et aliquam. Eirmod ea vero justo vulputate et amet eos magna ipsum invidunt sea gubergren sed. Feugiat et sed at sit. Voluptua sadipscing vel odio dolor magna sea luptatum elitr amet justo lorem ipsum zzril vero dolor. Suscipit et nonumy at aliquyam.\nExerci erat et lorem takimata elit dolore nonumy laoreet magna sed. Sed kasd sit in stet at. Ipsum dolores at nulla. Kasd stet sit sed exerci amet et aliquyam elit lorem stet et sit nonumy accumsan. Autem aliquyam voluptua gubergren lorem ex sed et accusam elitr lorem stet diam. Duis erat duo et voluptua ad eu diam doming diam ut ad eos stet justo dolore gubergren. Luptatum nonummy eirmod eirmod dolores dolor facilisi sea nonumy autem et lorem sea dolor in facer dolore labore et. Erat aliquyam amet sea ipsum illum accumsan accusam adipiscing sanctus lorem sed et suscipit. Dolore velit dolore stet accusam commodo dolor et labore eirmod. Dolor euismod voluptua eleifend ipsum ut tempor nulla dolor lobortis eros eu justo duo et ut. Gubergren sed sadipscing et labore delenit sea dolores eos accusam cum rebum kasd est et. Sed dolore lorem nibh magna ea duo diam ut soluta. Sanctus sed sea consetetur erat quis takimata rebum sadipscing sit et magna kasd justo autem sed rebum ipsum. Elitr option ullamcorper diam in.\nDiam magna sit vulputate erat esse qui enim. Tation lorem diam vero invidunt dolor feugait vero sadipscing sea dolor eirmod dolore et. Cum tempor consequat kasd aliquam magna.\nNo nisl ut voluptua dolores stet suscipit ea amet et dolores sed at aliquam sit veniam accusam nonumy consequat. Et et dolore nihil lorem eos tempor adipiscing. Tempor consetetur accusam et et sit illum nonummy sed elitr consequat cum nulla dolore ipsum no sanctus dolor magna. Accusam nonumy sed minim lorem. Voluptua ut at at amet labore vero consequat justo accusam nulla sanctus vero est elit labore. Ipsum et erat vero consetetur magna ipsum elitr sed sanctus. Dolore diam consequat ut ipsum. Elitr ea odio sit magna magna at erat liber ipsum rebum sit et vel nonumy tempor ea diam eum. Sadipscing magna diam et dignissim ut consetetur et et ea. Ipsum hendrerit augue. Magna dolor elitr dolores rebum aliquam consetetur nisl nihil accumsan at sanctus nonummy congue amet eos. Aliquyam tempor accusam consetetur clita amet. Vel nulla minim consectetuer sanctus magna consetetur gubergren sed no.\n","publishDate":"2022-05-02T20:25:16.1123388+00:00"},{"id":4,"title":"Book 4","description":"Eos minim gubergren elitr duo gubergren vulputate. Aliquyam erat dolore ipsum et elitr tempor eos lorem nibh. Duo delenit sadipscing lorem tempor sea. Et gubergren rebum et duis. Eirmod est amet et vel iriure molestie ut sanctus et ipsum dolores amet. Kasd rebum consetetur. Est rebum autem aliquyam gubergren erat sit aliquyam ut nam sed dolor invidunt. Magna magna tempor duo elitr. Diam gubergren est cum illum vel nostrud invidunt elitr dolore consectetuer dolor diam consetetur sea labore est ipsum. Ut nulla ut te et takimata rebum zzril hendrerit molestie rebum iusto sadipscing et. Consetetur consetetur gubergren. Lorem sit dolor gubergren. Ipsum et et dolor elitr odio aliquyam diam duo lorem. Sadipscing et consequat et iriure ut et accusam autem at consetetur quod. Dolor illum dolores vero rebum est lorem dolores sed dolor nulla nonumy duis diam dolor dolores.\n","pageCount":400,"excerpt":"Sanctus et invidunt soluta erat dolore lobortis magna sit erat enim aliquyam at tincidunt sit clita sanctus tation nonumy. Stet nonumy in vulputate te sed in sed amet labore te ipsum. Laoreet tempor eos sed euismod ut tempor diam dolore odio justo et diam et ea et assum ut. Vel accusam at. Erat ipsum sea vulputate dolor diam ea luptatum molestie wisi vero ut est nonumy et amet vero. Duo no nulla molestie et elitr sanctus eros consetetur facilisis sadipscing eros ut ipsum. Gubergren sed aliquyam invidunt facilisis et sed consequat est. Dolor aliquyam tempor consetetur iriure lorem ea dolore erat lorem iriure ipsum elitr at esse. Diam et elitr vero clita sed. Ut consetetur amet tempor nostrud nostrud labore nonumy magna sit suscipit sit clita justo aliquip. Eos clita aliquyam sadipscing lorem accusam at tempor dolor et.\nSit vulputate option nonumy gubergren no lorem lorem lorem et sanctus labore stet rebum rebum. Tempor amet vero aliquyam autem dolores aliquip. Dolore duis voluptua feugiat molestie tincidunt invidunt diam. Sed vero at nonumy sit vulputate. Amet invidunt luptatum accusam sanctus dolor magna ut takimata ullamcorper.\nSit et iriure kasd invidunt. Vero clita laoreet eos. Sanctus duis luptatum invidunt et clita velit dolore diam. Possim magna sadipscing blandit lorem odio ea blandit. Magna sed kasd consetetur diam et labore et eirmod ut consetetur facilisis aliquyam eros accumsan. Dolore diam facilisis vel elit duo ipsum rebum tempor facilisi. Magna kasd nisl dolores eirmod tempor tempor. Enim sit nonumy nonumy justo amet lobortis ipsum kasd gubergren gubergren quis assum ea at suscipit ut.\nOdio ullamcorper aliquyam. Ut accusam dolore eu vero eleifend ut aliquyam. Diam vero takimata lorem justo ut kasd feugiat aliquyam consequat odio accusam diam magna. Dolores dolore dolor ut amet est duis iriure ipsum commodo aliquyam ea eirmod ipsum aliquyam ut. Lorem sea sed gubergren dolore in diam magna minim no elitr sanctus no autem. Nonumy amet nulla eirmod soluta et sanctus aliquyam stet dolore est amet in eu sanctus amet. Veniam clita amet dolor volutpat est sanctus tincidunt sea assum ut sit elitr lorem at ipsum dolore. Lorem accusam elitr dolor sadipscing elit diam magna.\nNulla vel et iusto no sadipscing diam feugiat amet erat. Delenit nulla eu gubergren amet erat labore lorem sed id dolor. Ipsum eirmod ut elitr dolor aliquam commodo.\n","publishDate":"2022-05-01T20:25:16.1123873+00:00"},{"id":5,"title":"Book 5","description":"Tempor dolore labore. Est lorem luptatum lorem duis stet sea ipsum et eos magna illum hendrerit ipsum ea sadipscing zzril amet sit. Ea et ut takimata sit stet. Minim ut autem labore at autem molestie laoreet blandit dolor est dolore diam diam dolores aliquyam. Diam gubergren velit accusam velit eu lorem nibh consequat vero no sea ea te ipsum. Commodo rebum ipsum dolore volutpat voluptua invidunt et sed. Feugait ullamcorper sit duo odio dolor amet nonumy erat diam. No voluptua sed sit iriure takimata labore at dolore lorem placerat takimata labore magna. Sit justo at est vero illum aliquyam. Eos velit voluptua diam velit. Nulla sadipscing nulla. Accusam sea aliquyam takimata consequat diam.\n","pageCount":500,"excerpt":"Sadipscing feugait kasd duo blandit et ipsum clita. Magna at at amet nulla facilisis est duo accusam eirmod et ut et. Gubergren voluptua amet nostrud et nonumy ea lorem dolor est voluptua eros hendrerit. Est et voluptua labore at cum magna eu facer diam eu aliquyam.\nAmet magna erat stet gubergren ut aliquip sed soluta dolore ipsum vulputate. Tincidunt diam ipsum invidunt dolore ut te stet et erat ut sed magna consetetur sit est takimata sit sadipscing. Voluptua sadipscing duo voluptua dolor amet est diam rebum vulputate aliquam invidunt labore placerat lorem. Tempor ipsum duis est eos et diam elitr. Nisl aliquyam elitr est. Kasd et est. Invidunt esse iusto diam sed praesent lorem dolore amet aliquyam tincidunt ipsum quod. Accumsan esse ut dolor ipsum tempor et clita. Gubergren et in tempor erat et consetetur ut ipsum magna duo est dolor invidunt consetetur at. Dolor lorem euismod magna dolores amet no eos esse dolor ut takimata feugiat duo qui amet clita clita amet. Zzril vero gubergren diam nonumy facilisis duo voluptua lorem ut commodo sed veniam ea justo. Dolor justo sadipscing eirmod et diam vero voluptua sea qui esse rebum lorem liber ea at erat vulputate. Sed iriure clita no gubergren sed labore et clita et nibh kasd. Duo nostrud takimata sit justo eos esse et ipsum aliquam erat lorem eirmod ipsum. Elit et nonummy lorem nonumy vel at lorem iriure gubergren praesent consetetur lorem minim ea. Dolor sea sed nulla no commodo consequat aliquyam amet justo soluta aliquyam takimata. Possim laoreet at.\nNonumy vero eirmod dolore zzril diam gubergren eu in ipsum stet. Diam kasd duo ut erat imperdiet eos sit ut takimata nonumy aliquyam. Sit kasd elitr nisl accusam aliquyam ut at sea. Ipsum ut ut doming molestie ea et elitr invidunt magna. Clita sed takimata lorem gubergren. Sit vulputate clita. Dolor vero invidunt. Amet dolor aliquyam sit eos facilisis kasd et ipsum. Gubergren accumsan dolor lobortis molestie ipsum gubergren invidunt lorem rebum et nostrud esse congue. Eirmod gubergren ut odio autem sit minim illum sed ipsum sit consequat elitr stet ea at stet.\nAmet justo vero et duo dolores minim et at et vel eos. Option est aliquip dolore voluptua exerci elitr hendrerit aliquyam diam gubergren consequat. Luptatum vero in ea nonumy accusam wisi amet lorem te no.\nIpsum dolore minim. Eum takimata nulla gubergren et eirmod feugait eos illum invidunt dolor sit et eu rebum ea sed et sed. Dolor et duis et dolor sit sed vero at sadipscing. No vero sadipscing clita. Invidunt zzril consetetur consequat.\n","publishDate":"2022-04-30T20:25:16.1124398+00:00"},{"id":6,"title":"Book 6","description":"Eos labore eu consetetur nonumy lorem lorem invidunt facilisi sit hendrerit eos vero enim euismod tempor diam. Diam ipsum duis at sit consetetur diam eos duo kasd erat nostrud at iusto dolor est in minim lorem. In erat at mazim volutpat dolor amet consectetuer dolor dolor sit. Sit justo no delenit delenit ipsum et eirmod duo.\n","pageCount":600,"excerpt":"In takimata consetetur at est consequat dignissim consequat gubergren dignissim sed ea ea diam et dolor lorem. Nostrud ipsum lorem amet clita sit et ad aliquyam nostrud iriure. Duo euismod consetetur magna. Invidunt in dolores clita nonumy consectetuer kasd ipsum takimata tempor sit. Tempor id sed duo consetetur tempor eros diam lorem. Nostrud amet ullamcorper dolores aliquyam. Dolor duo ipsum. Blandit accusam ea. Esse sit stet. No dolor rebum nonummy euismod invidunt sadipscing rebum esse nonumy sadipscing ut blandit est nobis ut stet. Magna est dolore et illum nonumy takimata voluptua gubergren lorem elitr ea magna sadipscing takimata soluta. Takimata et magna consetetur velit accumsan magna.\nConsetetur eum at. Diam tempor amet nam aliquyam ut est diam dolore sed. Lorem diam minim eos accusam sea amet erat et clita dolor diam magna sanctus vel. Et duis erat sed exerci vel stet kasd est enim hendrerit dolor exerci augue nostrud id. Nulla consetetur kasd clita sadipscing est est amet ut no. Euismod aliquyam qui luptatum et amet labore autem te dolor nulla veniam vel ut. Et sit ipsum accusam diam in amet vero takimata clita ut est clita sea volutpat. Sea consetetur invidunt amet id gubergren elitr. Sea erat dolores lorem labore stet ipsum ipsum vero elitr erat lorem sed enim eos volutpat. Sanctus erat lorem dolor sit et diam sed minim. Est dolor dolor facilisi aliquyam elitr eos augue sea vero ut dolor consetetur sed.\nEt clita ad hendrerit vel accusam consequat iusto dolor consequat nonumy. Sit takimata stet ut gubergren in elitr dolor facilisis clita lorem eum justo dolores dolore magna sed lorem invidunt. Ullamcorper sit ut at elit consequat nam labore rebum rebum ipsum sit et diam et eleifend te delenit. Nobis ipsum lorem justo aliquam stet eu suscipit aliquyam molestie tempor clita amet veniam. Elitr amet vulputate eirmod accusam vero accusam no eirmod stet gubergren ad exerci rebum sit et aliquip rebum duis. Ut nonumy eu luptatum nulla dolores clita eros dolor eum dolor ipsum. Tempor et nisl no aliquam. Dolor magna nulla et takimata tempor nonummy sanctus aliquyam. Dolor luptatum congue. Takimata ad ipsum sit diam tempor est kasd duis clita te gubergren. Elitr accumsan sit clita vero dolore sanctus consetetur vero lorem eos eros consequat amet kasd luptatum.\nAliquyam dolore duis dolore nonumy rebum consetetur et erat molestie at duo. In dolor eos lorem ex amet consequat zzril. Elitr erat labore sed magna volutpat kasd diam consetetur. Ea suscipit adipiscing takimata option no ut nobis justo est odio ipsum tempor nonumy accusam amet. Vero sit aliquyam duo kasd gubergren stet erat. Elit veniam ipsum facilisi eros ipsum vel kasd ipsum stet kasd lobortis. Iriure magna magna volutpat veniam rebum sanctus at erat sea zzril. Tempor erat autem erat lorem dolor duo sed amet sadipscing nulla lorem elit duis blandit elitr voluptua ut takimata. Takimata magna dolores ea invidunt minim dolores lorem vero rebum et qui dolores eleifend.\nDuis et lorem ipsum elitr stet ipsum et. Imperdiet tempor ea rebum rebum wisi stet amet consetetur sit. Amet enim elitr kasd sanctus sit et magna ut nonumy invidunt erat sea diam rebum in velit nonumy dolor. Ea rebum nonummy lobortis tincidunt dolor ut eum. Facilisis duo eos eleifend dolore dolore aliquyam sed tation. Invidunt elitr gubergren sit luptatum feugait no takimata ipsum justo molestie voluptua dolore ipsum takimata. Magna sed justo invidunt no blandit imperdiet vel ipsum et rebum ipsum sadipscing. Dolores lorem erat aliquyam vero lorem justo justo gubergren ipsum ut clita dolores at amet ea. Vero consetetur sit veniam eirmod et dignissim amet liber iriure ut duis.\n","publishDate":"2022-04-29T20:25:16.1125003+00:00"},{"id":7,"title":"Book 7","description":"At ipsum justo ut labore dolor amet at ipsum. Clita aliquyam accusam eirmod autem ea laoreet consequat praesent elit nonumy accusam sit dolore sit ut diam stet velit. Sit ipsum molestie accusam tempor dolor ipsum diam iriure aliquip. Amet sed consetetur blandit nulla amet dolore soluta clita sed et et kasd ut sea sit ipsum iusto. Velit lorem nam clita vulputate vero nulla wisi. Aliquam eirmod eu sed dolores vero nonumy erat molestie justo sit. Kasd erat et dolor dolor lorem aliquam ea consequat sit. Duo no kasd assum stet stet takimata at sed amet zzril labore lorem in elitr amet. Luptatum eu ea aliquyam et accusam feugiat elitr diam gubergren invidunt vero elitr duo lorem vero. Ea dolore nonumy. Te et aliquyam euismod et amet dolore clita dolores feugait voluptua lorem lobortis et justo ipsum et lorem.\n","pageCount":700,"excerpt":"Aliquyam et sit ut wisi invidunt dolore duis gubergren kasd sed gubergren consetetur. Et rebum labore et nonumy est ipsum sit justo ut gubergren et liber ut labore diam duo. Sadipscing eirmod sadipscing molestie duis sadipscing gubergren eirmod duo illum dolore takimata wisi et consetetur. Amet velit stet labore ipsum ut dolor sit enim dolore eum eirmod amet. Vero labore tempor amet et takimata clita.\nAt gubergren in invidunt lorem sadipscing. Et sadipscing diam aliquyam no aliquyam stet labore stet no lorem in lorem kasd nonummy. Tation diam sea ut delenit qui lorem. Sanctus voluptua et nonumy iriure dolore dolore lorem sed ut et cum et invidunt et. Odio elitr aliquip sea dignissim nonummy dolore vulputate erat duis et. Elitr gubergren cum clita consetetur eos at lorem vero at. Dolore kasd amet magna sit at diam ut et dolores quis. Diam justo elitr commodo imperdiet consetetur amet. Sadipscing ipsum consequat sit aliquyam. Dolor quis eirmod kasd nonumy sadipscing. Dolore et sit est takimata stet sed dolor. Nulla augue eu augue rebum dolores sit diam imperdiet est sanctus ea ad commodo nonumy lorem velit et. Vel diam kasd quis sit amet nulla enim erat erat. Ea et sea blandit duo dolor ea dolore commodo erat. Sadipscing vel labore diam ut amet duo dolor. Invidunt dolor et esse invidunt ipsum ut ea ad accumsan erat dolor no takimata nonumy ut sed rebum lorem. Sanctus diam nonumy molestie voluptua dolor sed eu rebum soluta sea rebum sadipscing.\nSadipscing elitr elitr magna amet duo elit eos sed eu duo et facilisis consetetur labore voluptua invidunt. No amet lorem. Tincidunt exerci velit vero accumsan dolor kasd et ex vel autem ipsum aliquyam gubergren lorem et. Nostrud in enim diam sea no rebum accusam molestie magna facilisis nonumy sit wisi. Sanctus takimata consequat et sadipscing no sanctus lorem kasd clita at assum. Et ea iriure diam ipsum commodo wisi eos soluta voluptua aliquam. Et ipsum sed est nisl voluptua et. Rebum vel eos. Amet sed sadipscing magna. Ex ipsum dolores nonumy sed ipsum justo nisl lorem tempor rebum sit clita laoreet. Stet justo sit diam eirmod at diam ut dolor feugait aliquyam sed et delenit kasd stet nostrud et magna. Dolore ipsum vel magna. Est autem lorem diam feugiat sed ipsum consetetur hendrerit rebum ipsum et invidunt no delenit sed stet magna. Diam sea sadipscing elitr esse vero ipsum imperdiet.\nLorem gubergren hendrerit tempor sit et erat justo sit. Feugiat tempor luptatum sit consequat vel justo iusto stet. Lobortis gubergren et aliquyam diam ipsum augue lorem molestie luptatum dolore amet. Ut sanctus lorem tincidunt dignissim vel vero illum tempor duo lobortis et tempor no nonummy gubergren diam labore ea. Delenit ea tempor eirmod diam dolor lorem ex ut eirmod stet dolores magna dolore kasd sed. Vero sit ipsum consequat amet ut lorem et autem lorem nisl. Magna eum magna nostrud et at ipsum justo lorem duis vero ad sea gubergren amet sanctus. Sit sanctus commodo lorem clita dolores dolore sit. Nulla magna eirmod magna aliquyam sadipscing et consequat sadipscing rebum. Facilisis ipsum vulputate diam in dolore sit dolor et sed exerci magna. Nonummy sit magna sea. Dolor eros amet rebum illum dolore. Magna feugait ad erat labore hendrerit dolores justo mazim lorem ipsum et. Ut delenit hendrerit justo sed eirmod diam dolor consetetur dolor labore sit ut euismod tation. Diam sanctus dolore erat aliquyam elit lobortis. Ea accusam invidunt elitr luptatum et rebum. Dolore lorem labore molestie tempor aliquyam eos nihil in veniam lorem stet amet ut voluptua rebum lorem dolore. Invidunt hendrerit tempor clita voluptua. Et lorem et sit ea sed sea dolores sed delenit no id eos consequat et diam labore facilisi.\nConsetetur magna congue amet et justo ut exerci tempor iusto consetetur. No imperdiet amet voluptua ipsum dolor voluptua consequat sit doming iriure. Vel eirmod wisi rebum amet nulla aliquip ipsum. Praesent dolor sed vero vero sed quis diam duo feugait velit suscipit ipsum ipsum autem. Diam tempor sanctus dolore consectetuer magna enim et diam sed cum sit diam rebum imperdiet duo. Sadipscing no delenit et dignissim quis. Duis consetetur clita invidunt takimata et vel sit eos nonumy eirmod clita dolore et nulla invidunt. Accusam duis erat in sed eirmod ipsum rebum volutpat laoreet iriure diam vel no nonumy et. Nisl labore qui nonummy praesent duis feugiat praesent duis dolores voluptua labore dignissim feugiat consequat diam. Amet vero lorem feugait et eos sea eos tation nostrud. Et gubergren rebum lorem velit kasd augue nulla illum ut est amet et elitr duo et at. Stet consetetur ipsum invidunt dolore no. Eos eum volutpat et vero et erat tempor vel elitr ipsum ipsum voluptua augue feugait et accusam. Magna diam sea commodo enim volutpat dolor aliquyam consetetur. Ea eirmod eirmod sed blandit justo feugiat. Sed sea et dolor gubergren congue iusto amet dolor duo ipsum ut lorem. Sed erat dolores invidunt takimata sed sed ipsum ea feugiat delenit aliquam est ullamcorper lorem at soluta.\n","publishDate":"2022-04-28T20:25:16.1125908+00:00"},{"id":8,"title":"Book 8","description":"Amet sanctus in praesent stet. No consetetur dolore et et duis sadipscing vulputate est gubergren nibh kasd sed clita nostrud lorem at. Takimata ea gubergren sea ut eum et ut aliquyam tempor in aliquyam justo augue aliquyam kasd dolor sit. Et et et volutpat sed erat iriure eum rebum ut erat takimata diam aliquyam minim nulla. Ipsum dolor euismod invidunt ea minim et euismod stet et quis clita magna labore ea rebum vero gubergren. Nonumy minim illum. Et ut elitr sed sit magna dolor sea dolor tempor no sed sit commodo consetetur. Esse aliquam sit et nobis invidunt elit labore diam. No luptatum accusam consectetuer eirmod vero at eros sanctus dolor sanctus assum ea autem kasd vero et. Sanctus vero duo elit rebum iriure. Nobis dolores et facilisi in justo sea tempor accusam accusam tempor. Lorem lorem et sit lorem imperdiet elitr nibh dolor at ut est. Ipsum eos consequat. Stet eum sit ipsum et aliquip amet vero et vel dolor volutpat nobis.\n","pageCount":800,"excerpt":"Eos elitr duo voluptua sanctus exerci ipsum labore placerat. Zzril amet sed kasd eu sed. Gubergren nulla sea sadipscing justo eirmod magna no est voluptua. Gubergren diam clita rebum sit sit magna et sed dolor at consequat rebum nostrud erat vel. Sadipscing imperdiet illum labore autem sanctus facilisi elitr vel. Ut lorem tempor feugiat labore esse eu vero nobis vel ut ipsum molestie. Lorem nulla nihil esse eirmod nibh zzril sed et sed et diam facilisis clita. Labore et et aliquyam delenit eros facilisis placerat labore takimata clita eleifend. Exerci lorem vero amet no sit et ea tempor. Est sanctus amet. Commodo vel vero takimata odio volutpat nulla dolores stet stet justo eirmod dolor.\nRebum adipiscing ipsum aliquyam voluptua consequat accusam amet vero dolores augue nulla qui diam aliquip et justo rebum. Stet no lobortis labore congue aliquyam aliquyam consetetur tempor quis voluptua et dolore justo voluptua aliquyam. Consequat diam eos ut magna sit dolor sea sadipscing clita eirmod vero. Minim erat vero vel sea rebum tincidunt erat eirmod labore sit ipsum molestie. Lorem sit et diam no te dolore delenit duis sed sadipscing magna stet accusam. Est duo elitr vel at amet. Dolor invidunt kasd adipiscing. Voluptua autem dolore voluptua consequat feugiat nam lorem clita. Ipsum aliquyam dolore sit sit dolor labore dolor voluptua amet blandit suscipit nobis ea est commodo est enim sit. Sit et sit accusam et et labore ipsum ut sit et duo rebum amet. Kasd blandit consequat dolor enim dolor ut ut magna accusam velit dolor dolor accusam ipsum at elitr molestie. Rebum consetetur dolores clita vero ut volutpat tempor. Voluptua at consectetuer lorem takimata sit consetetur lorem sed vel ut. Amet amet dolore et aliquip justo esse consetetur tincidunt takimata labore ipsum justo elit dolor sadipscing sanctus no. Sit ut gubergren no sanctus accusam ipsum diam erat. Amet ut accusam magna eros lorem lorem invidunt nihil facer lorem dolor kasd ea amet at stet iusto dolor.\nElitr dolore voluptua suscipit amet ut dolor voluptua erat cum erat sea dolores vero takimata sadipscing et quis. Ipsum takimata diam. Erat tempor amet id gubergren. Et amet no dolores at sea magna magna at magna soluta vel dolore aliquam tempor ea invidunt. Et sadipscing dolore est clita commodo takimata sadipscing illum rebum nulla sanctus sit no at amet sit. Adipiscing hendrerit elitr magna est duis at nonumy no sed aliquyam takimata aliquyam kasd amet. Et dolores ipsum erat labore eum sadipscing magna dolor takimata molestie ut invidunt sadipscing sea luptatum vero. Qui amet dolores ut iusto lorem nulla. Elitr consectetuer eu hendrerit et aliquip.\nTempor sea dolor duo. Eirmod volutpat consetetur aliquyam ipsum dolor diam no gubergren labore veniam ut sit quis sanctus nonumy amet sed diam. Dolores est mazim duo zzril diam aliquyam erat dolore sanctus enim duo voluptua iusto. Doming facilisi vulputate vero sea tincidunt in no velit duo. Et amet wisi elit justo erat justo justo feugait commodo at voluptua ipsum hendrerit et. Kasd diam eleifend kasd aliquyam stet sed gubergren ut sit lobortis et sea voluptua. Takimata amet at sea volutpat erat consectetuer odio sit lorem vulputate. Aliquyam dignissim magna tempor sit te erat nibh dolore ut sea erat molestie et eos duo justo. Amet kasd autem sanctus duo autem eos molestie eum dolores ipsum. Clita kasd in kasd lorem vero adipiscing ipsum eirmod nonumy delenit magna. Accusam elitr dolor assum lobortis est rebum. Sadipscing lorem nulla et accumsan praesent lorem lorem et erat stet kasd. Eos et ea sanctus duo elit aliquip aliquam sed est ea commodo clita sed tempor. Amet sea iriure labore eos ex clita duo dolore sea dolor. Duo et ea ut lorem esse lorem clita sed et invidunt ut stet. Invidunt amet clita feugiat. Et dolores no et lorem sit et nonumy tempor et ut eos in sadipscing. Sit justo invidunt clita duo diam amet et et augue vero at accusam at enim dolores justo. Sed accusam ipsum no nobis clita dolor illum aliquyam iriure quis sadipscing in in clita eros vel.\nLorem stet ipsum lobortis voluptua duis. Quis elitr erat magna dignissim sit diam labore zzril sanctus eos eros invidunt clita kasd duo feugiat. Eum diam justo lorem nonummy feugiat. Ea stet diam eirmod feugait et accusam sit consetetur et no nam et at. Dolore in sadipscing ut ipsum accusam ea gubergren labore eum odio luptatum ea eos. Ipsum elit blandit dolor nonumy lorem dolor sit takimata diam et erat sed amet dolor facilisis. Facilisis duo in commodo sanctus at et at sit. Sit facilisis et labore voluptua iriure eos. Dolor tempor dolor et no. Nonumy tempor magna. Sed at et justo sit accusam invidunt ea facilisis accumsan sadipscing suscipit sadipscing. Ipsum sit facer in ut accumsan rebum est ea at eos hendrerit. No sed lorem no justo consetetur vero et no nonumy aliquip et sit ipsum. Stet consequat diam elitr consetetur dolores ea in dolores eum dolor sed tempor. In takimata sit nibh commodo diam et. Duis in sanctus justo no.\n","publishDate":"2022-04-27T20:25:16.1126843+00:00"},{"id":9,"title":"Book 9","description":"Nonumy dolor vel kasd takimata mazim et magna adipiscing vel accusam consetetur et sanctus sit dolores lorem accusam dolore. Dolore suscipit duis. Tempor minim eos labore et duis at iusto ut facilisis sed. Sit stet eu clita stet no consequat erat magna et gubergren nisl. At ut ipsum et amet rebum soluta cum invidunt sed diam aliquam et sed. Eos lorem gubergren ex. Et et sed. Ea enim eos et justo dolore lorem accusam lorem wisi amet. Kasd lorem nostrud ea at no ea et ipsum tation sit luptatum nobis. Et vero lorem nibh lorem gubergren labore takimata consectetuer exerci no adipiscing. Amet tempor et dolore lorem dolore nibh clita. Erat dolor dolor vero sit sit takimata hendrerit feugiat sanctus hendrerit stet et aliquyam dolore clita clita invidunt. Lorem diam dolor accumsan rebum kasd ea dignissim amet euismod dolor labore at stet stet. Ipsum vero aliquyam sea luptatum et diam sit. Elitr lorem aliquyam at accusam et in aliquyam ea sea eirmod.\n","pageCount":900,"excerpt":"Eos stet tempor magna hendrerit stet ut in rebum sit enim sed feugiat nisl luptatum erat tincidunt eirmod. Sit et tempor sed ut no clita accumsan diam est vulputate est consequat ipsum. Ex volutpat accusam ut. Voluptua amet stet eum justo eos et nulla eos sed. Dolor lorem tation vel sed volutpat et dolor dolor magna diam ea dolore dolore aliquyam labore nonumy facilisi. Et at velit magna eos dolore no feugait iusto invidunt ea lorem gubergren sea eirmod amet sit. Sit dolor erat. Justo duo sea consequat erat dolore et eos rebum sed.\nConsetetur kasd diam nonumy labore sit et clita ut et accusam quis rebum est ipsum euismod erat. Accusam gubergren kasd lobortis accusam voluptua lorem consequat gubergren dolore consequat dolores et tempor tempor. Dolores sea sanctus clita elitr et ea praesent consetetur ipsum sit sit et at illum. Quod est takimata takimata et et sea dolores ut wisi ea aliquam vel dolores voluptua. Et wisi nisl tempor tempor duo amet elit iriure in dolor wisi gubergren.\nUt amet sea eos duo aliquyam magna ut. Dolor nonumy voluptua amet tempor ad elitr nulla amet elit clita at lorem eum at. Eos dolor amet takimata sea magna nibh. Sit eirmod qui invidunt consetetur exerci lobortis. Rebum amet ut ipsum hendrerit est. Sit ut justo vero aliquyam sed. Dolore at dolore et stet sea lobortis amet tempor dolor illum tempor vel iusto consetetur et. Tempor voluptua eirmod clita in sea eros lorem justo euismod amet sanctus nonumy. Duis ut eum aliquip consetetur eirmod clita amet dolor labore sit sea accusam. Consequat at at takimata no lobortis justo lorem erat gubergren diam dolores invidunt. Amet facilisis gubergren possim dolor sit vel vel ipsum accusam amet duo et sadipscing erat et et vel consequat. Dolor vulputate lobortis odio quis lobortis et takimata est sit clita diam stet erat sit sit. Ipsum at at consequat ipsum. Lorem nam amet dolore nibh at nam. Aliquyam ipsum amet wisi diam consetetur dolor erat sadipscing stet diam nulla sit tincidunt lobortis est sadipscing elitr vel. Dolore sed exerci nulla sit consetetur amet amet ea et tincidunt et et et vero.\nVel nonummy takimata sea et. Clita nonumy invidunt amet consetetur lorem in iusto. Stet ipsum iriure rebum molestie nostrud sed consetetur. Possim stet facer ut euismod. Magna tempor gubergren elitr kasd sit facer sit dolor vero ea vel velit consetetur sanctus labore in. Sed et stet elitr no at eos ex accusam. Molestie takimata amet eirmod sit eirmod tempor diam eirmod lorem kasd lorem in ut sit.\nVulputate kasd et tempor aliquyam aliquyam diam et accumsan dolor et iriure ut amet et. Et nulla dolores nonumy te accumsan. Suscipit et sit consetetur ipsum labore ipsum nonumy at ut amet dolore tempor. Gubergren eos sit nonumy in est invidunt diam aliquyam ipsum augue nisl dolor lorem magna. Rebum nonummy amet clita at nisl consetetur clita. Amet amet sit option gubergren et ipsum lorem laoreet ea amet consequat sed et justo clita diam invidunt sadipscing. Justo nonummy ipsum sea in est sanctus consequat rebum aliquyam lorem.\n","publishDate":"2022-04-26T20:25:16.1603935+00:00"},{"id":10,"title":"Book 10","description":"Duo amet kasd accumsan et ipsum qui. Nisl diam consequat volutpat ut eos te magna erat. Ut ut zzril amet consequat sit eirmod takimata aliquip sanctus molestie. Nulla clita sed nulla et no sea dolor consetetur. Ut justo ea stet amet sanctus sed amet stet ut amet amet justo dolor gubergren ea. Eu lobortis at labore facilisis sea lorem. Et iriure nibh aliquip dolores eos aliquyam ex vulputate erat. Tempor lorem clita dolore dolor eirmod ipsum. Vero diam elitr tation amet elitr amet quod labore aliquip amet ipsum clita et velit kasd dolore. Lorem iriure euismod et nonummy. Et consequat nostrud erat consequat iusto suscipit erat vero. At sanctus aliquyam voluptua sadipscing. Blandit lorem nulla lorem eirmod et ipsum accusam te consectetuer aliquyam volutpat aliquyam eirmod facilisis no nonummy gubergren. Amet facilisis dolor eos nulla amet et in sed sed praesent ea aliquyam. Diam sadipscing rebum lorem diam.\n","pageCount":1000,"excerpt":"Vel takimata justo ut gubergren. Feugait diam rebum. Vel accusam accusam consetetur rebum rebum at lorem lorem labore dolor takimata erat elitr invidunt. Rebum commodo sed stet vero ipsum stet minim vel et ut velit ipsum no facilisis lorem doming eros vero. Duo diam autem erat eirmod lorem euismod. Sed dolor sed voluptua ipsum kasd vero clita clita dolor voluptua autem takimata diam dolore dolor erat consectetuer volutpat. Iusto nonummy et. Duo elitr nobis tempor ipsum lorem vero justo aliquyam labore labore dolor amet gubergren et dolore labore erat. Consetetur lorem vel. Sed ut est sit stet. Sed at et consequat eos takimata takimata. Et no diam sed sanctus sanctus eos. In eum justo. Velit kasd est nulla dolor eirmod diam diam quis accusam ipsum vel consequat tempor in eros dolores diam. Dolor qui amet consequat no.\nSadipscing dolor rebum ipsum vulputate voluptua. Diam erat laoreet accusam accumsan erat qui. Sit diam aliquyam kasd labore hendrerit qui amet. Voluptua aliquam vulputate dolores nostrud justo dolore veniam dolor invidunt amet autem eos clita option. Magna quod no justo diam consetetur no ipsum molestie. Diam ipsum ipsum sed. At sea enim eos nonumy consequat ea amet nonumy voluptua lorem accusam consetetur sadipscing ipsum lorem kasd. Hendrerit ipsum lorem iriure rebum voluptua magna te odio sit vero. Tempor amet kasd consetetur invidunt diam ipsum diam amet lorem et takimata ipsum tempor amet eirmod ea. Adipiscing nobis amet lorem no est consetetur. Minim hendrerit elitr nostrud et vel no exerci erat at. Ut vero stet in nonumy lorem esse tempor elitr diam eirmod quis sadipscing imperdiet elitr et voluptua. Et dolor sanctus dolores facilisi. Dolor ea ad eirmod soluta autem et sea no in stet ullamcorper duo takimata. Sit elitr duo sit.\nEt eos et eos duis labore aliquyam dolor et diam ut elit amet. Sed ullamcorper consequat cum nulla sit stet sit sit et. Et duo invidunt odio amet eirmod amet tempor accusam rebum et eleifend ea nonumy. Kasd eum takimata sit kasd et wisi. Qui rebum consetetur et elitr ipsum stet ea ipsum dolore dolor sadipscing ea. Quod labore sit ipsum. Erat dolore no est sed augue at diam luptatum sadipscing illum sanctus consectetuer sit. Dolores elitr est esse takimata et no. Blandit enim clita dolor duis et lorem at dolor feugait nostrud est iriure erat sea magna et. Stet et et consectetuer doming diam at elitr. Invidunt quis rebum erat ipsum et molestie. Voluptua vel eu sed vero vel vel nibh eum. Sit diam et et sea duo sanctus possim vel gubergren duo eos hendrerit dolor mazim nonumy sit kasd iusto. Clita labore et velit ipsum autem eirmod consectetuer aliquyam enim et. Ipsum kasd feugiat lorem sanctus dolor odio aliquyam dolores sea elitr at iusto lorem diam takimata est ut kasd. Takimata ipsum gubergren kasd ad.\nIllum aliquyam dolore labore. Aliquyam clita vero. Rebum tempor et praesent diam diam adipiscing eirmod vero est sit ipsum justo clita. Ipsum accusam magna lorem sit est ut luptatum eos accusam takimata lorem vero quod sanctus. Te at amet sit sed ipsum erat. Augue vel dolor labore amet dolore. Stet duo eos. Sea vero stet takimata. Wisi dolore sadipscing aliquyam. Sed takimata consetetur molestie dolor nulla. Qui dolor dolor. Tincidunt enim invidunt amet stet eos et sed sadipscing stet. Sadipscing nostrud et nonummy commodo ipsum sadipscing feugiat sit feugiat dolore ut volutpat feugiat eum illum. Elitr lorem veniam nobis sit. Lorem nonummy voluptua vero elitr labore tincidunt dolor invidunt consequat aliquyam ea dolores no. Kasd gubergren in et illum. Te sed sit lorem dolores congue sit enim consetetur ut veniam sit ipsum lorem ipsum odio no amet. Diam voluptua dolor dolores est rebum dolore in est dolore. Consequat vel sit sadipscing ipsum ipsum kasd eleifend ut aliquip.\nKasd dolores amet duo ipsum quis amet tation. Diam vero takimata sit congue clita euismod kasd lorem gubergren elitr et ut lorem et aliquam et. Est amet augue no diam adipiscing at qui amet ipsum clita vero sed dolore accumsan clita amet exerci. Aliquyam elitr tempor ad diam tempor id justo et et. Sit enim eu gubergren consectetuer dolor et eu erat sea possim consetetur iriure nonumy ea sit dolore takimata dolore. Lorem consetetur aliquyam at sea dolor duis exerci est dolor aliquyam elitr sed. Eos ad gubergren ipsum lorem duis amet stet erat dolore laoreet erat elitr. At feugait stet stet dolore ut stet takimata. Takimata ut magna wisi sea sit sed kasd. Praesent magna sit volutpat ut augue invidunt labore amet sed magna praesent ut iriure. Ut molestie eum nonumy et ipsum sadipscing justo luptatum voluptua lorem ut nulla sed eirmod. Dolor accusam clita delenit nibh sadipscing eos vero. Eum labore eos et te. Nisl sanctus lorem autem eum consequat nonumy amet hendrerit eos clita duo no magna sed nostrud est sea. Erat nihil sanctus dolore zzril in kasd nam diam aliquyam sit accusam duis sanctus facilisi. Sed ex aliquyam duis invidunt clita in qui sanctus eu at ad voluptua.\n","publishDate":"2022-04-25T20:25:16.1604904+00:00"},{"id":11,"title":"Book 11","description":"Dolores consequat ad. Placerat et vero sea sanctus dolore consetetur lorem takimata elitr sit molestie clita. Dolores sit gubergren at iriure nonumy sit ipsum eirmod sed ipsum soluta luptatum iriure vel est sit. Erat hendrerit sit option tempor et at magna. Stet ipsum minim. Kasd dolor kasd gubergren tempor vero quis dolor clita dolore molestie quis amet nostrud accusam et eirmod ipsum. Ut dolore ut diam dolor esse rebum. Sit congue dolor tempor invidunt in eos. Accusam nonumy labore autem magna at dolores ut veniam consectetuer. Ipsum accusam odio lorem. Sit et invidunt et iriure sea gubergren consetetur. Amet no diam et at invidunt et kasd sea magna imperdiet ipsum eleifend eos ea ea lorem diam in. Kasd elitr facilisis amet tempor dolor qui eos sit est. Sed ullamcorper et invidunt ea diam invidunt autem erat dolores veniam clita in.\n","pageCount":1100,"excerpt":"Labore kasd justo sanctus at magna et iriure clita ipsum rebum nonumy nulla voluptua. Magna voluptua lorem dolore enim magna diam eirmod dolor. Ut erat takimata diam blandit magna vero erat sed duo sea velit erat congue sit. Erat clita dolores et eirmod et et veniam aliquip dolores sea et et dolore consetetur vero amet aliquip at. Zzril lorem stet labore takimata ut diam sea iriure eros magna vero ex exerci no sed et sit.\nTakimata veniam diam gubergren et amet sed dolor accumsan labore nonumy feugait. Ea invidunt magna duo ad rebum sit labore ea et erat lorem ipsum elitr nibh. Et molestie lorem accusam. Sit nonumy et dolor dolores. Option lorem gubergren exerci tempor diam et dolore et. At takimata nonumy. Amet et aliquyam dolor clita dolor et qui ut in dolore diam eirmod erat. Dolor gubergren et sit ut delenit rebum luptatum sed tation stet tempor sanctus est sit. Erat kasd dolores consequat esse labore vero labore lorem lorem aliquyam. Suscipit sed dolor ipsum eirmod et clita justo sed sed sit et magna feugait vulputate sanctus. Option et ea. Eirmod dolor aliquyam magna hendrerit autem duo.\nIpsum accusam illum sit sea takimata dolor kasd et eos duo dolore lorem et vero. Odio amet sanctus amet ut duis erat amet ea magna sea labore ex sit ipsum justo dolores. Vel kasd eos vel sit labore sea eirmod dolores duis imperdiet ut et labore magna at et qui nonumy. Et eos kasd sit minim sanctus congue no eu diam hendrerit amet dolores sit invidunt volutpat eos ut consetetur. In dolor praesent aliquip tempor ad vel et feugiat voluptua vero elit erat et et sit illum et. Stet aliquip quis vero stet sea clita ut iriure eos lorem ipsum tempor feugait amet et eos zzril. Rebum dolor sea eirmod ad.\nEst liber sit clita ut autem sit magna ea no ea vulputate dignissim eum voluptua. Ipsum clita at sanctus invidunt. Duo no kasd justo vero sea dolor liber magna sit ut praesent invidunt sed dolore gubergren eum nonumy. Sanctus gubergren est voluptua cum amet ut eirmod elitr sanctus amet nonumy nihil tempor. Eirmod sadipscing aliquip labore vero elitr sed consetetur. Duo aliquyam tempor elitr labore kasd qui ea eos. Magna lorem clita dolore et vero exerci accusam facilisis rebum lorem sea. Invidunt liber lorem nonumy et sit rebum. Diam eleifend diam no vero sea sadipscing ipsum magna tempor nulla elit at duis amet. Kasd at gubergren ut et duo rebum vero gubergren ut dolor volutpat magna accusam ipsum. No clita velit duis invidunt eos dolor luptatum ea dolores dolore at eos. Odio sed diam at sed eros consequat erat diam sadipscing tempor molestie lorem et kasd. Et diam labore sadipscing laoreet stet sanctus nobis nonumy eirmod vero. Et lorem invidunt amet labore amet aliquyam et rebum tempor sadipscing sit sit aliquyam est clita.\nVero magna liber eos amet sanctus at zzril soluta suscipit accusam. Et diam ipsum sea no dolore takimata justo. Ipsum sed sed diam dignissim et et at iriure sea amet lorem vulputate ipsum sadipscing vulputate. Gubergren autem sea justo dolores sed ipsum in vel invidunt elitr kasd et esse est sed no. Nonumy delenit dolor no. Accusam sed sanctus consequat diam illum et dolore diam duo stet. Sadipscing kasd duo consequat vel sadipscing ea takimata ea aliquyam ea. Tempor diam eros gubergren et lorem diam eirmod justo diam clita. Gubergren accumsan accusam sea veniam at ea quod.\n","publishDate":"2022-04-24T20:25:16.1605502+00:00"},{"id":12,"title":"Book 12","description":"Augue sit sit consetetur diam volutpat imperdiet dolor takimata sed voluptua ipsum dolor molestie sea in nonumy eos. Ea takimata et sed est sed amet. Sea kasd vulputate rebum possim tempor et. At enim erat amet at consequat duo et sed molestie clita kasd. Sit eos odio elitr dolores sed sanctus feugiat gubergren elitr justo gubergren. Ea diam esse. Suscipit sed et amet dolore diam gubergren eos ut at nonumy sit eum dolor erat dolores invidunt sea nonumy. Eos esse erat duo erat et eos gubergren laoreet clita velit diam cum sit et labore nonumy eos duo. Veniam justo sit rebum. Dolor rebum nonumy diam voluptua lobortis. Magna et est dolore dolore et wisi et aliquam sit et eos sea clita veniam ad et erat dolor. Elitr eum nibh tempor est kasd eleifend rebum ipsum amet lorem eirmod lorem nulla et tempor. Labore dolor ea et dolor sed veniam accusam nulla invidunt sanctus at erat justo dolore. Hendrerit illum sed.\n","pageCount":1200,"excerpt":"Sit dolor eos tempor stet diam. Et justo et est vero sit aliquip. Feugiat dolore facer invidunt et ea sed dolore gubergren nonumy soluta quis eos. Eirmod sadipscing congue magna autem eirmod esse in et nonumy duo iriure nonumy takimata.\nWisi sit labore ipsum et sed amet at vero ut volutpat est dolor. Erat vel takimata. Justo nonumy sanctus consetetur sanctus ad. Lorem nonumy consequat labore. Iriure molestie facilisis sea liber dolores rebum odio eirmod est duis esse sanctus feugait hendrerit. Enim vero diam hendrerit eirmod facilisis nonumy ea ad tincidunt autem soluta gubergren. Dolore clita laoreet velit takimata aliquyam vel eirmod clita consetetur magna. Eos consequat diam duo accusam magna sed adipiscing sea ipsum eos quis ea justo et clita. Magna diam clita imperdiet. Nulla sanctus ipsum praesent dolores feugait eu ut clita molestie duis. Ea sanctus vero amet qui magna vero eum lorem. Accusam et vero sanctus ad. Sadipscing dolore eirmod justo lobortis sit blandit duo accusam est erat molestie rebum ad invidunt nisl. Sed dolor et esse. Sit quod ullamcorper amet elitr nonumy et magna nonummy aliquyam elitr. Autem option magna sadipscing erat accusam eirmod est at autem. Molestie dolor suscipit lorem enim dolor erat possim vero zzril consetetur invidunt euismod. Et est erat dolor diam doming wisi te. Labore sanctus gubergren ut lorem erat est sed consetetur diam no illum ipsum tempor labore.\nLorem dolore lorem ea eos ad ipsum augue diam. Sadipscing ipsum invidunt lorem luptatum sed delenit odio praesent elitr facilisis elit amet ea. Sit eos magna clita. Duo consetetur lobortis nostrud dolor sadipscing takimata dolore. Sadipscing vero voluptua at elitr nonummy facilisis elitr at facilisis. Tation labore invidunt at ut consequat rebum dolor. Et diam et amet qui ut congue praesent eros dolore et et sanctus elitr velit duo dolor dolor dolor. Labore no iriure amet nonumy ipsum dolores facilisis aliquyam. Gubergren autem eirmod lorem sea sit sea voluptua no. Dolore stet et ipsum qui invidunt. No eum in dolore adipiscing clita nostrud iriure vel erat et elit accusam dolores eos tempor. Erat no magna no ea tempor nostrud diam sadipscing in iriure takimata no sed gubergren ipsum dolor. Erat esse in kasd consectetuer amet.\nElitr tempor enim nam et no at aliquyam. Dolor lorem tempor tincidunt te amet est takimata diam accusam lobortis et assum facilisis diam erat sed tempor praesent. Justo sed odio erat sed at iusto dolore est duo consequat. Aliquyam dolores zzril congue luptatum ipsum eirmod eos ipsum diam et diam. Eirmod lorem tempor tempor nonumy ut luptatum sadipscing sit nonumy tempor labore amet amet dolor nostrud facilisi et ea. Accusam eum molestie erat nihil dolores eirmod. Erat voluptua ea no minim enim lorem vero et consetetur gubergren et dolore sed augue imperdiet consequat ea. Dignissim diam te amet duo ea ipsum et duis dolores dolor nonumy est dolor exerci ipsum nulla vulputate erat. Eos at eos dolores duis lorem esse tempor stet aliquyam voluptua sit. Ipsum dolor enim erat dolore feugiat sadipscing dolor elit kasd takimata dolore sanctus clita molestie takimata sadipscing. Et dolor erat sed diam volutpat clita et delenit vel ea accusam diam sed sit facilisi ut quis consetetur.\nSadipscing dolores nonumy exerci dolor ea molestie placerat elitr delenit magna possim. Eirmod lorem lorem kasd. Amet sanctus ipsum dolore magna magna gubergren quis dolores invidunt vel diam no stet. Nihil quis et diam ea sea soluta. Te facilisi lorem consequat. Et et dolor assum facer et consetetur sadipscing nulla. Accusam takimata dolores et ipsum nihil gubergren eu velit justo clita sit accumsan et dolor. Dolores zzril rebum takimata consetetur ea ut. Takimata quis diam consetetur tempor odio dolor. Et lorem amet enim rebum lorem dignissim ipsum aliquip at sed veniam. Vel augue duis sed gubergren.\n","publishDate":"2022-04-23T20:25:16.1606183+00:00"},{"id":13,"title":"Book 13","description":"Aliquyam accusam amet dolore suscipit accumsan feugiat et exerci ea dolor labore ipsum kasd sadipscing. Stet veniam dolore stet kasd rebum sanctus justo tempor dolor sea magna ea no. Sed et est nonumy amet lobortis diam no. Laoreet sit diam dolore lorem consetetur erat quis sit sadipscing clita doming diam in ut.\n","pageCount":1300,"excerpt":"Option molestie et eu duo eirmod amet duis dolores duo adipiscing accusam sadipscing labore magna ut in ullamcorper. Vero velit accusam exerci accumsan et aliquyam facer dolor sadipscing duo at esse invidunt. Lorem consequat tempor. Lorem erat in nonumy magna et zzril possim vero feugait erat. Ipsum dolores diam sed. Sed voluptua ipsum labore nonumy sed ipsum lorem et consetetur elitr. Sea aliquyam stet justo duo suscipit ea dolores. Nonumy justo sadipscing diam takimata magna. Eirmod dolore sea congue eos veniam. Tation nonumy elitr lorem eu esse lobortis duis et aliquam et et euismod. In dolor nulla at in. Sed et lorem facilisi dolore luptatum tempor dolores. Ut stet duo veniam suscipit ipsum et at liber amet at et eos tempor hendrerit lorem diam stet. Duis aliquyam sit ut. Labore ipsum ut ut cum consectetuer dolore magna. Sed rebum consetetur ut stet vero et no voluptua at hendrerit ea dolore. In molestie ea no stet takimata sit et eos nonumy nibh amet ut blandit clita sed justo erat no. Dolore vero amet amet.\nEa et ipsum stet aliquyam suscipit accusam ut delenit illum amet nonummy vulputate rebum tempor ad et lobortis. At lorem magna dolor duo. At sanctus in kasd ea aliquyam tempor diam amet placerat eros ea magna sea accusam sadipscing volutpat. Clita dolor kasd dolore amet lorem clita eu suscipit nam sit elitr dolor diam tempor dolore sanctus. Aliquyam hendrerit lorem stet sed tempor tempor. Consetetur rebum est doming eos et eos sadipscing blandit.\nSadipscing clita vel ea sed minim. Amet sea nonumy dolore duis eirmod ipsum diam. At nonumy ipsum no sed consetetur justo sed lorem diam rebum autem. Ut no at feugait diam augue facilisi rebum nulla esse autem dolores elitr erat aliquip. Et ut sadipscing suscipit esse eos lorem et ipsum odio lorem iusto takimata dolores dignissim nobis dolore. Accumsan aliquyam sed ipsum amet eos. Ipsum et laoreet sit hendrerit amet luptatum et sit. Dolore dolor sanctus ullamcorper tempor nonumy sanctus. Luptatum option labore ut gubergren nulla magna labore sed in dolore odio duo dolores justo vero facer ea feugiat. Gubergren et et lorem magna aliquyam consetetur stet velit. Tempor sed ut erat duo vero iriure vero takimata sea justo hendrerit eos sit clita nibh rebum. Illum tempor justo et sea et dolor sanctus et invidunt blandit et dignissim dolor ad. Commodo dolore est in dolores sit ipsum eu no eos adipiscing dolor option accusam autem consetetur voluptua. Erat tempor eos ea et.\nSanctus hendrerit te sed labore et consequat. Esse facilisis nonumy no vero sadipscing magna nonumy et stet ut volutpat kasd augue kasd sanctus et. Blandit nonumy sed stet sit nihil accusam esse kasd diam aliquam nibh vero sit ipsum eos voluptua te. Aliquip invidunt quod vero rebum volutpat. Sed clita velit voluptua aliquyam est vel nonumy vulputate. Ipsum ullamcorper in sea justo tempor illum justo esse consetetur nonumy duo et. Invidunt et feugiat justo consetetur gubergren autem stet kasd et rebum sed et nisl exerci volutpat diam invidunt eos. Et dolor dolore adipiscing vel et stet sanctus. Sed lorem lorem velit nobis hendrerit feugiat placerat minim. Sed duis laoreet. Diam sit sed ipsum diam kasd dolores lorem ipsum invidunt lorem justo vel assum amet ipsum. Ipsum tincidunt sit qui labore illum nonumy option. Aliquyam voluptua consetetur sed lorem justo ad ipsum labore ut doming sit ut consetetur euismod tempor sit erat labore. Dignissim diam iriure dolor amet magna et sed. Te clita sit eos stet magna sed euismod kasd. Invidunt at dolore amet rebum takimata dolor clita consequat sanctus sed ullamcorper suscipit eirmod et sed diam. Sit at takimata dolor et invidunt duis takimata feugait eos accusam. Sit sadipscing labore sit ipsum elitr tempor ullamcorper nonummy possim ipsum et exerci. Rebum eirmod et vel ullamcorper ex ut tation vel tempor no nonumy ipsum nibh aliquam.\nDiam in tempor lorem hendrerit eos exerci in quod sed ea at voluptua diam tation facilisi est gubergren. Magna sit ut dolor odio magna eu ipsum nisl no accusam erat invidunt. In eirmod nonummy accusam. Vel et duo sed stet dolor diam adipiscing diam sadipscing dolor sit dolor dolores eos doming tempor. Diam amet et gubergren no sit magna tempor clita minim voluptua ut exerci aliquyam invidunt eos et. Dolor lorem et justo diam enim diam est et elitr elitr erat magna vero ex. Diam et sea molestie sed et facilisis te ut elit ullamcorper suscipit illum accusam dolore. Dolores vero eirmod. Dolor sit accusam invidunt et lorem dolore possim amet et.\n","publishDate":"2022-04-22T20:25:16.1606888+00:00"},{"id":14,"title":"Book 14","description":"Amet ipsum exerci rebum ea amet duo erat. At nonumy amet clita cum lorem ipsum te. Sed duis sed dolor facer invidunt dolores duo enim tempor labore sed. Dolor gubergren invidunt nonumy suscipit. Duo gubergren labore sanctus dolor sadipscing voluptua stet voluptua sed ut blandit labore consetetur sit est.\n","pageCount":1400,"excerpt":"Ea facilisi sed augue sit invidunt duis sit blandit. Aliquip ut gubergren lorem duis. Vero ut sadipscing in diam no delenit laoreet. In erat duo sit aliquyam in duis volutpat sed diam rebum duo eirmod dolor. At et sadipscing. Sadipscing sed sit tempor ut stet ut eirmod kasd congue facer takimata diam molestie vero est takimata sit. Et consetetur sea eirmod ut takimata labore consequat nonumy. Amet ipsum molestie lorem aliquip et dolores diam sadipscing et sanctus amet amet dolor et ut labore erat magna. No sed diam sed accusam sit ut ut consequat kasd amet tincidunt stet diam et nonumy sanctus takimata dolor. Takimata ea zzril stet invidunt diam consetetur in diam consequat sed erat. Vero dolor est et ullamcorper diam stet sit dolore sea. Et nostrud dolore nonumy qui voluptua delenit diam sed esse sea sadipscing quis veniam aliquam. Dolor kasd ea dolores liber assum eirmod eirmod at clita. Blandit rebum sit aliquyam sit diam duo nulla iriure consetetur. Eos ut justo ipsum lorem. Dolores no rebum amet et eirmod.\nAt sea te augue euismod amet. Takimata sed amet eu magna mazim laoreet lorem elitr lorem sed justo sanctus nonumy ea erat elitr et lorem. Et dolore nostrud sit erat tincidunt aliquyam elitr. Accumsan dolor et lorem nonumy dolore consetetur vero. Nonumy sadipscing nostrud est eirmod sit sanctus. Magna rebum kasd gubergren velit nonumy et tation lorem euismod feugiat erat ea dolore stet amet lorem. Autem takimata ipsum et est et takimata nibh erat kasd dolor consetetur nibh rebum. Lorem et et. Eos voluptua sanctus ipsum hendrerit diam sea sit quis ipsum dolor dolor voluptua aliquam et magna ipsum sed ea. Diam accusam gubergren amet kasd kasd et sit. Labore justo sed magna ut feugiat sit elitr no clita voluptua diam quod. Feugiat euismod ea et et vero et. Nisl ea et sed et amet sanctus eirmod lorem invidunt sit kasd rebum rebum amet lorem iriure. At hendrerit diam et. Voluptua zzril tincidunt aliquip diam sit takimata rebum eos ipsum ipsum ipsum. Lorem te sit illum invidunt accusam eum feugait et consectetuer ipsum et dolores ea. Tempor ipsum ad at vulputate sit lorem.\nConsetetur labore hendrerit sadipscing dolore diam et kasd. Ut amet dolore tation elitr ipsum aliquip lorem erat euismod et rebum dolores eos aliquyam eu sed. Diam eum euismod stet et lorem cum nonumy consequat clita laoreet eirmod aliquyam takimata invidunt ut dolore lorem erat. Takimata gubergren erat et volutpat vero rebum dolor diam kasd clita stet vel dolores consectetuer delenit accumsan. Accusam commodo sea ipsum luptatum sadipscing eu sed nonumy voluptua diam sit ullamcorper iriure duis dolores et nulla gubergren. Ea ea invidunt sed aliquyam sadipscing eleifend accumsan duis aliquyam diam sed eu kasd stet stet ipsum. Duis feugiat esse laoreet enim lorem. Sea amet ut. Vero sit et lobortis duo accumsan euismod veniam sit sanctus eos tation sea ipsum lorem justo ut. Eos diam vulputate rebum amet ipsum. Dolor vulputate clita et clita justo facilisi lorem te. Erat ea invidunt. Consequat takimata volutpat invidunt ipsum nonumy duo nulla kasd lorem et labore in eirmod assum nibh erat velit duo. Dolore amet nonumy sit option.\nSit ea no ea blandit amet kasd doming ut et imperdiet. Autem dolor lorem dolor accusam sit dolore vel diam kasd magna sanctus sed aliquip. Sed invidunt duo volutpat erat amet eirmod in et ipsum erat adipiscing labore euismod elitr no et sit kasd. Sea sed dolore ut erat ipsum voluptua rebum sit sit at amet duo justo enim ullamcorper sanctus ea at. No voluptua velit et sed lorem sit duo vel ut sanctus eirmod stet illum vero amet et et eos. Ea et est consequat vero ut luptatum et clita duo vero at. No kasd consequat nonumy sanctus consetetur illum sit takimata sit justo sed tempor. Aliquip consetetur volutpat sea eos amet velit luptatum ut et eos sadipscing sanctus dolor sit.\nSadipscing zzril elit et stet elitr gubergren sed diam sed dolore sed eos tempor. Invidunt molestie clita et minim diam sit sed diam nulla voluptua aliquyam et erat tempor. Et amet amet te nostrud dolore sadipscing duo dignissim facilisi labore kasd est vero ut stet. Amet accusam ipsum aliquyam nostrud stet invidunt elitr et velit.\n","publishDate":"2022-04-21T20:25:16.1607558+00:00"},{"id":15,"title":"Book 15","description":"Sed consetetur ipsum ipsum dolore magna sed eum diam at dolor te duis clita est. Duo euismod et et stet minim amet eos. Vero ea odio no vulputate iriure invidunt lorem eos elitr at ut. Sed at autem esse sanctus diam gubergren elitr vero voluptua exerci te. Quis et eum eos adipiscing augue vero dolor invidunt eum at molestie. Invidunt kasd dolore hendrerit sed sed et. Magna sanctus feugait consequat sadipscing gubergren delenit eros ipsum sea dolore eirmod ea. Dolore est at kasd lorem kasd.\n","pageCount":1500,"excerpt":"Magna lorem dolor eu et lorem magna voluptua commodo erat lorem. Et duo duis labore eirmod tempor amet voluptua aliquam et gubergren aliquyam feugait elitr duis dolore veniam dolores. Rebum clita vulputate vero facer duis dolore nonumy duis erat voluptua stet sit sed ea aliquyam sanctus sanctus diam. Augue et ut duo nulla amet nonummy eirmod. Dolores facilisi eros illum dolor facer. Ut vero consetetur et veniam veniam facilisis. Clita facilisi no gubergren dolor kasd et ut magna sed. Sed consetetur accusam consetetur duis eos et diam et laoreet ea sit. Takimata consetetur dolor sit clita accusam dolor ipsum. Esse takimata vero ut dolores amet sit sit eos dolor. Dolores takimata dolore dignissim et eu ipsum ipsum lorem dolor consetetur minim diam nostrud lorem sit sed tempor. Dolores magna dolor sed ut. Accusam te sanctus. Sed eirmod ex et ipsum et ea consequat. Commodo magna accumsan. Aliquyam no doming ad dolores amet rebum at at elitr amet invidunt. Sit nulla nonumy lorem stet. Elitr sed sea takimata dolore sit elitr in iusto et vero accusam elitr consetetur est sanctus justo. Accusam lorem ea.\nMinim erat sit erat elitr dolore vel duis aliquyam assum vero ad ipsum justo et et dolores at dolor. Te est eirmod at elitr sit kasd kasd gubergren dolor no diam. Consetetur nulla aliquyam amet lorem qui gubergren ipsum aliquyam consetetur consequat duo autem at eirmod invidunt amet est.\nNobis takimata amet sed kasd eirmod at laoreet eos nisl kasd dolore et. Lorem tation dolore et erat sed hendrerit liber diam. Sanctus et ea feugait vero et rebum ipsum aliquyam duis ut ut clita assum labore. Sanctus suscipit aliquyam ut dolore accusam invidunt diam accusam congue amet vero. Eirmod aliquip 
[...]
<status status="PASS" starttime="20220505 13:25:10.349" endtime="20220505 13:25:10.352"/>
</kw>
<kw name="Set Test Variable" library="BuiltIn">
<arg>${RESPOSTA}</arg>
<doc>Makes a variable available everywhere within the scope of the current test.</doc>
<msg timestamp="20220505 13:25:10.353" level="INFO">${RESPOSTA} = &lt;Response [200]&gt;</msg>
<status status="PASS" starttime="20220505 13:25:10.352" endtime="20220505 13:25:10.354"/>
</kw>
<status status="PASS" starttime="20220505 13:25:09.772" endtime="20220505 13:25:10.354"/>
</kw>
<kw name="Conferir se retorna dados corretos do livro 15" library="ResourceApi">
<kw name="Dictionary Should Contain Item" library="Collections">
<arg>${RESPOSTA.json()}</arg>
<arg>id</arg>
<arg>${BOOK_15.ID}</arg>
<doc>An item of ``key`` / ``value`` must be found in a ``dictionary``.</doc>
<status status="PASS" starttime="20220505 13:25:10.369" endtime="20220505 13:25:10.373"/>
</kw>
<kw name="Dictionary Should Contain Item" library="Collections">
<arg>${RESPOSTA.json()}</arg>
<arg>title</arg>
<arg>${BOOK_15.Title}</arg>
<doc>An item of ``key`` / ``value`` must be found in a ``dictionary``.</doc>
<status status="PASS" starttime="20220505 13:25:10.374" endtime="20220505 13:25:10.389"/>
</kw>
<kw name="Dictionary Should Contain Item" library="Collections">
<arg>${RESPOSTA.json()}</arg>
<arg>pageCount</arg>
<arg>${BOOK_15.PageCount}</arg>
<doc>An item of ``key`` / ``value`` must be found in a ``dictionary``.</doc>
<status status="PASS" starttime="20220505 13:25:10.390" endtime="20220505 13:25:10.395"/>
</kw>
<kw name="Should Not Be Empty" library="BuiltIn">
<arg>${RESPOSTA.json()["description"]}</arg>
<doc>Verifies that the given item is not empty.</doc>
<msg timestamp="20220505 13:25:10.398" level="INFO">Length is 218</msg>
<status status="PASS" starttime="20220505 13:25:10.395" endtime="20220505 13:25:10.398"/>
</kw>
<kw name="Should Not Be Empty" library="BuiltIn">
<arg>${RESPOSTA.json()["excerpt"]}</arg>
<doc>Verifies that the given item is not empty.</doc>
<msg timestamp="20220505 13:25:10.407" level="INFO">Length is 4456</msg>
<status status="PASS" starttime="20220505 13:25:10.403" endtime="20220505 13:25:10.407"/>
</kw>
<kw name="Should Not Be Empty" library="BuiltIn">
<arg>${RESPOSTA.json()["publishDate"]}</arg>
<doc>Verifies that the given item is not empty.</doc>
<msg timestamp="20220505 13:25:10.410" level="INFO">Length is 33</msg>
<status status="PASS" starttime="20220505 13:25:10.408" endtime="20220505 13:25:10.410"/>
</kw>
<status status="PASS" starttime="20220505 13:25:10.357" endtime="20220505 13:25:10.411"/>
</kw>
<kw name="Conferir o status code" library="ResourceApi">
<arg>200</arg>
<kw name="Should Be Equal As Strings" library="BuiltIn">
<arg>${RESPOSTA.status_code}</arg>
<arg>${STATUSCODE_DESEJADO}</arg>
<doc>Fails if objects are unequal after converting them to strings.</doc>
<msg timestamp="20220505 13:25:10.430" level="INFO">Argument types are:
&lt;class 'int'&gt;
&lt;class 'str'&gt;</msg>
<status status="PASS" starttime="20220505 13:25:10.427" endtime="20220505 13:25:10.430"/>
</kw>
<status status="PASS" starttime="20220505 13:25:10.416" endtime="20220505 13:25:10.436"/>
</kw>
<kw name="Conferir o reason" library="ResourceApi">
<arg>OK</arg>
<kw name="Should Be Equal As Strings" library="BuiltIn">
<arg>${RESPOSTA.reason}</arg>
<arg>${REASON_DESEJADO}</arg>
<doc>Fails if objects are unequal after converting them to strings.</doc>
<status status="PASS" starttime="20220505 13:25:10.445" endtime="20220505 13:25:10.448"/>
</kw>
<status status="PASS" starttime="20220505 13:25:10.440" endtime="20220505 13:25:10.448"/>
</kw>
<doc>Esse teste realiza o GET em um item especifico na fakeapi</doc>
<tag>GET_ID</tag>
<status status="PASS" starttime="20220505 13:25:09.759" endtime="20220505 13:25:10.459"/>
</test>
<test id="s1-t3" name="Cadastrar novo livro (POST)" line="26">
<kw name="Cadastrar novo livro" library="ResourceApi">
<kw name="Create Dictionary" library="BuiltIn">
<var>${BOOK_201}</var>
<arg>id=201</arg>
<arg>title=Book 201</arg>
<arg>description=teste</arg>
<arg>pageCount=200</arg>
<arg>excerpt=teste</arg>
<arg>publishDate=2020-01-01T00:00:00</arg>
<doc>Creates and returns a dictionary based on the given ``items``.</doc>
<msg timestamp="20220505 13:25:10.489" level="INFO">${BOOK_201} = {'id': '201', 'title': 'Book 201', 'description': 'teste', 'pageCount': '200', 'excerpt': 'teste', 'publishDate': '2020-01-01T00:00:00'}</msg>
<status status="PASS" starttime="20220505 13:25:10.488" endtime="20220505 13:25:10.489"/>
</kw>
<kw name="Set Test Variable" library="BuiltIn">
<arg>${BOOK_201}</arg>
<doc>Makes a variable available everywhere within the scope of the current test.</doc>
<msg timestamp="20220505 13:25:10.491" level="INFO">${BOOK_201} = {'id': '201', 'title': 'Book 201', 'description': 'teste', 'pageCount': '200', 'excerpt': 'teste', 'publishDate': '2020-01-01T00:00:00'}</msg>
<status status="PASS" starttime="20220505 13:25:10.490" endtime="20220505 13:25:10.491"/>
</kw>
<kw name="POST On Session" library="RequestsLibrary">
<var>${RESPOSTA}</var>
<arg>FakeApi</arg>
<arg>Books</arg>
<arg>json=${BOOK_201}</arg>
<arg>headers=${HEADERS}</arg>
<arg>expected_status=200</arg>
<doc>Sends a POST request on a previously created HTTP Session.</doc>
<msg timestamp="20220505 13:25:10.768" level="INFO">POST Request : url=https://fakerestapi.azurewebsites.net/api/v1/Books 
 path_url=/api/v1/Books 
 headers={'User-Agent': 'python-requests/2.27.1', 'Accept-Encoding': 'gzip, deflate', 'Accept': '*/*', 'Connection': 'keep-alive', 'content-type': 'application/json', 'Content-Length': '136'} 
 body=b'{"id": "201", "title": "Book 201", "description": "teste", "pageCount": "200", "excerpt": "teste", "publishDate": "2020-01-01T00:00:00"}' 
 </msg>
<msg timestamp="20220505 13:25:10.768" level="INFO">POST Response : url=https://fakerestapi.azurewebsites.net/api/v1/Books 
 status=200, reason=OK 
 headers={'Transfer-Encoding': 'chunked', 'Content-Type': 'application/json; charset=utf-8; v=1.0', 'Server': 'Kestrel', 'api-supported-versions': '1.0', 'Date': 'Thu, 05 May 2022 20:25:18 GMT'} 
 body={"id":201,"title":"Book 201","description":"teste","pageCount":200,"excerpt":"teste","publishDate":"2020-01-01T00:00:00"} 
 </msg>
<msg timestamp="20220505 13:25:10.768" level="INFO">${RESPOSTA} = &lt;Response [200]&gt;</msg>
<status status="PASS" starttime="20220505 13:25:10.492" endtime="20220505 13:25:10.769"/>
</kw>
<kw name="Log" library="BuiltIn">
<arg>${RESPOSTA.text}</arg>
<doc>Logs the given message with the given level.</doc>
<msg timestamp="20220505 13:25:10.772" level="INFO">{"id":201,"title":"Book 201","description":"teste","pageCount":200,"excerpt":"teste","publishDate":"2020-01-01T00:00:00"}</msg>
<status status="PASS" starttime="20220505 13:25:10.769" endtime="20220505 13:25:10.772"/>
</kw>
<kw name="Set Test Variable" library="BuiltIn">
<arg>${RESPOSTA}</arg>
<doc>Makes a variable available everywhere within the scope of the current test.</doc>
<msg timestamp="20220505 13:25:10.774" level="INFO">${RESPOSTA} = &lt;Response [200]&gt;</msg>
<status status="PASS" starttime="20220505 13:25:10.773" endtime="20220505 13:25:10.774"/>
</kw>
<status status="PASS" starttime="20220505 13:25:10.486" endtime="20220505 13:25:10.775"/>
</kw>
<kw name="Conferir se os dados do novo livro estão corretos" library="ResourceApi">
<kw name="Dictionary Should Contain Item" library="Collections">
<arg>${RESPOSTA.json()}</arg>
<arg>id</arg>
<arg>${BOOK_201.id}</arg>
<doc>An item of ``key`` / ``value`` must be found in a ``dictionary``.</doc>
<status status="PASS" starttime="20220505 13:25:10.783" endtime="20220505 13:25:10.792"/>
</kw>
<kw name="Dictionary Should Contain Item" library="Collections">
<arg>${RESPOSTA.json()}</arg>
<arg>title</arg>
<arg>${BOOK_201.title}</arg>
<doc>An item of ``key`` / ``value`` must be found in a ``dictionary``.</doc>
<status status="PASS" starttime="20220505 13:25:10.792" endtime="20220505 13:25:10.812"/>
</kw>
<kw name="Dictionary Should Contain Item" library="Collections">
<arg>${RESPOSTA.json()}</arg>
<arg>pageCount</arg>
<arg>${BOOK_201.pageCount}</arg>
<doc>An item of ``key`` / ``value`` must be found in a ``dictionary``.</doc>
<status status="PASS" starttime="20220505 13:25:10.812" endtime="20220505 13:25:10.819"/>
</kw>
<kw name="Should Not Be Empty" library="BuiltIn">
<arg>${RESPOSTA.json()["description"]}</arg>
<doc>Verifies that the given item is not empty.</doc>
<msg timestamp="20220505 13:25:10.823" level="INFO">Length is 5</msg>
<status status="PASS" starttime="20220505 13:25:10.820" endtime="20220505 13:25:10.823"/>
</kw>
<kw name="Should Not Be Empty" library="BuiltIn">
<arg>${RESPOSTA.json()["excerpt"]}</arg>
<doc>Verifies that the given item is not empty.</doc>
<msg timestamp="20220505 13:25:10.826" level="INFO">Length is 5</msg>
<status status="PASS" starttime="20220505 13:25:10.823" endtime="20220505 13:25:10.826"/>
</kw>
<kw name="Should Not Be Empty" library="BuiltIn">
<arg>${RESPOSTA.json()["publishDate"]}</arg>
<doc>Verifies that the given item is not empty.</doc>
<msg timestamp="20220505 13:25:10.830" level="INFO">Length is 19</msg>
<status status="PASS" starttime="20220505 13:25:10.827" endtime="20220505 13:25:10.830"/>
</kw>
<status status="PASS" starttime="20220505 13:25:10.778" endtime="20220505 13:25:10.831"/>
</kw>
<kw name="Conferir o status code" library="ResourceApi">
<arg>200</arg>
<kw name="Should Be Equal As Strings" library="BuiltIn">
<arg>${RESPOSTA.status_code}</arg>
<arg>${STATUSCODE_DESEJADO}</arg>
<doc>Fails if objects are unequal after converting them to strings.</doc>
<msg timestamp="20220505 13:25:10.859" level="INFO">Argument types are:
&lt;class 'int'&gt;
&lt;class 'str'&gt;</msg>
<status status="PASS" starttime="20220505 13:25:10.846" endtime="20220505 13:25:10.859"/>
</kw>
<status status="PASS" starttime="20220505 13:25:10.844" endtime="20220505 13:25:10.860"/>
</kw>
<kw name="Conferir o reason" library="ResourceApi">
<arg>OK</arg>
<kw name="Should Be Equal As Strings" library="BuiltIn">
<arg>${RESPOSTA.reason}</arg>
<arg>${REASON_DESEJADO}</arg>
<doc>Fails if objects are unequal after converting them to strings.</doc>
<status status="PASS" starttime="20220505 13:25:10.880" endtime="20220505 13:25:10.883"/>
</kw>
<status status="PASS" starttime="20220505 13:25:10.863" endtime="20220505 13:25:10.885"/>
</kw>
<doc>Esse teste realiza o POST de um item na fakeapi</doc>
<tag>POST</tag>
<status status="PASS" starttime="20220505 13:25:10.477" endtime="20220505 13:25:10.887"/>
</test>
<test id="s1-t4" name="Alterar dados de um livro (PUT)" line="34">
<kw name="Alterar dados do livro &quot;150&quot;" library="ResourceApi" sourcename="Alterar dados do livro &quot;${ID_LIVRO}&quot;">
<kw name="Create Dictionary" library="BuiltIn">
<var>${BOOK_150}</var>
<arg>id=150</arg>
<arg>title=Alterado</arg>
<arg>description=Alterado</arg>
<arg>pageCount=150</arg>
<arg>excerpt=Alterado</arg>
<arg>publishDate=2020-01-01T00:00:00</arg>
<doc>Creates and returns a dictionary based on the given ``items``.</doc>
<msg timestamp="20220505 13:25:10.922" level="INFO">${BOOK_150} = {'id': '150', 'title': 'Alterado', 'description': 'Alterado', 'pageCount': '150', 'excerpt': 'Alterado', 'publishDate': '2020-01-01T00:00:00'}</msg>
<status status="PASS" starttime="20220505 13:25:10.920" endtime="20220505 13:25:10.931"/>
</kw>
<kw name="PUT On Session" library="RequestsLibrary">
<var>${RESPOSTA}</var>
<arg>FakeApi</arg>
<arg>Books/${ID_LIVRO}</arg>
<arg>json=${BOOK_150}</arg>
<arg>headers=${HEADERS}</arg>
<arg>expected_status=200</arg>
<doc>Sends a PUT request on a previously created HTTP Session.</doc>
<msg timestamp="20220505 13:25:11.200" level="INFO">PUT Request : url=https://fakerestapi.azurewebsites.net/api/v1/Books/150 
 path_url=/api/v1/Books/150 
 headers={'User-Agent': 'python-requests/2.27.1', 'Accept-Encoding': 'gzip, deflate', 'Accept': '*/*', 'Connection': 'keep-alive', 'content-type': 'application/json', 'Content-Length': '142'} 
 body=b'{"id": "150", "title": "Alterado", "description": "Alterado", "pageCount": "150", "excerpt": "Alterado", "publishDate": "2020-01-01T00:00:00"}' 
 </msg>
<msg timestamp="20220505 13:25:11.200" level="INFO">PUT Response : url=https://fakerestapi.azurewebsites.net/api/v1/Books/150 
 status=200, reason=OK 
 headers={'Transfer-Encoding': 'chunked', 'Content-Type': 'application/json; charset=utf-8; v=1.0', 'Server': 'Kestrel', 'api-supported-versions': '1.0', 'Date': 'Thu, 05 May 2022 20:25:18 GMT'} 
 body={"id":150,"title":"Alterado","description":"Alterado","pageCount":150,"excerpt":"Alterado","publishDate":"2020-01-01T00:00:00"} 
 </msg>
<msg timestamp="20220505 13:25:11.201" level="INFO">${RESPOSTA} = &lt;Response [200]&gt;</msg>
<status status="PASS" starttime="20220505 13:25:10.931" endtime="20220505 13:25:11.201"/>
</kw>
<kw name="Log" library="BuiltIn">
<arg>${RESPOSTA.text}</arg>
<doc>Logs the given message with the given level.</doc>
<msg timestamp="20220505 13:25:11.204" level="INFO">{"id":150,"title":"Alterado","description":"Alterado","pageCount":150,"excerpt":"Alterado","publishDate":"2020-01-01T00:00:00"}</msg>
<status status="PASS" starttime="20220505 13:25:11.201" endtime="20220505 13:25:11.204"/>
</kw>
<kw name="Set Test Variable" library="BuiltIn">
<arg>${RESPOSTA}</arg>
<doc>Makes a variable available everywhere within the scope of the current test.</doc>
<msg timestamp="20220505 13:25:11.206" level="INFO">${RESPOSTA} = &lt;Response [200]&gt;</msg>
<status status="PASS" starttime="20220505 13:25:11.205" endtime="20220505 13:25:11.206"/>
</kw>
<status status="PASS" starttime="20220505 13:25:10.918" endtime="20220505 13:25:11.206"/>
</kw>
<kw name="Conferir o status code" library="ResourceApi">
<arg>200</arg>
<kw name="Should Be Equal As Strings" library="BuiltIn">
<arg>${RESPOSTA.status_code}</arg>
<arg>${STATUSCODE_DESEJADO}</arg>
<doc>Fails if objects are unequal after converting them to strings.</doc>
<msg timestamp="20220505 13:25:11.226" level="INFO">Argument types are:
&lt;class 'int'&gt;
&lt;class 'str'&gt;</msg>
<status status="PASS" starttime="20220505 13:25:11.223" endtime="20220505 13:25:11.226"/>
</kw>
<status status="PASS" starttime="20220505 13:25:11.210" endtime="20220505 13:25:11.227"/>
</kw>
<kw name="Conferir o reason" library="ResourceApi">
<arg>OK</arg>
<kw name="Should Be Equal As Strings" library="BuiltIn">
<arg>${RESPOSTA.reason}</arg>
<arg>${REASON_DESEJADO}</arg>
<doc>Fails if objects are unequal after converting them to strings.</doc>
<status status="PASS" starttime="20220505 13:25:11.240" endtime="20220505 13:25:11.253"/>
</kw>
<status status="PASS" starttime="20220505 13:25:11.238" endtime="20220505 13:25:11.254"/>
</kw>
<doc>Esse teste realiza o PUT de um item na fakeapi</doc>
<tag>PUT</tag>
<status status="PASS" starttime="20220505 13:25:10.910" endtime="20220505 13:25:11.257"/>
</test>
<test id="s1-t5" name="Deletar um livro (DELETE)" line="41">
<kw name="Deletar o livro &quot;175&quot;" library="ResourceApi" sourcename="Deletar o livro &quot;${ID_LIVRO}&quot;">
<kw name="DELETE On Session" library="RequestsLibrary">
<var>${RESPOSTA}</var>
<arg>FakeApi</arg>
<arg>Books/${ID_LIVRO}</arg>
<arg>expected_status=200</arg>
<doc>Sends a DELETE request on a previously created HTTP Session.</doc>
<msg timestamp="20220505 13:25:11.571" level="INFO">DELETE Request : url=https://fakerestapi.azurewebsites.net/api/v1/Books/175 
 path_url=/api/v1/Books/175 
 headers={'User-Agent': 'python-requests/2.27.1', 'Accept-Encoding': 'gzip, deflate', 'Accept': '*/*', 'Connection': 'keep-alive', 'Content-Length': '0'} 
 body=None 
 </msg>
<msg timestamp="20220505 13:25:11.571" level="INFO">DELETE Response : url=https://fakerestapi.azurewebsites.net/api/v1/Books/175 
 status=200, reason=OK 
 headers={'Server': 'Kestrel', 'api-supported-versions': '1.0', 'Date': 'Thu, 05 May 2022 20:25:19 GMT', 'Content-Length': '0'} 
 body=None 
 </msg>
<msg timestamp="20220505 13:25:11.572" level="INFO">${RESPOSTA} = &lt;Response [200]&gt;</msg>
<status status="PASS" starttime="20220505 13:25:11.286" endtime="20220505 13:25:11.572"/>
</kw>
<kw name="Log" library="BuiltIn">
<arg>${RESPOSTA.text}</arg>
<doc>Logs the given message with the given level.</doc>
<msg timestamp="20220505 13:25:11.575" level="INFO"/>
<status status="PASS" starttime="20220505 13:25:11.572" endtime="20220505 13:25:11.575"/>
</kw>
<kw name="Set Test Variable" library="BuiltIn">
<arg>${RESPOSTA}</arg>
<doc>Makes a variable available everywhere within the scope of the current test.</doc>
<msg timestamp="20220505 13:25:11.577" level="INFO">${RESPOSTA} = &lt;Response [200]&gt;</msg>
<status status="PASS" starttime="20220505 13:25:11.576" endtime="20220505 13:25:11.577"/>
</kw>
<status status="PASS" starttime="20220505 13:25:11.283" endtime="20220505 13:25:11.577"/>
</kw>
<kw name="Conferir o status code" library="ResourceApi">
<arg>200</arg>
<kw name="Should Be Equal As Strings" library="BuiltIn">
<arg>${RESPOSTA.status_code}</arg>
<arg>${STATUSCODE_DESEJADO}</arg>
<doc>Fails if objects are unequal after converting them to strings.</doc>
<msg timestamp="20220505 13:25:11.595" level="INFO">Argument types are:
&lt;class 'int'&gt;
&lt;class 'str'&gt;</msg>
<status status="PASS" starttime="20220505 13:25:11.593" endtime="20220505 13:25:11.596"/>
</kw>
<status status="PASS" starttime="20220505 13:25:11.591" endtime="20220505 13:25:11.596"/>
</kw>
<kw name="Conferir o reason" library="ResourceApi">
<arg>OK</arg>
<kw name="Should Be Equal As Strings" library="BuiltIn">
<arg>${RESPOSTA.reason}</arg>
<arg>${REASON_DESEJADO}</arg>
<doc>Fails if objects are unequal after converting them to strings.</doc>
<status status="PASS" starttime="20220505 13:25:11.619" endtime="20220505 13:25:11.629"/>
</kw>
<status status="PASS" starttime="20220505 13:25:11.611" endtime="20220505 13:25:11.629"/>
</kw>
<kw name="Conferir se deletou o livro &quot;175&quot;" library="ResourceApi" sourcename="Conferir se deletou o livro &quot;${ID_LIVRO}&quot;">
<kw name="Should Be Empty" library="BuiltIn">
<arg>${RESPOSTA.content}</arg>
<doc>Verifies that the given item is empty.</doc>
<msg timestamp="20220505 13:25:11.637" level="INFO">Length is 0</msg>
<status status="PASS" starttime="20220505 13:25:11.633" endtime="20220505 13:25:11.637"/>
</kw>
<status status="PASS" starttime="20220505 13:25:11.632" endtime="20220505 13:25:11.638"/>
</kw>
<doc>Esse teste realiza o DELETE de um item na fakeapi</doc>
<tag>DELETE</tag>
<status status="PASS" starttime="20220505 13:25:11.272" endtime="20220505 13:25:11.650"/>
</test>
<doc>Documentação da api: https://fakerestapi.azurewebsites.net/index.html</doc>
<status status="PASS" starttime="20220505 13:25:06.158" endtime="20220505 13:25:11.680"/>
</suite>
<statistics>
<total>
<stat pass="5" fail="0" skip="0">All Tests</stat>
</total>
<tag>
<stat pass="1" fail="0" skip="0">DELETE</stat>
<stat pass="1" fail="0" skip="0">GET</stat>
<stat pass="1" fail="0" skip="0">GET_ID</stat>
<stat pass="1" fail="0" skip="0">POST</stat>
<stat pass="1" fail="0" skip="0">PUT</stat>
</tag>
<suite>
<stat pass="5" fail="0" skip="0" id="s1" name="TestCasesApiBooks">TestCasesApiBooks</stat>
</suite>
</statistics>
<errors>
</errors>
</robot>
