<?xml version="1.0" encoding="UTF-8"?>
<robot generator="Robot 5.0 (Python 3.8.2 on linux)" generated="20220502 12:50:56.522" rpa="false" schemaversion="3">
<suite id="s1" name="Variavel Como Argumento" source="/home/arlison/RobotFramework/Variaveis/variavel_como_argumento.robot">
<test id="s1-t1" name="Imprimindo um e-mail customizado e aleatório" line="8">
<kw name="Criar e-mail customizado e aleatório">
<var>${EMAIL_CRIADO}</var>
<arg>${PESSOA.nome}</arg>
<arg>${PESSOA.sobrenome}</arg>
<kw name="Generate Random String" library="String">
<var>${ALEATORIA}</var>
<doc>Generates a string with a desired ``length`` from the given ``chars``.</doc>
<msg timestamp="20220502 12:50:56.633" level="INFO">${ALEATORIA} = PStRP20j</msg>
<status status="PASS" starttime="20220502 12:50:56.632" endtime="20220502 12:50:56.634"/>
</kw>
<kw name="Set Variable" library="BuiltIn">
<var>${EMAIL_FINAL}</var>
<arg>${NOME}${SOBRENOME}${ALEATORIA}@testerobot.com</arg>
<doc>Returns the given values which can then be assigned to a variables.</doc>
<msg timestamp="20220502 12:50:56.636" level="INFO">${EMAIL_FINAL} = ArlisonMarreiroPStRP20j@testerobot.com</msg>
<status status="PASS" starttime="20220502 12:50:56.634" endtime="20220502 12:50:56.636"/>
</kw>
<msg timestamp="20220502 12:50:56.637" level="INFO">${EMAIL_CRIADO} = ArlisonMarreiroPStRP20j@testerobot.com</msg>
<status status="PASS" starttime="20220502 12:50:56.626" endtime="20220502 12:50:56.637"/>
</kw>
<kw name="Log To Console" library="BuiltIn">
<arg>${EMAIL_CRIADO}</arg>
<doc>Logs the given message to the console.</doc>
<status status="PASS" starttime="20220502 12:50:56.638" endtime="20220502 12:50:56.639"/>
</kw>
<tag>Variavel</tag>
<status status="PASS" starttime="20220502 12:50:56.623" endtime="20220502 12:50:56.640"/>
</test>
<status status="PASS" starttime="20220502 12:50:56.526" endtime="20220502 12:50:56.642"/>
</suite>
<statistics>
<total>
<stat pass="1" fail="0" skip="0">All Tests</stat>
</total>
<tag>
<stat pass="1" fail="0" skip="0">Variavel</stat>
</tag>
<suite>
<stat pass="1" fail="0" skip="0" id="s1" name="Variavel Como Argumento">Variavel Como Argumento</stat>
</suite>
</statistics>
<errors>
</errors>
</robot>
