<?xml version="1.0" encoding="UTF-8"?>
<robot generator="Robot 5.0 (Python 3.8.2 on linux)" generated="20220426 13:57:04.122" rpa="false" schemaversion="3">
<suite id="s1" name="Amazon Testes Gherkin Bdd" source="/home/arlison/RobotFramework/WebTesting/amazon_testes_gherkin_bdd.robot">
<test id="s1-t1" name="Caso de teste 02 - Pesquisa de um Produto" line="20">
<kw name="Abrir o navegador" library="amazon_resources" type="SETUP">
<kw name="Open Browser" library="SeleniumLibrary">
<arg>browser=${BROWSER}</arg>
<arg>service_log_path=${{os.path.devnull}}</arg>
<doc>Opens a new browser instance to the optional ``url``.</doc>
<msg timestamp="20220426 13:57:04.808" level="INFO">Opening browser 'firefox' to base url 'None'.</msg>
<msg timestamp="20220426 13:57:04.808" level="INFO">Browser driver log file created to: /dev/null</msg>
<status status="PASS" starttime="20220426 13:57:04.803" endtime="20220426 13:57:12.378"/>
</kw>
<kw name="Maximize Browser Window" library="SeleniumLibrary">
<doc>Maximizes current browser window.</doc>
<status status="PASS" starttime="20220426 13:57:12.379" endtime="20220426 13:57:12.680"/>
</kw>
<status status="PASS" starttime="20220426 13:57:04.801" endtime="20220426 13:57:12.680"/>
</kw>
<kw name="Dado que estou na home page da Amazon.com.br" library="amazon_resources">
<kw name="Acessar a home page do site amazon.com.br" library="amazon_resources">
<kw name="Go To" library="SeleniumLibrary">
<arg>url=${URL}</arg>
<doc>Navigates the current browser window to the provided ``url``.</doc>
<msg timestamp="20220426 13:57:12.689" level="INFO">Opening url 'https://www.amazon.com.br/'</msg>
<status status="PASS" starttime="20220426 13:57:12.688" endtime="20220426 13:57:15.408"/>
</kw>
<kw name="Wait Until Element Is Visible" library="SeleniumLibrary">
<arg>xpath=${MENU_ELETRONICOS}</arg>
<doc>Waits until the element ``locator`` is visible.</doc>
<status status="PASS" starttime="20220426 13:57:15.409" endtime="20220426 13:57:16.329"/>
</kw>
<status status="PASS" starttime="20220426 13:57:12.685" endtime="20220426 13:57:16.329"/>
</kw>
<kw name="Verificar se o título da página fica &quot;Amazon.com.br | Tudo pra você, de A a Z.&quot;" library="amazon_resources" sourcename="Verificar se o título da página fica &quot;${TITULO}&quot;">
<kw name="Title Should Be" library="SeleniumLibrary">
<arg>title=${TITULO}</arg>
<doc>Verifies that the current page title equals ``title``.</doc>
<msg timestamp="20220426 13:57:17.076" level="INFO">Page title is 'Amazon.com.br | Tudo pra você, de A a Z.'.</msg>
<status status="PASS" starttime="20220426 13:57:16.332" endtime="20220426 13:57:17.077"/>
</kw>
<status status="PASS" starttime="20220426 13:57:16.330" endtime="20220426 13:57:17.077"/>
</kw>
<status status="PASS" starttime="20220426 13:57:12.684" endtime="20220426 13:57:17.078"/>
</kw>
<kw name="Quando pesquisar pelo produto &quot;Xbox Series S&quot;" library="amazon_resources">
<kw name="Digitar o nome de produto &quot;Xbox Series S&quot; no campo de pesquisa" library="amazon_resources" sourcename="Digitar o nome de produto &quot;${NOME_PESQUISA}&quot; no campo de pesquisa">
<kw name="Wait Until Element Is Visible" library="SeleniumLibrary">
<arg>xpath=${INPUT_PESQUISA}</arg>
<doc>Waits until the element ``locator`` is visible.</doc>
<status status="PASS" starttime="20220426 13:57:17.087" endtime="20220426 13:57:17.828"/>
</kw>
<kw name="Input Text" library="SeleniumLibrary">
<arg>xpath=${INPUT_PESQUISA}</arg>
<arg>${NOME_PESQUISA}</arg>
<doc>Types the given ``text`` into the text field identified by ``locator``.</doc>
<msg timestamp="20220426 13:57:17.830" level="INFO">Typing text 'Xbox Series S' into text field 'xpath=//input[@id='twotabsearchtextbox']'.</msg>
<status status="PASS" starttime="20220426 13:57:17.828" endtime="20220426 13:57:18.916"/>
</kw>
<status status="PASS" starttime="20220426 13:57:17.083" endtime="20220426 13:57:18.917"/>
</kw>
<kw name="Clicar no botão de pesquisa" library="amazon_resources">
<kw name="Click Element" library="SeleniumLibrary">
<arg>${BOTAO_PESQUISA}</arg>
<doc>Click the element identified by ``locator``.</doc>
<msg timestamp="20220426 13:57:18.921" level="INFO">Clicking element '//input[@id='nav-search-submit-button']'.</msg>
<status status="PASS" starttime="20220426 13:57:18.919" endtime="20220426 13:57:32.527"/>
</kw>
<status status="PASS" starttime="20220426 13:57:18.918" endtime="20220426 13:57:32.528"/>
</kw>
<status status="PASS" starttime="20220426 13:57:17.081" endtime="20220426 13:57:32.529"/>
</kw>
<kw name="Então o produto deverá ser listado" library="amazon_resources">
<kw name="Verificar o resultado da pesquisa se esta listando o produto pesquisado" library="amazon_resources">
<kw name="Element Should Be Visible" library="SeleniumLibrary">
<arg>${PRODUTO}</arg>
<doc>Verifies that the element identified by ``locator`` is visible.</doc>
<msg timestamp="20220426 13:57:32.748" level="INFO">Element '(//span[contains(.,'Console Xbox Series S')])[2]' is displayed.</msg>
<status status="PASS" starttime="20220426 13:57:32.551" endtime="20220426 13:57:32.749"/>
</kw>
<status status="PASS" starttime="20220426 13:57:32.545" endtime="20220426 13:57:32.749"/>
</kw>
<status status="PASS" starttime="20220426 13:57:32.537" endtime="20220426 13:57:32.752"/>
</kw>
<kw name="E deverá clicar no produto" library="amazon_resources">
<kw name="Clicar no produto pesquisado" library="amazon_resources">
<kw name="Click Element" library="SeleniumLibrary">
<arg>${PRODUTO}</arg>
<doc>Click the element identified by ``locator``.</doc>
<msg timestamp="20220426 13:57:32.757" level="INFO">Clicking element '(//span[contains(.,'Console Xbox Series S')])[2]'.</msg>
<status status="PASS" starttime="20220426 13:57:32.756" endtime="20220426 13:57:35.809"/>
</kw>
<status status="PASS" starttime="20220426 13:57:32.755" endtime="20220426 13:57:35.810"/>
</kw>
<status status="PASS" starttime="20220426 13:57:32.753" endtime="20220426 13:57:35.810"/>
</kw>
<kw name="Fechar o navegador" library="amazon_resources" type="TEARDOWN">
<kw name="Capture Page Screenshot" library="SeleniumLibrary">
<doc>Takes a screenshot of the current page and embeds it into a log file.</doc>
<msg timestamp="20220426 13:57:37.088" level="INFO" html="true">&lt;/td&gt;&lt;/tr&gt;&lt;tr&gt;&lt;td colspan="3"&gt;&lt;a href="selenium-screenshot-4.png"&gt;&lt;img src="selenium-screenshot-4.png" width="800px"&gt;&lt;/a&gt;</msg>
<status status="PASS" starttime="20220426 13:57:35.821" endtime="20220426 13:57:37.088"/>
</kw>
<kw name="Close Browser" library="SeleniumLibrary">
<doc>Closes the current browser.</doc>
<status status="PASS" starttime="20220426 13:57:37.089" endtime="20220426 13:57:39.787"/>
</kw>
<status status="PASS" starttime="20220426 13:57:35.812" endtime="20220426 13:57:39.788"/>
</kw>
<doc>Esse teste realiza a busca de um produto</doc>
<tag>busca_produtos</tag>
<tag>lista_busca</tag>
<status status="PASS" starttime="20220426 13:57:04.797" endtime="20220426 13:57:39.789"/>
</test>
<doc>Essa suíte teste o site da Amazon.com.br</doc>
<status status="PASS" starttime="20220426 13:57:04.126" endtime="20220426 13:57:39.796"/>
</suite>
<statistics>
<total>
<stat pass="1" fail="0" skip="0">All Tests</stat>
</total>
<tag>
<stat pass="1" fail="0" skip="0">busca_produtos</stat>
<stat pass="1" fail="0" skip="0">lista_busca</stat>
</tag>
<suite>
<stat pass="1" fail="0" skip="0" id="s1" name="Amazon Testes Gherkin Bdd">Amazon Testes Gherkin Bdd</stat>
</suite>
</statistics>
<errors>
</errors>
</robot>
