<?xml version="1.0" encoding="UTF-8"?>
<robot generator="Robot 5.0 (Python 3.8.2 on linux)" generated="20220426 13:07:29.222" rpa="false" schemaversion="3">
<suite id="s1" name="Amazon Testes" source="/home/arlison/RobotFramework/WebTesting/amazon_testes.robot">
<test id="s1-t1" name="Caso de teste 01 - Acesso ao menu &quot;Eletrônicos&quot;" line="10">
<kw name="Abrir o navegador" library="amazon_resources" type="SETUP">
<kw name="Open Browser" library="SeleniumLibrary">
<arg>browser=firefox</arg>
<arg>service_log_path=${{os.path.devnull}}</arg>
<doc>Opens a new browser instance to the optional ``url``.</doc>
<msg timestamp="20220426 13:07:30.003" level="INFO">Opening browser 'firefox' to base url 'None'.</msg>
<msg timestamp="20220426 13:07:30.003" level="INFO">Browser driver log file created to: /dev/null</msg>
<status status="PASS" starttime="20220426 13:07:29.998" endtime="20220426 13:07:37.688"/>
</kw>
<kw name="Maximize Browser Window" library="SeleniumLibrary">
<doc>Maximizes current browser window.</doc>
<status status="PASS" starttime="20220426 13:07:37.690" endtime="20220426 13:07:38.006"/>
</kw>
<status status="PASS" starttime="20220426 13:07:29.992" endtime="20220426 13:07:38.007"/>
</kw>
<kw name="Acessar a home page do site amazon.com.br" library="amazon_resources">
<kw name="Go To" library="SeleniumLibrary">
<arg>url=${URL}</arg>
<doc>Navigates the current browser window to the provided ``url``.</doc>
<msg timestamp="20220426 13:07:38.012" level="INFO">Opening url 'https://www.amazon.com.br/'</msg>
<status status="PASS" starttime="20220426 13:07:38.010" endtime="20220426 13:07:40.594"/>
</kw>
<kw name="Wait Until Element Is Visible" library="SeleniumLibrary">
<arg>xpath=${MENU_ELETRONICOS}</arg>
<doc>Waits until the element ``locator`` is visible.</doc>
<status status="PASS" starttime="20220426 13:07:40.600" endtime="20220426 13:07:41.349"/>
</kw>
<status status="PASS" starttime="20220426 13:07:38.008" endtime="20220426 13:07:41.349"/>
</kw>
<kw name="Verificar se o título da página fica &quot;Amazon.com.br | Tudo pra você, de A a Z.&quot;" library="amazon_resources" sourcename="Verificar se o título da página fica &quot;${TITULO}&quot;">
<kw name="Title Should Be" library="SeleniumLibrary">
<arg>title=${TITULO}</arg>
<doc>Verifies that the current page title equals ``title``.</doc>
<msg timestamp="20220426 13:07:42.052" level="INFO">Page title is 'Amazon.com.br | Tudo pra você, de A a Z.'.</msg>
<status status="PASS" starttime="20220426 13:07:41.354" endtime="20220426 13:07:42.052"/>
</kw>
<status status="PASS" starttime="20220426 13:07:41.352" endtime="20220426 13:07:42.053"/>
</kw>
<kw name="Entrar no menu &quot;Eletrônicos&quot;" library="amazon_resources">
<kw name="Click Element" library="SeleniumLibrary">
<arg>xpath=${MENU_ELETRONICOS}</arg>
<doc>Click the element identified by ``locator``.</doc>
<msg timestamp="20220426 13:07:42.058" level="INFO">Clicking element 'xpath=//a[@href='/Eletronicos-e-Tecnologia/b/?ie=UTF8&amp;node=16209062011&amp;ref_=nav_cs_electronics'][contains(.,'Eletrônicos')]'.</msg>
<status status="PASS" starttime="20220426 13:07:42.057" endtime="20220426 13:07:49.629"/>
</kw>
<status status="PASS" starttime="20220426 13:07:42.054" endtime="20220426 13:07:49.630"/>
</kw>
<kw name="Verificar se aparece a frase &quot;Eletrônicos e Tecnologia&quot;" library="amazon_resources" sourcename="Verificar se aparece a frase &quot;${TEXTO_ELETRONICOS}&quot;">
<kw name="Wait Until Page Contains" library="SeleniumLibrary">
<arg>text=${TEXTO_ELETRONICOS}</arg>
<doc>Waits until ``text`` appears on the current page.</doc>
<status status="PASS" starttime="20220426 13:07:49.636" endtime="20220426 13:07:50.018"/>
</kw>
<kw name="Wait Until Element Is Visible" library="SeleniumLibrary">
<arg>xpath=${H1_ELETRONICOS}</arg>
<doc>Waits until the element ``locator`` is visible.</doc>
<status status="PASS" starttime="20220426 13:07:50.018" endtime="20220426 13:07:51.502"/>
</kw>
<status status="PASS" starttime="20220426 13:07:49.634" endtime="20220426 13:07:51.503"/>
</kw>
<kw name="Verificar se o título da página fica &quot;Eletrônicos e Tecnologia | Amazon.com.br&quot;" library="amazon_resources" sourcename="Verificar se o título da página fica &quot;${TITULO}&quot;">
<kw name="Title Should Be" library="SeleniumLibrary">
<arg>title=${TITULO}</arg>
<doc>Verifies that the current page title equals ``title``.</doc>
<msg timestamp="20220426 13:07:51.531" level="INFO">Page title is 'Eletrônicos e Tecnologia | Amazon.com.br'.</msg>
<status status="PASS" starttime="20220426 13:07:51.519" endtime="20220426 13:07:51.532"/>
</kw>
<status status="PASS" starttime="20220426 13:07:51.513" endtime="20220426 13:07:51.532"/>
</kw>
<kw name="Verificar se aparece a categoria &quot;Computadores e Informática&quot;" library="amazon_resources" sourcename="Verificar se aparece a categoria &quot;${NOME_CATEGORIA}&quot;">
<kw name="Element Should Be Visible" library="SeleniumLibrary">
<arg>xpath=//a[@aria-label='${NOME_CATEGORIA}']</arg>
<doc>Verifies that the element identified by ``locator`` is visible.</doc>
<msg timestamp="20220426 13:07:51.913" level="INFO">Element 'xpath=//a[@aria-label='Computadores e Informática']' is displayed.</msg>
<status status="PASS" starttime="20220426 13:07:51.552" endtime="20220426 13:07:51.914"/>
</kw>
<status status="PASS" starttime="20220426 13:07:51.547" endtime="20220426 13:07:51.914"/>
</kw>
<kw name="Fechar o navegador" library="amazon_resources" type="TEARDOWN">
<kw name="Capture Page Screenshot" library="SeleniumLibrary">
<doc>Takes a screenshot of the current page and embeds it into a log file.</doc>
<msg timestamp="20220426 13:07:52.277" level="INFO" html="true">&lt;/td&gt;&lt;/tr&gt;&lt;tr&gt;&lt;td colspan="3"&gt;&lt;a href="selenium-screenshot-1.png"&gt;&lt;img src="selenium-screenshot-1.png" width="800px"&gt;&lt;/a&gt;</msg>
<status status="PASS" starttime="20220426 13:07:51.917" endtime="20220426 13:07:52.278"/>
</kw>
<kw name="Close Browser" library="SeleniumLibrary">
<doc>Closes the current browser.</doc>
<status status="PASS" starttime="20220426 13:07:52.278" endtime="20220426 13:07:55.107"/>
</kw>
<status status="PASS" starttime="20220426 13:07:51.915" endtime="20220426 13:07:55.108"/>
</kw>
<doc>Esse teste verifica o menu eletrônicos do site Amazon.com.br
e verifica a categoria Computadores e Informática</doc>
<tag>categorias</tag>
<tag>menus</tag>
<status status="PASS" starttime="20220426 13:07:29.985" endtime="20220426 13:07:55.109"/>
</test>
<test id="s1-t2" name="Caso de teste 02 - Pesquisa de um Produto" line="23">
<kw name="Abrir o navegador" library="amazon_resources" type="SETUP">
<kw name="Open Browser" library="SeleniumLibrary">
<arg>browser=firefox</arg>
<arg>service_log_path=${{os.path.devnull}}</arg>
<doc>Opens a new browser instance to the optional ``url``.</doc>
<msg timestamp="20220426 13:07:55.129" level="INFO">Opening browser 'firefox' to base url 'None'.</msg>
<msg timestamp="20220426 13:07:55.129" level="INFO">Browser driver log file created to: /dev/null</msg>
<status status="PASS" starttime="20220426 13:07:55.125" endtime="20220426 13:08:03.536"/>
</kw>
<kw name="Maximize Browser Window" library="SeleniumLibrary">
<doc>Maximizes current browser window.</doc>
<status status="PASS" starttime="20220426 13:08:03.537" endtime="20220426 13:08:03.833"/>
</kw>
<status status="PASS" starttime="20220426 13:07:55.122" endtime="20220426 13:08:03.834"/>
</kw>
<kw name="Acessar a home page do site amazon.com.br" library="amazon_resources">
<kw name="Go To" library="SeleniumLibrary">
<arg>url=${URL}</arg>
<doc>Navigates the current browser window to the provided ``url``.</doc>
<msg timestamp="20220426 13:08:03.841" level="INFO">Opening url 'https://www.amazon.com.br/'</msg>
<status status="PASS" starttime="20220426 13:08:03.839" endtime="20220426 13:08:06.502"/>
</kw>
<kw name="Wait Until Element Is Visible" library="SeleniumLibrary">
<arg>xpath=${MENU_ELETRONICOS}</arg>
<doc>Waits until the element ``locator`` is visible.</doc>
<status status="PASS" starttime="20220426 13:08:06.503" endtime="20220426 13:08:07.367"/>
</kw>
<status status="PASS" starttime="20220426 13:08:03.836" endtime="20220426 13:08:07.367"/>
</kw>
<kw name="Digitar o nome de produto &quot;Xbox Series S&quot; no campo de pesquisa" library="amazon_resources" sourcename="Digitar o nome de produto &quot;${NOME_PESQUISA}&quot; no campo de pesquisa">
<kw name="Wait Until Element Is Visible" library="SeleniumLibrary">
<arg>xpath=${INPUT_PESQUISA}</arg>
<doc>Waits until the element ``locator`` is visible.</doc>
<status status="PASS" starttime="20220426 13:08:07.372" endtime="20220426 13:08:08.490"/>
</kw>
<kw name="Input Text" library="SeleniumLibrary">
<arg>xpath=${INPUT_PESQUISA}</arg>
<arg>${NOME_PESQUISA}</arg>
<doc>Types the given ``text`` into the text field identified by ``locator``.</doc>
<msg timestamp="20220426 13:08:08.492" level="INFO">Typing text 'Xbox Series S' into text field 'xpath=//input[@id='twotabsearchtextbox']'.</msg>
<status status="PASS" starttime="20220426 13:08:08.491" endtime="20220426 13:08:09.090"/>
</kw>
<status status="PASS" starttime="20220426 13:08:07.369" endtime="20220426 13:08:09.091"/>
</kw>
<kw name="Clicar no botão de pesquisa" library="amazon_resources">
<kw name="Click Element" library="SeleniumLibrary">
<arg>${BOTAO_PESQUISA}</arg>
<doc>Click the element identified by ``locator``.</doc>
<msg timestamp="20220426 13:08:09.096" level="INFO">Clicking element '//input[@id='nav-search-submit-button']'.</msg>
<status status="PASS" starttime="20220426 13:08:09.094" endtime="20220426 13:08:12.640"/>
</kw>
<status status="PASS" starttime="20220426 13:08:09.093" endtime="20220426 13:08:12.641"/>
</kw>
<kw name="Verificar o resultado da pesquisa se esta listando o produto pesquisado" library="amazon_resources">
<kw name="Element Should Be Visible" library="SeleniumLibrary">
<arg>${PRODUTO}</arg>
<doc>Verifies that the element identified by ``locator`` is visible.</doc>
<msg timestamp="20220426 13:08:13.117" level="INFO">Element '(//span[contains(.,'Console Xbox Series S')])[2]' is displayed.</msg>
<status status="PASS" starttime="20220426 13:08:12.644" endtime="20220426 13:08:13.118"/>
</kw>
<status status="PASS" starttime="20220426 13:08:12.641" endtime="20220426 13:08:13.119"/>
</kw>
<kw name="Clicar no produto pesquisado" library="amazon_resources">
<kw name="Click Element" library="SeleniumLibrary">
<arg>${PRODUTO}</arg>
<doc>Click the element identified by ``locator``.</doc>
<msg timestamp="20220426 13:08:13.129" level="INFO">Clicking element '(//span[contains(.,'Console Xbox Series S')])[2]'.</msg>
<status status="PASS" starttime="20220426 13:08:13.127" endtime="20220426 13:08:16.786"/>
</kw>
<status status="PASS" starttime="20220426 13:08:13.121" endtime="20220426 13:08:16.787"/>
</kw>
<kw name="Fechar o navegador" library="amazon_resources" type="TEARDOWN">
<kw name="Capture Page Screenshot" library="SeleniumLibrary">
<doc>Takes a screenshot of the current page and embeds it into a log file.</doc>
<msg timestamp="20220426 13:08:17.607" level="INFO" html="true">&lt;/td&gt;&lt;/tr&gt;&lt;tr&gt;&lt;td colspan="3"&gt;&lt;a href="selenium-screenshot-2.png"&gt;&lt;img src="selenium-screenshot-2.png" width="800px"&gt;&lt;/a&gt;</msg>
<status status="PASS" starttime="20220426 13:08:16.805" endtime="20220426 13:08:17.607"/>
</kw>
<kw name="Close Browser" library="SeleniumLibrary">
<doc>Closes the current browser.</doc>
<status status="PASS" starttime="20220426 13:08:17.608" endtime="20220426 13:08:20.516"/>
</kw>
<status status="PASS" starttime="20220426 13:08:16.788" endtime="20220426 13:08:20.517"/>
</kw>
<doc>Esse teste realiza a busca de um produto</doc>
<tag>busca_produtos</tag>
<tag>lista_busca</tag>
<status status="PASS" starttime="20220426 13:07:55.117" endtime="20220426 13:08:20.518"/>
</test>
<doc>Essa suíte teste o site da Amazon.com.br</doc>
<status status="PASS" starttime="20220426 13:07:29.226" endtime="20220426 13:08:20.531"/>
</suite>
<statistics>
<total>
<stat pass="2" fail="0" skip="0">All Tests</stat>
</total>
<tag>
<stat pass="1" fail="0" skip="0">busca_produtos</stat>
<stat pass="1" fail="0" skip="0">categorias</stat>
<stat pass="1" fail="0" skip="0">lista_busca</stat>
<stat pass="1" fail="0" skip="0">menus</stat>
</tag>
<suite>
<stat pass="2" fail="0" skip="0" id="s1" name="Amazon Testes">Amazon Testes</stat>
</suite>
</statistics>
<errors>
</errors>
</robot>
