<?xml version="1.0" encoding="UTF-8"?>
<robot generator="Robot 5.0 (Python 3.8.2 on linux)" generated="20220426 16:08:58.225" rpa="false" schemaversion="3">
<suite id="s1" name="Amazon Testes" source="/home/arlison/RobotFramework/WebTesting/amazon_testes.robot">
<test id="s1-t1" name="Caso de Teste 04 - Remover Produto do Carrinho" line="47">
<kw name="Abrir o navegador" library="amazon_resources" type="SETUP">
<kw name="Open Browser" library="SeleniumLibrary">
<arg>browser=${BROWSER}</arg>
<arg>service_log_path=${{os.path.devnull}}</arg>
<doc>Opens a new browser instance to the optional ``url``.</doc>
<msg timestamp="20220426 16:08:58.984" level="INFO">Opening browser 'firefox' to base url 'None'.</msg>
<msg timestamp="20220426 16:08:58.984" level="INFO">Browser driver log file created to: /dev/null</msg>
<status status="PASS" starttime="20220426 16:08:58.979" endtime="20220426 16:09:06.891"/>
</kw>
<kw name="Maximize Browser Window" library="SeleniumLibrary">
<doc>Maximizes current browser window.</doc>
<status status="PASS" starttime="20220426 16:09:06.893" endtime="20220426 16:09:07.186"/>
</kw>
<status status="PASS" starttime="20220426 16:08:58.977" endtime="20220426 16:09:07.187"/>
</kw>
<kw name="Acessar a home page do site amazon.com.br" library="amazon_resources">
<kw name="Go To" library="SeleniumLibrary">
<arg>url=${URL}</arg>
<doc>Navigates the current browser window to the provided ``url``.</doc>
<msg timestamp="20220426 16:09:07.192" level="INFO">Opening url 'https://www.amazon.com.br/'</msg>
<status status="PASS" starttime="20220426 16:09:07.190" endtime="20220426 16:09:09.943"/>
</kw>
<kw name="Wait Until Element Is Visible" library="SeleniumLibrary">
<arg>xpath=${MENU_ELETRONICOS}</arg>
<doc>Waits until the element ``locator`` is visible.</doc>
<status status="PASS" starttime="20220426 16:09:09.943" endtime="20220426 16:09:10.894"/>
</kw>
<status status="PASS" starttime="20220426 16:09:07.188" endtime="20220426 16:09:10.894"/>
</kw>
<kw name="Digitar o nome de produto &quot;Xbox Series S&quot; no campo de pesquisa" library="amazon_resources" sourcename="Digitar o nome de produto &quot;${NOME_PESQUISA}&quot; no campo de pesquisa">
<kw name="Wait Until Element Is Visible" library="SeleniumLibrary">
<arg>xpath=${INPUT_PESQUISA}</arg>
<doc>Waits until the element ``locator`` is visible.</doc>
<status status="PASS" starttime="20220426 16:09:10.898" endtime="20220426 16:09:11.799"/>
</kw>
<kw name="Input Text" library="SeleniumLibrary">
<arg>xpath=${INPUT_PESQUISA}</arg>
<arg>${NOME_PESQUISA}</arg>
<doc>Types the given ``text`` into the text field identified by ``locator``.</doc>
<msg timestamp="20220426 16:09:11.802" level="INFO">Typing text 'Xbox Series S' into text field 'xpath=//input[@id='twotabsearchtextbox']'.</msg>
<status status="PASS" starttime="20220426 16:09:11.800" endtime="20220426 16:09:13.175"/>
</kw>
<status status="PASS" starttime="20220426 16:09:10.896" endtime="20220426 16:09:13.176"/>
</kw>
<kw name="Clicar no botão de pesquisa" library="amazon_resources">
<kw name="Click Element" library="SeleniumLibrary">
<arg>${BOTAO_PESQUISA}</arg>
<doc>Click the element identified by ``locator``.</doc>
<msg timestamp="20220426 16:09:13.182" level="INFO">Clicking element '//input[@id='nav-search-submit-button']'.</msg>
<status status="PASS" starttime="20220426 16:09:13.180" endtime="20220426 16:09:17.168"/>
</kw>
<status status="PASS" starttime="20220426 16:09:13.177" endtime="20220426 16:09:17.169"/>
</kw>
<kw name="Verificar o resultado da pesquisa se esta listando o produto pesquisado" library="amazon_resources">
<kw name="Element Should Be Visible" library="SeleniumLibrary">
<arg>${PRODUTO}</arg>
<doc>Verifies that the element identified by ``locator`` is visible.</doc>
<msg timestamp="20220426 16:09:18.175" level="INFO">Element '(//span[contains(.,'Console Xbox Series S')])[2]' is displayed.</msg>
<status status="PASS" starttime="20220426 16:09:17.178" endtime="20220426 16:09:18.176"/>
</kw>
<status status="PASS" starttime="20220426 16:09:17.174" endtime="20220426 16:09:18.176"/>
</kw>
<kw name="Clicar no produto pesquisado" library="amazon_resources">
<kw name="Click Element" library="SeleniumLibrary">
<arg>${PRODUTO}</arg>
<doc>Click the element identified by ``locator``.</doc>
<msg timestamp="20220426 16:09:18.191" level="INFO">Clicking element '(//span[contains(.,'Console Xbox Series S')])[2]'.</msg>
<status status="PASS" starttime="20220426 16:09:18.179" endtime="20220426 16:09:22.364"/>
</kw>
<status status="PASS" starttime="20220426 16:09:18.177" endtime="20220426 16:09:22.365"/>
</kw>
<kw name="Adicionar o produto &quot;Console Xbox Series S&quot; no carrinho" library="amazon_resources" sourcename="Adicionar o produto &quot;${PRODUTO}&quot; no carrinho">
<kw name="Click Element" library="SeleniumLibrary">
<arg>id=${ADICIONAR_CARRINHO}</arg>
<doc>Click the element identified by ``locator``.</doc>
<msg timestamp="20220426 16:09:22.388" level="INFO">Clicking element 'id=add-to-cart-button'.</msg>
<status status="PASS" starttime="20220426 16:09:22.379" endtime="20220426 16:09:28.192"/>
</kw>
<status status="PASS" starttime="20220426 16:09:22.377" endtime="20220426 16:09:28.193"/>
</kw>
<kw name="Verificar se o produto &quot;Console Xbox Series S&quot; foi adicionado com sucesso" library="amazon_resources">
<kw name="Element Should Be Visible" library="SeleniumLibrary">
<arg>${ADICIONADO_CARRINHO}</arg>
<doc>Verifies that the element identified by ``locator`` is visible.</doc>
<msg timestamp="20220426 16:09:28.597" level="INFO">Element '//span[contains(.,'Adicionado ao carrinho')]' is displayed.</msg>
<status status="PASS" starttime="20220426 16:09:28.199" endtime="20220426 16:09:28.597"/>
</kw>
<status status="PASS" starttime="20220426 16:09:28.197" endtime="20220426 16:09:28.598"/>
</kw>
<kw name="Remover o produto &quot;Console Xbox Series S&quot; do carrinho" library="amazon_resources" sourcename="Remover o produto &quot;${PRODUTO}&quot; do carrinho">
<kw name="Click Element" library="SeleniumLibrary">
<arg>xpath=${REMOVER_CARRINHO}</arg>
<doc>Click the element identified by ``locator``.</doc>
<msg timestamp="20220426 16:09:28.601" level="INFO">Clicking element 'xpath=//a[contains(@href,'gtc')]'.</msg>
<status status="PASS" starttime="20220426 16:09:28.600" endtime="20220426 16:09:30.576"/>
</kw>
<kw name="Click Element" library="SeleniumLibrary">
<arg>xpath=${EXCLUIR_ITEM}</arg>
<doc>Click the element identified by ``locator``.</doc>
<msg timestamp="20220426 16:09:30.579" level="INFO">Clicking element 'xpath=(//input[contains(@value,'Excluir')])[1]'.</msg>
<status status="PASS" starttime="20220426 16:09:30.577" endtime="20220426 16:09:32.582"/>
</kw>
<status status="PASS" starttime="20220426 16:09:28.598" endtime="20220426 16:09:32.582"/>
</kw>
<kw name="Verificar se o carrinho fica vazio" library="amazon_resources">
<kw name="Element Should Be Visible" library="SeleniumLibrary">
<arg>${CARRINHO_VAZIO}</arg>
<doc>Verifies that the element identified by ``locator`` is visible.</doc>
<msg timestamp="20220426 16:09:33.238" level="INFO">Element '//h2[contains(.,'Seu carrinho da Amazon está vazio')]' is displayed.</msg>
<status status="PASS" starttime="20220426 16:09:32.592" endtime="20220426 16:09:33.239"/>
</kw>
<status status="PASS" starttime="20220426 16:09:32.591" endtime="20220426 16:09:33.239"/>
</kw>
<kw name="Fechar o navegador" library="amazon_resources" type="TEARDOWN">
<kw name="Capture Page Screenshot" library="SeleniumLibrary">
<doc>Takes a screenshot of the current page and embeds it into a log file.</doc>
<msg timestamp="20220426 16:09:34.075" level="INFO" html="true">&lt;/td&gt;&lt;/tr&gt;&lt;tr&gt;&lt;td colspan="3"&gt;&lt;a href="selenium-screenshot-11.png"&gt;&lt;img src="selenium-screenshot-11.png" width="800px"&gt;&lt;/a&gt;</msg>
<status status="PASS" starttime="20220426 16:09:33.250" endtime="20220426 16:09:34.075"/>
</kw>
<kw name="Close Browser" library="SeleniumLibrary">
<doc>Closes the current browser.</doc>
<status status="PASS" starttime="20220426 16:09:34.076" endtime="20220426 16:09:38.208"/>
</kw>
<status status="PASS" starttime="20220426 16:09:33.248" endtime="20220426 16:09:38.209"/>
</kw>
<doc>Esse teste verifica a remoção de um produto no carrinho de compras</doc>
<tag>remover_carrinho</tag>
<status status="PASS" starttime="20220426 16:08:58.973" endtime="20220426 16:09:38.212"/>
</test>
<doc>Essa suíte teste o site da Amazon.com.br</doc>
<status status="PASS" starttime="20220426 16:08:58.229" endtime="20220426 16:09:38.223"/>
</suite>
<statistics>
<total>
<stat pass="1" fail="0" skip="0">All Tests</stat>
</total>
<tag>
<stat pass="1" fail="0" skip="0">remover_carrinho</stat>
</tag>
<suite>
<stat pass="1" fail="0" skip="0" id="s1" name="Amazon Testes">Amazon Testes</stat>
</suite>
</statistics>
<errors>
</errors>
</robot>
