<?xml version="1.0" encoding="UTF-8"?>
<robot generator="Robot 5.0 (Python 3.8.2 on linux)" generated="20220425 16:30:06.855" rpa="false" schemaversion="3">
<suite id="s1" name="Amazon Testes" source="/home/arlison/RobotFramework/WebTesting/amazon_testes.robot">
<test id="s1-t1" name="Caso de teste 01 - Acesso ao menu &quot;Eletrônicos&quot;" line="10">
<kw name="Abrir o navegador" library="amazon_resources" type="SETUP">
<kw name="Open Browser" library="SeleniumLibrary">
<arg>browser=firefox</arg>
<arg>service_log_path=${{os.path.devnull}}</arg>
<doc>Opens a new browser instance to the optional ``url``.</doc>
<msg timestamp="20220425 16:30:07.617" level="INFO">Opening browser 'firefox' to base url 'None'.</msg>
<msg timestamp="20220425 16:30:07.617" level="INFO">Browser driver log file created to: /dev/null</msg>
<status status="PASS" starttime="20220425 16:30:07.613" endtime="20220425 16:30:22.475"/>
</kw>
<kw name="Maximize Browser Window" library="SeleniumLibrary">
<doc>Maximizes current browser window.</doc>
<status status="PASS" starttime="20220425 16:30:22.477" endtime="20220425 16:30:22.804"/>
</kw>
<status status="PASS" starttime="20220425 16:30:07.611" endtime="20220425 16:30:22.805"/>
</kw>
<kw name="Acessar a home page do site amazon.com.br" library="amazon_resources">
<kw name="Go To" library="SeleniumLibrary">
<arg>url=${URL}</arg>
<doc>Navigates the current browser window to the provided ``url``.</doc>
<msg timestamp="20220425 16:30:22.818" level="INFO">Opening url 'https://www.amazon.com.br/'</msg>
<status status="PASS" starttime="20220425 16:30:22.817" endtime="20220425 16:30:28.787"/>
</kw>
<kw name="Wait Until Element Is Visible" library="SeleniumLibrary">
<arg>xpath=${MENU_ELETRONICOS}</arg>
<doc>Waits until the element ``locator`` is visible.</doc>
<status status="PASS" starttime="20220425 16:30:28.787" endtime="20220425 16:30:29.501"/>
</kw>
<status status="PASS" starttime="20220425 16:30:22.808" endtime="20220425 16:30:29.501"/>
</kw>
<kw name="Verificar se o título da página fica &quot;Amazon.com.br | Tudo pra você, de A a Z.&quot;" library="amazon_resources" sourcename="Verificar se o título da página fica &quot;${TITULO}&quot;">
<kw name="Title Should Be" library="SeleniumLibrary">
<arg>title=${TITULO}</arg>
<doc>Verifies that the current page title equals ``title``.</doc>
<msg timestamp="20220425 16:30:29.540" level="INFO">Page title is 'Amazon.com.br | Tudo pra você, de A a Z.'.</msg>
<status status="PASS" starttime="20220425 16:30:29.505" endtime="20220425 16:30:29.540"/>
</kw>
<status status="PASS" starttime="20220425 16:30:29.502" endtime="20220425 16:30:29.541"/>
</kw>
<kw name="Entrar no menu &quot;Eletrônicos&quot;" library="amazon_resources">
<kw name="Click Element" library="SeleniumLibrary">
<arg>xpath=${MENU_ELETRONICOS}</arg>
<doc>Click the element identified by ``locator``.</doc>
<msg timestamp="20220425 16:30:29.554" level="INFO">Clicking element 'xpath=//a[@href='/Eletronicos-e-Tecnologia/b/?ie=UTF8&amp;node=16209062011&amp;ref_=nav_cs_electronics'][contains(.,'Eletrônicos')]'.</msg>
<status status="PASS" starttime="20220425 16:30:29.553" endtime="20220425 16:30:36.986"/>
</kw>
<status status="PASS" starttime="20220425 16:30:29.544" endtime="20220425 16:30:36.987"/>
</kw>
<kw name="Verificar se aparece a frase &quot;Eletrônicos e Tecnologia&quot;" library="amazon_resources" sourcename="Verificar se aparece a frase &quot;${TEXTO_ELETRONICOS}&quot;">
<kw name="Wait Until Page Contains" library="SeleniumLibrary">
<arg>text=${TEXTO_ELETRONICOS}</arg>
<doc>Waits until ``text`` appears on the current page.</doc>
<status status="PASS" starttime="20220425 16:30:37.019" endtime="20220425 16:30:37.475"/>
</kw>
<kw name="Wait Until Element Is Visible" library="SeleniumLibrary">
<arg>xpath=${H1_ELETRONICOS}</arg>
<doc>Waits until the element ``locator`` is visible.</doc>
<status status="PASS" starttime="20220425 16:30:37.477" endtime="20220425 16:30:38.883"/>
</kw>
<status status="PASS" starttime="20220425 16:30:36.995" endtime="20220425 16:30:38.884"/>
</kw>
<kw name="Verificar se o título da página fica &quot;Eletrônicos e Tecnologia | Amazon.com.br&quot;" library="amazon_resources" sourcename="Verificar se o título da página fica &quot;${TITULO}&quot;">
<kw name="Title Should Be" library="SeleniumLibrary">
<arg>title=${TITULO}</arg>
<doc>Verifies that the current page title equals ``title``.</doc>
<msg timestamp="20220425 16:30:38.922" level="INFO">Page title is 'Eletrônicos e Tecnologia | Amazon.com.br'.</msg>
<status status="PASS" starttime="20220425 16:30:38.896" endtime="20220425 16:30:38.923"/>
</kw>
<status status="PASS" starttime="20220425 16:30:38.891" endtime="20220425 16:30:38.923"/>
</kw>
<kw name="Verificar se aparece a categoria &quot;Computadores e Informática&quot;" library="amazon_resources" sourcename="Verificar se aparece a categoria &quot;${NOME_CATEGORIA}&quot;">
<kw name="Element Should Be Visible" library="SeleniumLibrary">
<arg>xpath=//a[@aria-label='${NOME_CATEGORIA}']</arg>
<doc>Verifies that the element identified by ``locator`` is visible.</doc>
<msg timestamp="20220425 16:30:39.318" level="INFO">Element 'xpath=//a[@aria-label='Computadores e Informática']' is displayed.</msg>
<status status="PASS" starttime="20220425 16:30:38.928" endtime="20220425 16:30:39.318"/>
</kw>
<status status="PASS" starttime="20220425 16:30:38.927" endtime="20220425 16:30:39.319"/>
</kw>
<kw name="Fechar o navegador" library="amazon_resources" type="TEARDOWN">
<kw name="Close Browser" library="SeleniumLibrary">
<doc>Closes the current browser.</doc>
<status status="PASS" starttime="20220425 16:30:39.332" endtime="20220425 16:30:41.705"/>
</kw>
<status status="PASS" starttime="20220425 16:30:39.330" endtime="20220425 16:30:41.705"/>
</kw>
<doc>Esse teste verifica o menu eletrônicos do site Amazon.com.br
e verifica a categoria Computadores e Informática</doc>
<tag>categorias</tag>
<tag>menus</tag>
<status status="PASS" starttime="20220425 16:30:07.606" endtime="20220425 16:30:41.706"/>
</test>
<test id="s1-t2" name="Caso de teste 02 - Pesquisa de um Produto" line="23">
<kw name="Abrir o navegador" library="amazon_resources" type="SETUP">
<kw name="Open Browser" library="SeleniumLibrary">
<arg>browser=firefox</arg>
<arg>service_log_path=${{os.path.devnull}}</arg>
<doc>Opens a new browser instance to the optional ``url``.</doc>
<msg timestamp="20220425 16:30:41.722" level="INFO">Opening browser 'firefox' to base url 'None'.</msg>
<msg timestamp="20220425 16:30:41.722" level="INFO">Browser driver log file created to: /dev/null</msg>
<status status="PASS" starttime="20220425 16:30:41.718" endtime="20220425 16:30:50.298"/>
</kw>
<kw name="Maximize Browser Window" library="SeleniumLibrary">
<doc>Maximizes current browser window.</doc>
<status status="PASS" starttime="20220425 16:30:50.299" endtime="20220425 16:30:50.619"/>
</kw>
<status status="PASS" starttime="20220425 16:30:41.716" endtime="20220425 16:30:50.620"/>
</kw>
<kw name="Acessar a home page do site amazon.com.br" library="amazon_resources">
<kw name="Go To" library="SeleniumLibrary">
<arg>url=${URL}</arg>
<doc>Navigates the current browser window to the provided ``url``.</doc>
<msg timestamp="20220425 16:30:50.635" level="INFO">Opening url 'https://www.amazon.com.br/'</msg>
<status status="PASS" starttime="20220425 16:30:50.633" endtime="20220425 16:30:53.537"/>
</kw>
<kw name="Wait Until Element Is Visible" library="SeleniumLibrary">
<arg>xpath=${MENU_ELETRONICOS}</arg>
<doc>Waits until the element ``locator`` is visible.</doc>
<status status="PASS" starttime="20220425 16:30:53.538" endtime="20220425 16:30:55.180"/>
</kw>
<status status="PASS" starttime="20220425 16:30:50.621" endtime="20220425 16:30:55.180"/>
</kw>
<kw name="Digitar o nome de produto &quot;Xbox Series S&quot; no campo de pesquisa" library="amazon_resources" sourcename="Digitar o nome de produto &quot;${NOME_PESQUISA}&quot; no campo de pesquisa">
<kw name="Wait Until Element Is Visible" library="SeleniumLibrary">
<arg>xpath=${INPUT_PESQUISA}</arg>
<doc>Waits until the element ``locator`` is visible.</doc>
<status status="PASS" starttime="20220425 16:30:55.192" endtime="20220425 16:30:55.908"/>
</kw>
<kw name="Input Text" library="SeleniumLibrary">
<arg>xpath=${INPUT_PESQUISA}</arg>
<arg>${NOME_PESQUISA}</arg>
<doc>Types the given ``text`` into the text field identified by ``locator``.</doc>
<msg timestamp="20220425 16:30:55.912" level="INFO">Typing text 'Xbox Series S' into text field 'xpath=//input[@id='twotabsearchtextbox']'.</msg>
<status status="PASS" starttime="20220425 16:30:55.908" endtime="20220425 16:30:56.961"/>
</kw>
<status status="PASS" starttime="20220425 16:30:55.188" endtime="20220425 16:30:56.962"/>
</kw>
<kw name="Clicar no botão de pesquisa" library="amazon_resources">
<kw name="Click Element" library="SeleniumLibrary">
<arg>${BOTAO_PESQUISA}</arg>
<doc>Click the element identified by ``locator``.</doc>
<msg timestamp="20220425 16:30:56.976" level="INFO">Clicking element '//input[@id='nav-search-submit-button']'.</msg>
<status status="PASS" starttime="20220425 16:30:56.971" endtime="20220425 16:31:01.372"/>
</kw>
<status status="PASS" starttime="20220425 16:30:56.963" endtime="20220425 16:31:01.373"/>
</kw>
<kw name="Verificar o resultado da pesquisa se esta listando o produto pesquisado" library="amazon_resources">
<kw name="Element Should Be Visible" library="SeleniumLibrary">
<arg>${PRODUTO}</arg>
<doc>Verifies that the element identified by ``locator`` is visible.</doc>
<msg timestamp="20220425 16:31:02.183" level="INFO">Element '(//span[contains(.,'Console Xbox Series S')])[2]' is displayed.</msg>
<status status="PASS" starttime="20220425 16:31:01.384" endtime="20220425 16:31:02.183"/>
</kw>
<status status="PASS" starttime="20220425 16:31:01.375" endtime="20220425 16:31:02.184"/>
</kw>
<kw name="Clicar no produto pesquisado" library="amazon_resources">
<kw name="Click Element" library="SeleniumLibrary">
<arg>${PRODUTO}</arg>
<doc>Click the element identified by ``locator``.</doc>
<msg timestamp="20220425 16:31:02.196" level="INFO">Clicking element '(//span[contains(.,'Console Xbox Series S')])[2]'.</msg>
<status status="PASS" starttime="20220425 16:31:02.193" endtime="20220425 16:31:06.090"/>
</kw>
<status status="PASS" starttime="20220425 16:31:02.184" endtime="20220425 16:31:06.091"/>
</kw>
<kw name="Fechar o navegador" library="amazon_resources" type="TEARDOWN">
<kw name="Close Browser" library="SeleniumLibrary">
<doc>Closes the current browser.</doc>
<status status="PASS" starttime="20220425 16:31:06.096" endtime="20220425 16:31:09.319"/>
</kw>
<status status="PASS" starttime="20220425 16:31:06.092" endtime="20220425 16:31:09.320"/>
</kw>
<doc>Esse teste realiza a busca de um produto</doc>
<tag>busca_produtos</tag>
<tag>lista_busca</tag>
<status status="PASS" starttime="20220425 16:30:41.711" endtime="20220425 16:31:09.320"/>
</test>
<doc>Essa suíte teste o site da Amazon.com.br</doc>
<status status="PASS" starttime="20220425 16:30:06.859" endtime="20220425 16:31:09.324"/>
</suite>
<statistics>
<total>
<stat pass="2" fail="0" skip="0">All Tests</stat>
</total>
<tag>
<stat pass="1" fail="0" skip="0">busca_produtos</stat>
<stat pass="1" fail="0" skip="0">categorias</stat>
<stat pass="1" fail="0" skip="0">lista_busca</stat>
<stat pass="1" fail="0" skip="0">menus</stat>
</tag>
<suite>
<stat pass="2" fail="0" skip="0" id="s1" name="Amazon Testes">Amazon Testes</stat>
</suite>
</statistics>
<errors>
</errors>
</robot>
