<?xml version="1.0" encoding="UTF-8"?>
<robot generator="Robot 5.0 (Python 3.8.2 on linux)" generated="20220606 20:15:19.309" rpa="false" schemaversion="3">
<suite id="s1" name="Mobile Teste" source="/home/arlison/RobotFramework/MobileTesting/mobile_teste.robot">
<test id="s1-t1" name="Caso de teste 01 - Cadastro" line="7">
<kw name="Dado que eu abra o app" library="mobile_resources">
<kw name="Open Application" library="AppiumLibrary">
<arg>${PATH}</arg>
<arg>platformName=${PLATFORM_NAME}</arg>
<arg>platformVersion=${PLATFORM_VERSION}</arg>
<arg>deviceName=${DEVICE}</arg>
<arg>appPackage=${APP_PACKAGE}</arg>
<arg>appActivity=${APP_ACTIVITY}</arg>
<arg>automationName=${AUTOMATION_NAME}</arg>
<doc>Opens a new application to given Appium server.
Capabilities of appium server, Android and iOS,
Please check https://github.com/appium/appium/blob/master/docs/en/writing-running-appium/server-args.md
| *Option*            | *Man.* | *Description*     |
| remote_url          | Yes    | Appium server url |
| alias               | no     | alias             |</doc>
<status status="PASS" starttime="20220606 20:15:21.064" endtime="20220606 20:15:35.805"/>
</kw>
<status status="PASS" starttime="20220606 20:15:21.063" endtime="20220606 20:15:35.806"/>
</kw>
<kw name="Quando eu clicar em Sign Up e realizar o cadastro" library="mobile_resources">
<kw name="Click Element" library="AppiumLibrary">
<arg>${SIGN_UP_BTN}</arg>
<doc>Click element identified by `locator`.</doc>
<msg timestamp="20220606 20:15:35.873" level="INFO">Clicking element 'chat21.android.demo:id/signup'.</msg>
<status status="PASS" starttime="20220606 20:15:35.814" endtime="20220606 20:15:36.108"/>
</kw>
<kw name="Input Text" library="AppiumLibrary">
<arg>${INPUT_EMAIL}</arg>
<arg>${INPUT_VALUES.email}</arg>
<doc>Types the given `text` into text field identified by `locator`.</doc>
<msg timestamp="20220606 20:15:36.181" level="INFO">Typing text 'teste99@gmail.com' into text field 'chat21.android.demo:id/email'</msg>
<status status="PASS" starttime="20220606 20:15:36.109" endtime="20220606 20:15:37.159"/>
</kw>
<kw name="Input Text" library="AppiumLibrary">
<arg>${INPUT_FIRST_NAME}</arg>
<arg>${INPUT_VALUES.first_name}</arg>
<doc>Types the given `text` into text field identified by `locator`.</doc>
<msg timestamp="20220606 20:15:37.247" level="INFO">Typing text 'Teste' into text field 'chat21.android.demo:id/first_name'</msg>
<status status="PASS" starttime="20220606 20:15:37.159" endtime="20220606 20:15:37.839"/>
</kw>
<kw name="Input Text" library="AppiumLibrary">
<arg>${INPUT_LAST_NAME}</arg>
<arg>${INPUT_VALUES.last_name}</arg>
<doc>Types the given `text` into text field identified by `locator`.</doc>
<msg timestamp="20220606 20:15:37.900" level="INFO">Typing text 'Testando' into text field 'chat21.android.demo:id/last_name'</msg>
<status status="PASS" starttime="20220606 20:15:37.840" endtime="20220606 20:15:38.545"/>
</kw>
<kw name="Input Text" library="AppiumLibrary">
<arg>${INPUT_PASSWORD}</arg>
<arg>${INPUT_VALUES.password}</arg>
<doc>Types the given `text` into text field identified by `locator`.</doc>
<msg timestamp="20220606 20:15:38.645" level="INFO">Typing text '12345678' into text field 'chat21.android.demo:id/password'</msg>
<status status="PASS" starttime="20220606 20:15:38.545" endtime="20220606 20:15:39.185"/>
</kw>
<kw name="Input Text" library="AppiumLibrary">
<arg>${INPUT_REPEAT_PASSWORD}</arg>
<arg>${INPUT_VALUES.password}</arg>
<doc>Types the given `text` into text field identified by `locator`.</doc>
<msg timestamp="20220606 20:15:39.249" level="INFO">Typing text '12345678' into text field 'chat21.android.demo:id/repeat_password'</msg>
<status status="PASS" starttime="20220606 20:15:39.185" endtime="20220606 20:15:39.848"/>
</kw>
<kw name="Click Element" library="AppiumLibrary">
<arg>${SIGN_UP_BTN}</arg>
<doc>Click element identified by `locator`.</doc>
<msg timestamp="20220606 20:15:39.908" level="INFO">Clicking element 'chat21.android.demo:id/signup'.</msg>
<status status="PASS" starttime="20220606 20:15:39.848" endtime="20220606 20:15:40.564"/>
</kw>
<status status="PASS" starttime="20220606 20:15:35.806" endtime="20220606 20:15:40.565"/>
</kw>
<kw name="Então o cadastro deverá ser feito" library="mobile_resources">
<kw name="Wait Until Element Is Visible" library="AppiumLibrary">
<arg>${INPUT_EMAIL}</arg>
<doc>Waits until element specified with `locator` is visible.</doc>
<status status="PASS" starttime="20220606 20:15:40.567" endtime="20220606 20:15:42.195"/>
</kw>
<status status="PASS" starttime="20220606 20:15:40.565" endtime="20220606 20:15:42.196"/>
</kw>
<doc>Esse teste o realiza o cadastro</doc>
<tag>cadastro</tag>
<status status="PASS" starttime="20220606 20:15:21.046" endtime="20220606 20:15:42.208"/>
</test>
<test id="s1-t2" name="Caso de teste 02 - Login" line="14">
<kw name="Dado que eu abra o app" library="mobile_resources">
<kw name="Open Application" library="AppiumLibrary">
<arg>${PATH}</arg>
<arg>platformName=${PLATFORM_NAME}</arg>
<arg>platformVersion=${PLATFORM_VERSION}</arg>
<arg>deviceName=${DEVICE}</arg>
<arg>appPackage=${APP_PACKAGE}</arg>
<arg>appActivity=${APP_ACTIVITY}</arg>
<arg>automationName=${AUTOMATION_NAME}</arg>
<doc>Opens a new application to given Appium server.
Capabilities of appium server, Android and iOS,
Please check https://github.com/appium/appium/blob/master/docs/en/writing-running-appium/server-args.md
| *Option*            | *Man.* | *Description*     |
| remote_url          | Yes    | Appium server url |
| alias               | no     | alias             |</doc>
<status status="PASS" starttime="20220606 20:15:42.264" endtime="20220606 20:15:57.274"/>
</kw>
<status status="PASS" starttime="20220606 20:15:42.263" endtime="20220606 20:15:57.274"/>
</kw>
<kw name="Quando eu digitar os dados e clicar em login" library="mobile_resources">
<kw name="Input Text" library="AppiumLibrary">
<arg>${INPUT_EMAIL}</arg>
<arg>${INPUT_VALUES.email}</arg>
<doc>Types the given `text` into text field identified by `locator`.</doc>
<msg timestamp="20220606 20:15:57.436" level="INFO">Typing text 'teste99@gmail.com' into text field 'chat21.android.demo:id/email'</msg>
<status status="PASS" starttime="20220606 20:15:57.321" endtime="20220606 20:15:57.717"/>
</kw>
<kw name="Input Text" library="AppiumLibrary">
<arg>${INPUT_PASSWORD}</arg>
<arg>${INPUT_VALUES.password}</arg>
<doc>Types the given `text` into text field identified by `locator`.</doc>
<msg timestamp="20220606 20:15:57.796" level="INFO">Typing text '12345678' into text field 'chat21.android.demo:id/password'</msg>
<status status="PASS" starttime="20220606 20:15:57.717" endtime="20220606 20:15:58.354"/>
</kw>
<kw name="Click Element" library="AppiumLibrary">
<arg>${LOGIN_BTN}</arg>
<doc>Click element identified by `locator`.</doc>
<msg timestamp="20220606 20:15:58.392" level="INFO">Clicking element 'chat21.android.demo:id/login'.</msg>
<status status="PASS" starttime="20220606 20:15:58.354" endtime="20220606 20:15:59.078"/>
</kw>
<status status="PASS" starttime="20220606 20:15:57.320" endtime="20220606 20:15:59.078"/>
</kw>
<kw name="Então a tela inicial deverá aparecer" library="mobile_resources">
<kw name="Wait Until Element Is Visible" library="AppiumLibrary">
<arg>${SELECT_CONTACT}</arg>
<doc>Waits until element specified with `locator` is visible.</doc>
<status status="PASS" starttime="20220606 20:15:59.098" endtime="20220606 20:16:02.693"/>
</kw>
<status status="PASS" starttime="20220606 20:15:59.084" endtime="20220606 20:16:02.694"/>
</kw>
<doc>Esse teste realiza o login com o cadastro criado</doc>
<tag>login</tag>
<status status="PASS" starttime="20220606 20:15:42.232" endtime="20220606 20:16:02.696"/>
</test>
<test id="s1-t3" name="Caso de teste 03 - Digitar no chat" line="21">
<kw name="Dado que eu abra o app" library="mobile_resources">
<kw name="Open Application" library="AppiumLibrary">
<arg>${PATH}</arg>
<arg>platformName=${PLATFORM_NAME}</arg>
<arg>platformVersion=${PLATFORM_VERSION}</arg>
<arg>deviceName=${DEVICE}</arg>
<arg>appPackage=${APP_PACKAGE}</arg>
<arg>appActivity=${APP_ACTIVITY}</arg>
<arg>automationName=${AUTOMATION_NAME}</arg>
<doc>Opens a new application to given Appium server.
Capabilities of appium server, Android and iOS,
Please check https://github.com/appium/appium/blob/master/docs/en/writing-running-appium/server-args.md
| *Option*            | *Man.* | *Description*     |
| remote_url          | Yes    | Appium server url |
| alias               | no     | alias             |</doc>
<status status="PASS" starttime="20220606 20:16:02.719" endtime="20220606 20:16:16.525"/>
</kw>
<status status="PASS" starttime="20220606 20:16:02.717" endtime="20220606 20:16:16.548"/>
</kw>
<kw name="Quando eu digitar os dados e clicar em login" library="mobile_resources">
<kw name="Input Text" library="AppiumLibrary">
<arg>${INPUT_EMAIL}</arg>
<arg>${INPUT_VALUES.email}</arg>
<doc>Types the given `text` into text field identified by `locator`.</doc>
<msg timestamp="20220606 20:16:16.696" level="INFO">Typing text 'teste99@gmail.com' into text field 'chat21.android.demo:id/email'</msg>
<status status="PASS" starttime="20220606 20:16:16.573" endtime="20220606 20:16:16.952"/>
</kw>
<kw name="Input Text" library="AppiumLibrary">
<arg>${INPUT_PASSWORD}</arg>
<arg>${INPUT_VALUES.password}</arg>
<doc>Types the given `text` into text field identified by `locator`.</doc>
<msg timestamp="20220606 20:16:17.024" level="INFO">Typing text '12345678' into text field 'chat21.android.demo:id/password'</msg>
<status status="PASS" starttime="20220606 20:16:16.953" endtime="20220606 20:16:17.578"/>
</kw>
<kw name="Click Element" library="AppiumLibrary">
<arg>${LOGIN_BTN}</arg>
<doc>Click element identified by `locator`.</doc>
<msg timestamp="20220606 20:16:17.664" level="INFO">Clicking element 'chat21.android.demo:id/login'.</msg>
<status status="PASS" starttime="20220606 20:16:17.578" endtime="20220606 20:16:18.258"/>
</kw>
<status status="PASS" starttime="20220606 20:16:16.549" endtime="20220606 20:16:18.259"/>
</kw>
<kw name="E clicar em &quot;SELECT A CONTACT&quot;" library="mobile_resources">
<kw name="Wait Until Element Is Visible" library="AppiumLibrary">
<arg>${SELECT_CONTACT}</arg>
<doc>Waits until element specified with `locator` is visible.</doc>
<status status="PASS" starttime="20220606 20:16:18.274" endtime="20220606 20:16:21.986"/>
</kw>
<kw name="Click Element" library="AppiumLibrary">
<arg>${SELECT_CONTACT}</arg>
<doc>Click element identified by `locator`.</doc>
<msg timestamp="20220606 20:16:22.026" level="INFO">Clicking element 'chat21.android.demo:id/direct_message'.</msg>
<status status="PASS" starttime="20220606 20:16:21.987" endtime="20220606 20:16:22.197"/>
</kw>
<kw name="Wait Until Element Is Visible" library="AppiumLibrary">
<arg>${PROFILE_PIC}</arg>
<doc>Waits until element specified with `locator` is visible.</doc>
<status status="PASS" starttime="20220606 20:16:22.198" endtime="20220606 20:16:23.168"/>
</kw>
<kw name="Click Element" library="AppiumLibrary">
<arg>${PROFILE_PIC}</arg>
<doc>Click element identified by `locator`.</doc>
<msg timestamp="20220606 20:16:23.209" level="INFO">Clicking element 'chat21.android.demo:id/profile_picture'.</msg>
<status status="PASS" starttime="20220606 20:16:23.173" endtime="20220606 20:16:23.396"/>
</kw>
<status status="PASS" starttime="20220606 20:16:18.273" endtime="20220606 20:16:23.397"/>
</kw>
<kw name="E digitar um texto" library="mobile_resources">
<kw name="Input Text" library="AppiumLibrary">
<arg>${SEND_KEYS}</arg>
<arg>${MESSAGE}</arg>
<doc>Types the given `text` into text field identified by `locator`.</doc>
<msg timestamp="20220606 20:16:23.466" level="INFO">Typing text 'Olá, essa mensagem é um teste!!!' into text field 'chat21.android.demo:id/main_activity_chat_bottom_message_edittext'</msg>
<status status="PASS" starttime="20220606 20:16:23.399" endtime="20220606 20:16:24.377"/>
</kw>
<kw name="Click Element" library="AppiumLibrary">
<arg>${SEND_MESSAGE}</arg>
<doc>Click element identified by `locator`.</doc>
<msg timestamp="20220606 20:16:24.442" level="INFO">Clicking element 'chat21.android.demo:id/main_activity_send'.</msg>
<status status="PASS" starttime="20220606 20:16:24.378" endtime="20220606 20:16:25.104"/>
</kw>
<status status="PASS" starttime="20220606 20:16:23.397" endtime="20220606 20:16:25.104"/>
</kw>
<kw name="Então a mensagem devera ser enviada" library="mobile_resources">
<kw name="Wait Until Element Is Visible" library="AppiumLibrary">
<arg>${SENDED_MESSAGE}</arg>
<doc>Waits until element specified with `locator` is visible.</doc>
<status status="PASS" starttime="20220606 20:16:25.120" endtime="20220606 20:16:25.820"/>
</kw>
<status status="PASS" starttime="20220606 20:16:25.108" endtime="20220606 20:16:25.820"/>
</kw>
<doc>Esse teste verifica a função de chat</doc>
<tag>chat</tag>
<status status="PASS" starttime="20220606 20:16:02.711" endtime="20220606 20:16:25.839"/>
</test>
<doc>Essa suíte testa o app Chat21</doc>
<status status="PASS" starttime="20220606 20:15:19.335" endtime="20220606 20:16:25.868"/>
</suite>
<statistics>
<total>
<stat pass="3" fail="0" skip="0">All Tests</stat>
</total>
<tag>
<stat pass="1" fail="0" skip="0">cadastro</stat>
<stat pass="1" fail="0" skip="0">chat</stat>
<stat pass="1" fail="0" skip="0">login</stat>
</tag>
<suite>
<stat pass="3" fail="0" skip="0" id="s1" name="Mobile Teste">Mobile Teste</stat>
</suite>
</statistics>
<errors>
</errors>
</robot>
